2019-12-11 23:55:33 +0000  Initial pipeline context: <IDEDistributionProcessingPipelineContext: 0x7fe4e8e68dd0; archive(resolved)='<IDEArchive: 0x7fe4d60f3f60>', distributionTask(resolved)='2', distributionDestination(resolved)='1', distributionMethod(resolved)='<IDEDistributionMethodDevelopmentSigned: 0x7fe4d55a3340>', team(resolved)='<IDEProvisioningDisambiguatableBasicTeam: 0x7fe4ddeb8ba0; teamID='FF48ESATNC', teamName='Matthew Weir', teamType='Individual', username='mattweir73@gmail.com', isFreeProvisioningTeam='0'>'>
	Chain (12, self inclusive):
	<IDEDistributionProcessingPipelineContext: 0x7fe4e8e68dd0; archive = '<IDEArchive: 0x7fe4d60f3f60>', distributionMethod='<IDEDistributionMethodDevelopmentSigned: 0x7fe4d55a3340>', team='<IDEProvisioningDisambiguatableBasicTeam: 0x7fe4ddeb8ba0; teamID='FF48ESATNC', teamName='Matthew Weir', teamType='Individual', username='mattweir73@gmail.com', isFreeProvisioningTeam='0'>'>
	<IDEDistributionProcessingPipelineContext: 0x7fe4d5bc62c0; archive = '<IDEArchive: 0x7fe4d60f3f60>', distributionMethod='<IDEDistributionMethodDevelopmentSigned: 0x7fe4d55a3340>', team='<IDEProvisioningDisambiguatableBasicTeam: 0x7fe4ddeb8ba0; teamID='FF48ESATNC', teamName='Matthew Weir', teamType='Individual', username='mattweir73@gmail.com', isFreeProvisioningTeam='0'>'>
	<IDEDistributionContext: 0x7fe4d217a6c0; archive = '<IDEArchive: 0x7fe4d60f3f60>', distributionMethod='<IDEDistributionMethodDevelopmentSigned: 0x7fe4d55a3340>', team='<IDEProvisioningDisambiguatableBasicTeam: 0x7fe4ddeb8ba0; teamID='FF48ESATNC', teamName='Matthew Weir', teamType='Individual', username='mattweir73@gmail.com', isFreeProvisioningTeam='0'>'>
	<IDEDistributionContext: 0x7fe4d0c9ef10; archive = '<IDEArchive: 0x7fe4d60f3f60>', distributionMethod='<IDEDistributionMethodDevelopmentSigned: 0x7fe4d55a3340>', team='<IDEProvisioningDisambiguatableBasicTeam: 0x7fe4ddeb8ba0; teamID='FF48ESATNC', teamName='Matthew Weir', teamType='Individual', username='mattweir73@gmail.com', isFreeProvisioningTeam='0'>'>
	<IDEDistributionContext: 0x7fe4ed5250a0; archive = '<IDEArchive: 0x7fe4d60f3f60>', distributionMethod='<IDEDistributionMethodDevelopmentSigned: 0x7fe4d55a3340>', team='<IDEProvisioningDisambiguatableBasicTeam: 0x7fe4ddeb8ba0; teamID='FF48ESATNC', teamName='Matthew Weir', teamType='Individual', username='mattweir73@gmail.com', isFreeProvisioningTeam='0'>'>
	<IDEDistributionContext: 0x7fe4e8ecdad0; archive = '<IDEArchive: 0x7fe4d60f3f60>', distributionMethod='<IDEDistributionMethodDevelopmentSigned: 0x7fe4d55a3340>', team='<IDEProvisioningDisambiguatableBasicTeam: 0x7fe4ddeb8ba0; teamID='FF48ESATNC', teamName='Matthew Weir', teamType='Individual', username='mattweir73@gmail.com', isFreeProvisioningTeam='0'>'>
	<IDEDistributionContext: 0x7fe4d8108340; archive = '<IDEArchive: 0x7fe4d60f3f60>', distributionMethod='<IDEDistributionMethodDevelopmentSigned: 0x7fe4d55a3340>', team='<IDEProvisioningDisambiguatableBasicTeam: 0x7fe4ddeb8ba0; teamID='FF48ESATNC', teamName='Matthew Weir', teamType='Individual', username='mattweir73@gmail.com', isFreeProvisioningTeam='0'>'>
	<IDEDistributionContext: 0x7fe4d1ac23c0; archive = '<IDEArchive: 0x7fe4d60f3f60>', distributionMethod='<IDEDistributionMethodDevelopmentSigned: 0x7fe4d55a3340>', team='<IDEProvisioningDisambiguatableBasicTeam: 0x7fe4ddeb8ba0; teamID='FF48ESATNC', teamName='Matthew Weir', teamType='Individual', username='mattweir73@gmail.com', isFreeProvisioningTeam='0'>'>
	<IDEDistributionContext: 0x7fe4d8371f20; archive = '<IDEArchive: 0x7fe4d60f3f60>', distributionMethod='<IDEDistributionMethodDevelopmentSigned: 0x7fe4d55a3340>', team='<IDEProvisioningDisambiguatableBasicTeam: 0x7fe4ddeb8ba0; teamID='FF48ESATNC', teamName='Matthew Weir', teamType='Individual', username='mattweir73@gmail.com', isFreeProvisioningTeam='0'>'>
	<IDEDistributionContext: 0x7fe4d83acf40; archive = '<IDEArchive: 0x7fe4d60f3f60>', distributionMethod='<IDEDistributionMethodDevelopmentSigned: 0x7fe4d55a3340>', team='(null)'>
	<IDEDistributionContext: 0x7fe4d0e5c700; archive = '<IDEArchive: 0x7fe4d60f3f60>', distributionMethod='<IDEDistributionMethodDevelopmentSigned: 0x7fe4d55a3340>', team='(null)'>
	<IDEDistributionContext: 0x7fe4e2ee3be0; archive = '<IDEArchive: 0x7fe4d60f3f60>', distributionMethod='(null)', team='(null)'>
</IDEDistributionProcessingPipelineContext: 0x7fe4e8e68dd0>
2019-12-11 23:55:33 +0000  Processing step: IDEDistributionCreateDestRootStep
2019-12-11 23:55:33 +0000  Processing step: IDEDistributionCopyItemStep
2019-12-11 23:55:33 +0000  Running /usr/bin/ditto '-V' '/Users/admin/Library/Developer/Xcode/Archives/2019-12-12/SongMe 12-12-2019, 12.54.xcarchive/Products/Applications/SongMe.app' '/var/folders/00/6477g22d03d94yhs1vklznfw0000gn/T/XcodeDistPipeline.P7M/Root/Payload/SongMe.app'
2019-12-11 23:55:33 +0000  >>> Copying /Users/admin/Library/Developer/Xcode/Archives/2019-12-12/SongMe 12-12-2019, 12.54.xcarchive/Products/Applications/SongMe.app 
2019-12-11 23:55:33 +0000  copying file ./_CodeSignature/CodeResources ... 
2019-12-11 23:55:33 +0000  12361 bytes for ./_CodeSignature/CodeResources
2019-12-11 23:55:33 +0000  copying file ./Assets.car ... 
2019-12-11 23:55:33 +0000  42712 bytes for ./Assets.car
2019-12-11 23:55:33 +0000  copying file ./Base.lproj/LaunchScreen.storyboardc/01J-lp-oVM-view-Ze5-6b-2t3.nib ... 
2019-12-11 23:55:33 +0000  1136 bytes for ./Base.lproj/LaunchScreen.storyboardc/01J-lp-oVM-view-Ze5-6b-2t3.nib
copying file ./Base.lproj/LaunchScreen.storyboardc/Info.plist ... 
2019-12-11 23:55:33 +0000  258 bytes for ./Base.lproj/LaunchScreen.storyboardc/Info.plist
copying file ./Base.lproj/LaunchScreen.storyboardc/UIViewController-01J-lp-oVM.nib ... 
2019-12-11 23:55:33 +0000  832 bytes for ./Base.lproj/LaunchScreen.storyboardc/UIViewController-01J-lp-oVM.nib
2019-12-11 23:55:33 +0000  copying file ./Base.lproj/Main.storyboardc/4np-qL-b88-view-atP-Vq-Rgx.nib ... 
2019-12-11 23:55:33 +0000  2198 bytes for ./Base.lproj/Main.storyboardc/4np-qL-b88-view-atP-Vq-Rgx.nib
2019-12-11 23:55:33 +0000  copying file ./Base.lproj/Main.storyboardc/52o-yq-pr8-view-djA-yN-9Yw.nib ... 
2221 bytes for ./Base.lproj/Main.storyboardc/52o-yq-pr8-view-djA-yN-9Yw.nib
copying file ./Base.lproj/Main.storyboardc/e9C-Td-deu-view-WW2-aC-hP5.nib ... 
2019-12-11 23:55:33 +0000  6655 bytes for ./Base.lproj/Main.storyboardc/e9C-Td-deu-view-WW2-aC-hP5.nib
copying file ./Base.lproj/Main.storyboardc/Info.plist ... 
2019-12-11 23:55:33 +0000  559 bytes for ./Base.lproj/Main.storyboardc/Info.plist
copying file ./Base.lproj/Main.storyboardc/jow-OS-RDo-view-c0h-QY-bEs.nib ... 
7032 bytes for ./Base.lproj/Main.storyboardc/jow-OS-RDo-view-c0h-QY-bEs.nib
copying file ./Base.lproj/Main.storyboardc/m7B-uG-kn7-view-KP3-SC-udx.nib ... 
2019-12-11 23:55:33 +0000  3251 bytes for ./Base.lproj/Main.storyboardc/m7B-uG-kn7-view-KP3-SC-udx.nib
copying file ./Base.lproj/Main.storyboardc/pne-Iy-L3c-view-pXG-Nn-4u3.nib ... 
4396 bytes for ./Base.lproj/Main.storyboardc/pne-Iy-L3c-view-pXG-Nn-4u3.nib
copying file ./Base.lproj/Main.storyboardc/UINavigationController-BhC-rf-OdZ.nib ... 
2019-12-11 23:55:33 +0000  4349 bytes for ./Base.lproj/Main.storyboardc/UINavigationController-BhC-rf-OdZ.nib
copying file ./Base.lproj/Main.storyboardc/UITableViewController-jow-OS-RDo.nib ... 
2019-12-11 23:55:33 +0000  1682 bytes for ./Base.lproj/Main.storyboardc/UITableViewController-jow-OS-RDo.nib
copying file ./Base.lproj/Main.storyboardc/UIViewController-4np-qL-b88.nib ... 
1169 bytes for ./Base.lproj/Main.storyboardc/UIViewController-4np-qL-b88.nib
2019-12-11 23:55:33 +0000  copying file ./Base.lproj/Main.storyboardc/UIViewController-52o-yq-pr8.nib ... 
1047 bytes for ./Base.lproj/Main.storyboardc/UIViewController-52o-yq-pr8.nib
copying file ./Base.lproj/Main.storyboardc/UIViewController-pne-Iy-L3c.nib ... 
2019-12-11 23:55:33 +0000  1226 bytes for ./Base.lproj/Main.storyboardc/UIViewController-pne-Iy-L3c.nib
copying file ./Base.lproj/Main.storyboardc/xvt-li-1LR-view-ht1-OZ-Vhp.nib ... 
2019-12-11 23:55:33 +0000  3735 bytes for ./Base.lproj/Main.storyboardc/xvt-li-1LR-view-ht1-OZ-Vhp.nib
copying file ./embedded.mobileprovision ... 
2019-12-11 23:55:33 +0000  7564 bytes for ./embedded.mobileprovision
copying file ./Frameworks/libswiftAssetsLibrary.dylib ... 
2019-12-11 23:55:33 +0000  332992 bytes for ./Frameworks/libswiftAssetsLibrary.dylib
copying file ./Frameworks/libswiftAVFoundation.dylib ... 
2019-12-11 23:55:33 +0000  721008 bytes for ./Frameworks/libswiftAVFoundation.dylib
copying file ./Frameworks/libswiftCore.dylib ... 
2019-12-11 23:55:34 +0000  23112512 bytes for ./Frameworks/libswiftCore.dylib
2019-12-11 23:55:34 +0000  copying file ./Frameworks/libswiftCoreAudio.dylib ... 
462384 bytes for ./Frameworks/libswiftCoreAudio.dylib
copying file ./Frameworks/libswiftCoreData.dylib ... 
466672 bytes for ./Frameworks/libswiftCoreData.dylib
copying file ./Frameworks/libswiftCoreFoundation.dylib ... 
332256 bytes for ./Frameworks/libswiftCoreFoundation.dylib
copying file ./Frameworks/libswiftCoreGraphics.dylib ... 
863168 bytes for ./Frameworks/libswiftCoreGraphics.dylib
copying file ./Frameworks/libswiftCoreImage.dylib ... 
332496 bytes for ./Frameworks/libswiftCoreImage.dylib
copying file ./Frameworks/libswiftCoreMedia.dylib ... 
397568 bytes for ./Frameworks/libswiftCoreMedia.dylib
copying file ./Frameworks/libswiftDarwin.dylib ... 
532960 bytes for ./Frameworks/libswiftDarwin.dylib
copying file ./Frameworks/libswiftDispatch.dylib ... 
1417840 bytes for ./Frameworks/libswiftDispatch.dylib
copying file ./Frameworks/libswiftFoundation.dylib ... 
2019-12-11 23:55:34 +0000  /usr/bin/ditto exited with 0
2019-12-11 23:55:34 +0000  11341184 bytes for ./Frameworks/libswiftFoundation.dylib
copying file ./Frameworks/libswiftMediaPlayer.dylib ... 
469776 bytes for ./Frameworks/libswiftMediaPlayer.dylib
copying file ./Frameworks/libswiftMetal.dylib ... 
393312 bytes for ./Frameworks/libswiftMetal.dylib
copying file ./Frameworks/libswiftObjectiveC.dylib ... 
397136 bytes for ./Frameworks/libswiftObjectiveC.dylib
copying file ./Frameworks/libswiftos.dylib ... 
397504 bytes for ./Frameworks/libswiftos.dylib
copying file ./Frameworks/libswiftQuartzCore.dylib ... 
336496 bytes for ./Frameworks/libswiftQuartzCore.dylib
copying file ./Frameworks/libswiftsimd.dylib ... 
2407744 bytes for ./Frameworks/libswiftsimd.dylib
copying file ./Frameworks/libswiftUIKit.dylib ... 
721824 bytes for ./Frameworks/libswiftUIKit.dylib
copying file ./Info.plist ... 
1139 bytes for ./Info.plist
copying file ./PkgInfo ... 
8 bytes for ./PkgInfo
copying file ./SongMe ... 
6337424 bytes for ./SongMe
2019-12-11 23:55:34 +0000  Processing step: IDEDistributionEmbedProfileStep
2019-12-11 23:55:34 +0000  Skipping profile for item: <IDEDistributionItem: 0x7fe4d0f4eec0 'com.apple.dt.runtime.swiftAVFoundation' '<DVTFilePath:0x7fe4d52625f0:'/Users/admin/Library/Developer/Xcode/Archives/2019-12-12/SongMe 12-12-2019, 12.54.xcarchive/Products/Applications/SongMe.app/Frameworks/libswiftAVFoundation.dylib'>'>
2019-12-11 23:55:34 +0000  Skipping profile for item: <IDEDistributionItem: 0x7fe4df3e9000 'com.apple.dt.runtime.swiftAssetsLibrary' '<DVTFilePath:0x7fe4d5262b10:'/Users/admin/Library/Developer/Xcode/Archives/2019-12-12/SongMe 12-12-2019, 12.54.xcarchive/Products/Applications/SongMe.app/Frameworks/libswiftAssetsLibrary.dylib'>'>
2019-12-11 23:55:34 +0000  Skipping profile for item: <IDEDistributionItem: 0x7fe4d7571e10 'com.apple.dt.runtime.swiftCore' '<DVTFilePath:0x7fe4d1cd0e10:'/Users/admin/Library/Developer/Xcode/Archives/2019-12-12/SongMe 12-12-2019, 12.54.xcarchive/Products/Applications/SongMe.app/Frameworks/libswiftCore.dylib'>'>
2019-12-11 23:55:34 +0000  Skipping profile for item: <IDEDistributionItem: 0x7fe4d24f6db0 'com.apple.dt.runtime.swiftCoreAudio' '<DVTFilePath:0x7fe4d263fd10:'/Users/admin/Library/Developer/Xcode/Archives/2019-12-12/SongMe 12-12-2019, 12.54.xcarchive/Products/Applications/SongMe.app/Frameworks/libswiftCoreAudio.dylib'>'>
2019-12-11 23:55:34 +0000  Skipping profile for item: <IDEDistributionItem: 0x7fe4df3a5dd0 'com.apple.dt.runtime.swiftCoreData' '<DVTFilePath:0x7fe4df3a8ed0:'/Users/admin/Library/Developer/Xcode/Archives/2019-12-12/SongMe 12-12-2019, 12.54.xcarchive/Products/Applications/SongMe.app/Frameworks/libswiftCoreData.dylib'>'>
2019-12-11 23:55:34 +0000  Skipping profile for item: <IDEDistributionItem: 0x7fe4df3a33b0 'com.apple.dt.runtime.swiftCoreFoundation' '<DVTFilePath:0x7fe4df3e69b0:'/Users/admin/Library/Developer/Xcode/Archives/2019-12-12/SongMe 12-12-2019, 12.54.xcarchive/Products/Applications/SongMe.app/Frameworks/libswiftCoreFoundation.dylib'>'>
2019-12-11 23:55:34 +0000  Skipping profile for item: <IDEDistributionItem: 0x7fe4df3a18b0 'com.apple.dt.runtime.swiftCoreGraphics' '<DVTFilePath:0x7fe4d7495b60:'/Users/admin/Library/Developer/Xcode/Archives/2019-12-12/SongMe 12-12-2019, 12.54.xcarchive/Products/Applications/SongMe.app/Frameworks/libswiftCoreGraphics.dylib'>'>
2019-12-11 23:55:34 +0000  Skipping profile for item: <IDEDistributionItem: 0x7fe4d0f9cb90 'com.apple.dt.runtime.swiftCoreImage' '<DVTFilePath:0x7fe4e5a97b40:'/Users/admin/Library/Developer/Xcode/Archives/2019-12-12/SongMe 12-12-2019, 12.54.xcarchive/Products/Applications/SongMe.app/Frameworks/libswiftCoreImage.dylib'>'>
2019-12-11 23:55:34 +0000  Skipping profile for item: <IDEDistributionItem: 0x7fe4d5869e00 'com.apple.dt.runtime.swiftCoreMedia' '<DVTFilePath:0x7fe4e5a2f7e0:'/Users/admin/Library/Developer/Xcode/Archives/2019-12-12/SongMe 12-12-2019, 12.54.xcarchive/Products/Applications/SongMe.app/Frameworks/libswiftCoreMedia.dylib'>'>
2019-12-11 23:55:34 +0000  Skipping profile for item: <IDEDistributionItem: 0x7fe4d5f29ef0 'com.apple.dt.runtime.swiftDarwin' '<DVTFilePath:0x7fe4ddcde0f0:'/Users/admin/Library/Developer/Xcode/Archives/2019-12-12/SongMe 12-12-2019, 12.54.xcarchive/Products/Applications/SongMe.app/Frameworks/libswiftDarwin.dylib'>'>
2019-12-11 23:55:34 +0000  Skipping profile for item: <IDEDistributionItem: 0x7fe4d2130130 'com.apple.dt.runtime.swiftDispatch' '<DVTFilePath:0x7fe4ddc1c570:'/Users/admin/Library/Developer/Xcode/Archives/2019-12-12/SongMe 12-12-2019, 12.54.xcarchive/Products/Applications/SongMe.app/Frameworks/libswiftDispatch.dylib'>'>
2019-12-11 23:55:34 +0000  Skipping profile for item: <IDEDistributionItem: 0x7fe4d0de7760 'com.apple.dt.runtime.swiftFoundation' '<DVTFilePath:0x7fe4df39dc50:'/Users/admin/Library/Developer/Xcode/Archives/2019-12-12/SongMe 12-12-2019, 12.54.xcarchive/Products/Applications/SongMe.app/Frameworks/libswiftFoundation.dylib'>'>
2019-12-11 23:55:34 +0000  Skipping profile for item: <IDEDistributionItem: 0x7fe4d23eff50 'com.apple.dt.runtime.swiftMediaPlayer' '<DVTFilePath:0x7fe4d2654e90:'/Users/admin/Library/Developer/Xcode/Archives/2019-12-12/SongMe 12-12-2019, 12.54.xcarchive/Products/Applications/SongMe.app/Frameworks/libswiftMediaPlayer.dylib'>'>
2019-12-11 23:55:34 +0000  Skipping profile for item: <IDEDistributionItem: 0x7fe4d25a8860 'com.apple.dt.runtime.swiftMetal' '<DVTFilePath:0x7fe4ddc79120:'/Users/admin/Library/Developer/Xcode/Archives/2019-12-12/SongMe 12-12-2019, 12.54.xcarchive/Products/Applications/SongMe.app/Frameworks/libswiftMetal.dylib'>'>
2019-12-11 23:55:34 +0000  Skipping profile for item: <IDEDistributionItem: 0x7fe4d0fa33f0 'com.apple.dt.runtime.swiftObjectiveC' '<DVTFilePath:0x7fe4d1c10db0:'/Users/admin/Library/Developer/Xcode/Archives/2019-12-12/SongMe 12-12-2019, 12.54.xcarchive/Products/Applications/SongMe.app/Frameworks/libswiftObjectiveC.dylib'>'>
2019-12-11 23:55:34 +0000  Skipping profile for item: <IDEDistributionItem: 0x7fe4d2655790 'com.apple.dt.runtime.swiftQuartzCore' '<DVTFilePath:0x7fe4df3ec0d0:'/Users/admin/Library/Developer/Xcode/Archives/2019-12-12/SongMe 12-12-2019, 12.54.xcarchive/Products/Applications/SongMe.app/Frameworks/libswiftQuartzCore.dylib'>'>
2019-12-11 23:55:34 +0000  Skipping profile for item: <IDEDistributionItem: 0x7fe4d0f0fa60 'com.apple.dt.runtime.swiftUIKit' '<DVTFilePath:0x7fe4d8125700:'/Users/admin/Library/Developer/Xcode/Archives/2019-12-12/SongMe 12-12-2019, 12.54.xcarchive/Products/Applications/SongMe.app/Frameworks/libswiftUIKit.dylib'>'>
2019-12-11 23:55:34 +0000  Skipping profile for item: <IDEDistributionItem: 0x7fe4d50b2060 'com.apple.dt.runtime.swiftos' '<DVTFilePath:0x7fe4ddcdf280:'/Users/admin/Library/Developer/Xcode/Archives/2019-12-12/SongMe 12-12-2019, 12.54.xcarchive/Products/Applications/SongMe.app/Frameworks/libswiftos.dylib'>'>
2019-12-11 23:55:34 +0000  Skipping profile for item: <IDEDistributionItem: 0x7fe4d5e2dfc0 'com.apple.dt.runtime.swiftsimd' '<DVTFilePath:0x7fe4df3bf7e0:'/Users/admin/Library/Developer/Xcode/Archives/2019-12-12/SongMe 12-12-2019, 12.54.xcarchive/Products/Applications/SongMe.app/Frameworks/libswiftsimd.dylib'>'>
2019-12-11 23:55:34 +0000  Processing step: IDEDistributionAppThinningPlistStep
2019-12-11 23:55:34 +0000  Skipping step: IDEDistributionAppThinningPlistStep because it said so
2019-12-11 23:55:34 +0000  Processing step: IDEDistributionCompileBitcodeStep
2019-12-11 23:55:34 +0000  Skipping step: IDEDistributionCompileBitcodeStep because it said so
2019-12-11 23:55:34 +0000  Processing step: IDEDistributionCodeSlimmingStep
2019-12-11 23:55:34 +0000  Processing step: IDEDistributionCopyBCSymbolMapsStep
2019-12-11 23:55:34 +0000  Skipping step: IDEDistributionCopyBCSymbolMapsStep because it said so
2019-12-11 23:55:34 +0000  Skipping step: IDEDistributionCopyBCSymbolMapsStep because it said so
2019-12-11 23:55:34 +0000  Skipping step: IDEDistributionCopyBCSymbolMapsStep because it said so
2019-12-11 23:55:34 +0000  Skipping step: IDEDistributionCopyBCSymbolMapsStep because it said so
2019-12-11 23:55:34 +0000  Skipping step: IDEDistributionCopyBCSymbolMapsStep because it said so
2019-12-11 23:55:34 +0000  Skipping step: IDEDistributionCopyBCSymbolMapsStep because it said so
2019-12-11 23:55:34 +0000  Skipping step: IDEDistributionCopyBCSymbolMapsStep because it said so
2019-12-11 23:55:34 +0000  Skipping step: IDEDistributionCopyBCSymbolMapsStep because it said so
2019-12-11 23:55:34 +0000  Skipping step: IDEDistributionCopyBCSymbolMapsStep because it said so
2019-12-11 23:55:34 +0000  Skipping step: IDEDistributionCopyBCSymbolMapsStep because it said so
2019-12-11 23:55:34 +0000  Skipping step: IDEDistributionCopyBCSymbolMapsStep because it said so
2019-12-11 23:55:34 +0000  Skipping step: IDEDistributionCopyBCSymbolMapsStep because it said so
2019-12-11 23:55:34 +0000  Skipping step: IDEDistributionCopyBCSymbolMapsStep because it said so
2019-12-11 23:55:34 +0000  Skipping step: IDEDistributionCopyBCSymbolMapsStep because it said so
2019-12-11 23:55:34 +0000  Skipping step: IDEDistributionCopyBCSymbolMapsStep because it said so
2019-12-11 23:55:34 +0000  Skipping step: IDEDistributionCopyBCSymbolMapsStep because it said so
2019-12-11 23:55:34 +0000  Skipping step: IDEDistributionCopyBCSymbolMapsStep because it said so
2019-12-11 23:55:34 +0000  Skipping step: IDEDistributionCopyBCSymbolMapsStep because it said so
2019-12-11 23:55:34 +0000  Skipping step: IDEDistributionCopyBCSymbolMapsStep because it said so
2019-12-11 23:55:34 +0000  Skipping step: IDEDistributionCopyBCSymbolMapsStep because it said so
2019-12-11 23:55:34 +0000  Processing step: IDEDistributionSymbolsStep
2019-12-11 23:55:34 +0000  Skipping step: IDEDistributionSymbolsStep because it said so
2019-12-11 23:55:34 +0000  Skipping step: IDEDistributionSymbolsStep because it said so
2019-12-11 23:55:34 +0000  Skipping step: IDEDistributionSymbolsStep because it said so
2019-12-11 23:55:34 +0000  Skipping step: IDEDistributionSymbolsStep because it said so
2019-12-11 23:55:34 +0000  Skipping step: IDEDistributionSymbolsStep because it said so
2019-12-11 23:55:34 +0000  Skipping step: IDEDistributionSymbolsStep because it said so
2019-12-11 23:55:34 +0000  Skipping step: IDEDistributionSymbolsStep because it said so
2019-12-11 23:55:34 +0000  Skipping step: IDEDistributionSymbolsStep because it said so
2019-12-11 23:55:34 +0000  Skipping step: IDEDistributionSymbolsStep because it said so
2019-12-11 23:55:34 +0000  Skipping step: IDEDistributionSymbolsStep because it said so
2019-12-11 23:55:34 +0000  Skipping step: IDEDistributionSymbolsStep because it said so
2019-12-11 23:55:34 +0000  Skipping step: IDEDistributionSymbolsStep because it said so
2019-12-11 23:55:34 +0000  Skipping step: IDEDistributionSymbolsStep because it said so
2019-12-11 23:55:34 +0000  Skipping step: IDEDistributionSymbolsStep because it said so
2019-12-11 23:55:34 +0000  Skipping step: IDEDistributionSymbolsStep because it said so
2019-12-11 23:55:34 +0000  Skipping step: IDEDistributionSymbolsStep because it said so
2019-12-11 23:55:34 +0000  Skipping step: IDEDistributionSymbolsStep because it said so
2019-12-11 23:55:34 +0000  Skipping step: IDEDistributionSymbolsStep because it said so
2019-12-11 23:55:34 +0000  Skipping step: IDEDistributionSymbolsStep because it said so
2019-12-11 23:55:34 +0000  Skipping step: IDEDistributionSymbolsStep because it said so
2019-12-11 23:55:34 +0000  Processing step: IDEDistributionAppThinningStep
2019-12-11 23:55:34 +0000  Skipping step: IDEDistributionAppThinningStep because it said so
2019-12-11 23:55:34 +0000  Processing step: IDEDistributionArchThinningStep
2019-12-11 23:55:34 +0000  Running /Applications/Xcode.app/Contents/Developer/Toolchains/XcodeDefault.xctoolchain/usr/bin/lipo '/var/folders/00/6477g22d03d94yhs1vklznfw0000gn/T/XcodeDistPipeline.P7M/Root/Payload/SongMe.app/Frameworks/libswiftAVFoundation.dylib' '-verify_arch' 'arm64e'
2019-12-11 23:55:34 +0000  /Applications/Xcode.app/Contents/Developer/Toolchains/XcodeDefault.xctoolchain/usr/bin/lipo exited with 0
2019-12-11 23:55:34 +0000  Running /Applications/Xcode.app/Contents/Developer/Toolchains/XcodeDefault.xctoolchain/usr/bin/lipo '/var/folders/00/6477g22d03d94yhs1vklznfw0000gn/T/XcodeDistPipeline.P7M/Root/Payload/SongMe.app/Frameworks/libswiftAVFoundation.dylib' '-remove' 'arm64e' '-output' '/var/folders/00/6477g22d03d94yhs1vklznfw0000gn/T/XcodeDistPipeline.P7M/Root/Payload/SongMe.app/Frameworks/libswiftAVFoundation.dylib'
2019-12-11 23:55:34 +0000  /Applications/Xcode.app/Contents/Developer/Toolchains/XcodeDefault.xctoolchain/usr/bin/lipo exited with 0
2019-12-11 23:55:34 +0000  Successfully thinned item "libswiftAVFoundation.dylib", arch "arm64e"
2019-12-11 23:55:34 +0000  Running /Applications/Xcode.app/Contents/Developer/Toolchains/XcodeDefault.xctoolchain/usr/bin/lipo '/var/folders/00/6477g22d03d94yhs1vklznfw0000gn/T/XcodeDistPipeline.P7M/Root/Payload/SongMe.app/Frameworks/libswiftAssetsLibrary.dylib' '-verify_arch' 'arm64e'
2019-12-11 23:55:34 +0000  /Applications/Xcode.app/Contents/Developer/Toolchains/XcodeDefault.xctoolchain/usr/bin/lipo exited with 0
2019-12-11 23:55:34 +0000  Running /Applications/Xcode.app/Contents/Developer/Toolchains/XcodeDefault.xctoolchain/usr/bin/lipo '/var/folders/00/6477g22d03d94yhs1vklznfw0000gn/T/XcodeDistPipeline.P7M/Root/Payload/SongMe.app/Frameworks/libswiftAssetsLibrary.dylib' '-remove' 'arm64e' '-output' '/var/folders/00/6477g22d03d94yhs1vklznfw0000gn/T/XcodeDistPipeline.P7M/Root/Payload/SongMe.app/Frameworks/libswiftAssetsLibrary.dylib'
2019-12-11 23:55:34 +0000  /Applications/Xcode.app/Contents/Developer/Toolchains/XcodeDefault.xctoolchain/usr/bin/lipo exited with 0
2019-12-11 23:55:34 +0000  Successfully thinned item "libswiftAssetsLibrary.dylib", arch "arm64e"
2019-12-11 23:55:34 +0000  Running /Applications/Xcode.app/Contents/Developer/Toolchains/XcodeDefault.xctoolchain/usr/bin/lipo '/var/folders/00/6477g22d03d94yhs1vklznfw0000gn/T/XcodeDistPipeline.P7M/Root/Payload/SongMe.app/Frameworks/libswiftCore.dylib' '-verify_arch' 'arm64e'
2019-12-11 23:55:34 +0000  /Applications/Xcode.app/Contents/Developer/Toolchains/XcodeDefault.xctoolchain/usr/bin/lipo exited with 0
2019-12-11 23:55:34 +0000  Running /Applications/Xcode.app/Contents/Developer/Toolchains/XcodeDefault.xctoolchain/usr/bin/lipo '/var/folders/00/6477g22d03d94yhs1vklznfw0000gn/T/XcodeDistPipeline.P7M/Root/Payload/SongMe.app/Frameworks/libswiftCore.dylib' '-remove' 'arm64e' '-output' '/var/folders/00/6477g22d03d94yhs1vklznfw0000gn/T/XcodeDistPipeline.P7M/Root/Payload/SongMe.app/Frameworks/libswiftCore.dylib'
2019-12-11 23:55:34 +0000  /Applications/Xcode.app/Contents/Developer/Toolchains/XcodeDefault.xctoolchain/usr/bin/lipo exited with 0
2019-12-11 23:55:34 +0000  Successfully thinned item "libswiftCore.dylib", arch "arm64e"
2019-12-11 23:55:34 +0000  Running /Applications/Xcode.app/Contents/Developer/Toolchains/XcodeDefault.xctoolchain/usr/bin/lipo '/var/folders/00/6477g22d03d94yhs1vklznfw0000gn/T/XcodeDistPipeline.P7M/Root/Payload/SongMe.app/Frameworks/libswiftCoreAudio.dylib' '-verify_arch' 'arm64e'
2019-12-11 23:55:34 +0000  /Applications/Xcode.app/Contents/Developer/Toolchains/XcodeDefault.xctoolchain/usr/bin/lipo exited with 0
2019-12-11 23:55:34 +0000  Running /Applications/Xcode.app/Contents/Developer/Toolchains/XcodeDefault.xctoolchain/usr/bin/lipo '/var/folders/00/6477g22d03d94yhs1vklznfw0000gn/T/XcodeDistPipeline.P7M/Root/Payload/SongMe.app/Frameworks/libswiftCoreAudio.dylib' '-remove' 'arm64e' '-output' '/var/folders/00/6477g22d03d94yhs1vklznfw0000gn/T/XcodeDistPipeline.P7M/Root/Payload/SongMe.app/Frameworks/libswiftCoreAudio.dylib'
2019-12-11 23:55:34 +0000  /Applications/Xcode.app/Contents/Developer/Toolchains/XcodeDefault.xctoolchain/usr/bin/lipo exited with 0
2019-12-11 23:55:34 +0000  Successfully thinned item "libswiftCoreAudio.dylib", arch "arm64e"
2019-12-11 23:55:34 +0000  Running /Applications/Xcode.app/Contents/Developer/Toolchains/XcodeDefault.xctoolchain/usr/bin/lipo '/var/folders/00/6477g22d03d94yhs1vklznfw0000gn/T/XcodeDistPipeline.P7M/Root/Payload/SongMe.app/Frameworks/libswiftCoreData.dylib' '-verify_arch' 'arm64e'
2019-12-11 23:55:34 +0000  /Applications/Xcode.app/Contents/Developer/Toolchains/XcodeDefault.xctoolchain/usr/bin/lipo exited with 0
2019-12-11 23:55:34 +0000  Running /Applications/Xcode.app/Contents/Developer/Toolchains/XcodeDefault.xctoolchain/usr/bin/lipo '/var/folders/00/6477g22d03d94yhs1vklznfw0000gn/T/XcodeDistPipeline.P7M/Root/Payload/SongMe.app/Frameworks/libswiftCoreData.dylib' '-remove' 'arm64e' '-output' '/var/folders/00/6477g22d03d94yhs1vklznfw0000gn/T/XcodeDistPipeline.P7M/Root/Payload/SongMe.app/Frameworks/libswiftCoreData.dylib'
2019-12-11 23:55:34 +0000  /Applications/Xcode.app/Contents/Developer/Toolchains/XcodeDefault.xctoolchain/usr/bin/lipo exited with 0
2019-12-11 23:55:34 +0000  Successfully thinned item "libswiftCoreData.dylib", arch "arm64e"
2019-12-11 23:55:34 +0000  Running /Applications/Xcode.app/Contents/Developer/Toolchains/XcodeDefault.xctoolchain/usr/bin/lipo '/var/folders/00/6477g22d03d94yhs1vklznfw0000gn/T/XcodeDistPipeline.P7M/Root/Payload/SongMe.app/Frameworks/libswiftCoreFoundation.dylib' '-verify_arch' 'arm64e'
2019-12-11 23:55:34 +0000  /Applications/Xcode.app/Contents/Developer/Toolchains/XcodeDefault.xctoolchain/usr/bin/lipo exited with 0
2019-12-11 23:55:34 +0000  Running /Applications/Xcode.app/Contents/Developer/Toolchains/XcodeDefault.xctoolchain/usr/bin/lipo '/var/folders/00/6477g22d03d94yhs1vklznfw0000gn/T/XcodeDistPipeline.P7M/Root/Payload/SongMe.app/Frameworks/libswiftCoreFoundation.dylib' '-remove' 'arm64e' '-output' '/var/folders/00/6477g22d03d94yhs1vklznfw0000gn/T/XcodeDistPipeline.P7M/Root/Payload/SongMe.app/Frameworks/libswiftCoreFoundation.dylib'
2019-12-11 23:55:34 +0000  /Applications/Xcode.app/Contents/Developer/Toolchains/XcodeDefault.xctoolchain/usr/bin/lipo exited with 0
2019-12-11 23:55:34 +0000  Successfully thinned item "libswiftCoreFoundation.dylib", arch "arm64e"
2019-12-11 23:55:34 +0000  Running /Applications/Xcode.app/Contents/Developer/Toolchains/XcodeDefault.xctoolchain/usr/bin/lipo '/var/folders/00/6477g22d03d94yhs1vklznfw0000gn/T/XcodeDistPipeline.P7M/Root/Payload/SongMe.app/Frameworks/libswiftCoreGraphics.dylib' '-verify_arch' 'arm64e'
2019-12-11 23:55:34 +0000  /Applications/Xcode.app/Contents/Developer/Toolchains/XcodeDefault.xctoolchain/usr/bin/lipo exited with 0
2019-12-11 23:55:34 +0000  Running /Applications/Xcode.app/Contents/Developer/Toolchains/XcodeDefault.xctoolchain/usr/bin/lipo '/var/folders/00/6477g22d03d94yhs1vklznfw0000gn/T/XcodeDistPipeline.P7M/Root/Payload/SongMe.app/Frameworks/libswiftCoreGraphics.dylib' '-remove' 'arm64e' '-output' '/var/folders/00/6477g22d03d94yhs1vklznfw0000gn/T/XcodeDistPipeline.P7M/Root/Payload/SongMe.app/Frameworks/libswiftCoreGraphics.dylib'
2019-12-11 23:55:34 +0000  /Applications/Xcode.app/Contents/Developer/Toolchains/XcodeDefault.xctoolchain/usr/bin/lipo exited with 0
2019-12-11 23:55:34 +0000  Successfully thinned item "libswiftCoreGraphics.dylib", arch "arm64e"
2019-12-11 23:55:34 +0000  Running /Applications/Xcode.app/Contents/Developer/Toolchains/XcodeDefault.xctoolchain/usr/bin/lipo '/var/folders/00/6477g22d03d94yhs1vklznfw0000gn/T/XcodeDistPipeline.P7M/Root/Payload/SongMe.app/Frameworks/libswiftCoreImage.dylib' '-verify_arch' 'arm64e'
2019-12-11 23:55:34 +0000  /Applications/Xcode.app/Contents/Developer/Toolchains/XcodeDefault.xctoolchain/usr/bin/lipo exited with 0
2019-12-11 23:55:34 +0000  Running /Applications/Xcode.app/Contents/Developer/Toolchains/XcodeDefault.xctoolchain/usr/bin/lipo '/var/folders/00/6477g22d03d94yhs1vklznfw0000gn/T/XcodeDistPipeline.P7M/Root/Payload/SongMe.app/Frameworks/libswiftCoreImage.dylib' '-remove' 'arm64e' '-output' '/var/folders/00/6477g22d03d94yhs1vklznfw0000gn/T/XcodeDistPipeline.P7M/Root/Payload/SongMe.app/Frameworks/libswiftCoreImage.dylib'
2019-12-11 23:55:34 +0000  /Applications/Xcode.app/Contents/Developer/Toolchains/XcodeDefault.xctoolchain/usr/bin/lipo exited with 0
2019-12-11 23:55:34 +0000  Successfully thinned item "libswiftCoreImage.dylib", arch "arm64e"
2019-12-11 23:55:34 +0000  Running /Applications/Xcode.app/Contents/Developer/Toolchains/XcodeDefault.xctoolchain/usr/bin/lipo '/var/folders/00/6477g22d03d94yhs1vklznfw0000gn/T/XcodeDistPipeline.P7M/Root/Payload/SongMe.app/Frameworks/libswiftCoreMedia.dylib' '-verify_arch' 'arm64e'
2019-12-11 23:55:34 +0000  /Applications/Xcode.app/Contents/Developer/Toolchains/XcodeDefault.xctoolchain/usr/bin/lipo exited with 0
2019-12-11 23:55:34 +0000  Running /Applications/Xcode.app/Contents/Developer/Toolchains/XcodeDefault.xctoolchain/usr/bin/lipo '/var/folders/00/6477g22d03d94yhs1vklznfw0000gn/T/XcodeDistPipeline.P7M/Root/Payload/SongMe.app/Frameworks/libswiftCoreMedia.dylib' '-remove' 'arm64e' '-output' '/var/folders/00/6477g22d03d94yhs1vklznfw0000gn/T/XcodeDistPipeline.P7M/Root/Payload/SongMe.app/Frameworks/libswiftCoreMedia.dylib'
2019-12-11 23:55:34 +0000  /Applications/Xcode.app/Contents/Developer/Toolchains/XcodeDefault.xctoolchain/usr/bin/lipo exited with 0
2019-12-11 23:55:34 +0000  Successfully thinned item "libswiftCoreMedia.dylib", arch "arm64e"
2019-12-11 23:55:35 +0000  Running /Applications/Xcode.app/Contents/Developer/Toolchains/XcodeDefault.xctoolchain/usr/bin/lipo '/var/folders/00/6477g22d03d94yhs1vklznfw0000gn/T/XcodeDistPipeline.P7M/Root/Payload/SongMe.app/Frameworks/libswiftDarwin.dylib' '-verify_arch' 'arm64e'
2019-12-11 23:55:35 +0000  /Applications/Xcode.app/Contents/Developer/Toolchains/XcodeDefault.xctoolchain/usr/bin/lipo exited with 0
2019-12-11 23:55:35 +0000  Running /Applications/Xcode.app/Contents/Developer/Toolchains/XcodeDefault.xctoolchain/usr/bin/lipo '/var/folders/00/6477g22d03d94yhs1vklznfw0000gn/T/XcodeDistPipeline.P7M/Root/Payload/SongMe.app/Frameworks/libswiftDarwin.dylib' '-remove' 'arm64e' '-output' '/var/folders/00/6477g22d03d94yhs1vklznfw0000gn/T/XcodeDistPipeline.P7M/Root/Payload/SongMe.app/Frameworks/libswiftDarwin.dylib'
2019-12-11 23:55:35 +0000  /Applications/Xcode.app/Contents/Developer/Toolchains/XcodeDefault.xctoolchain/usr/bin/lipo exited with 0
2019-12-11 23:55:35 +0000  Successfully thinned item "libswiftDarwin.dylib", arch "arm64e"
2019-12-11 23:55:35 +0000  Running /Applications/Xcode.app/Contents/Developer/Toolchains/XcodeDefault.xctoolchain/usr/bin/lipo '/var/folders/00/6477g22d03d94yhs1vklznfw0000gn/T/XcodeDistPipeline.P7M/Root/Payload/SongMe.app/Frameworks/libswiftDispatch.dylib' '-verify_arch' 'arm64e'
2019-12-11 23:55:35 +0000  /Applications/Xcode.app/Contents/Developer/Toolchains/XcodeDefault.xctoolchain/usr/bin/lipo exited with 0
2019-12-11 23:55:35 +0000  Running /Applications/Xcode.app/Contents/Developer/Toolchains/XcodeDefault.xctoolchain/usr/bin/lipo '/var/folders/00/6477g22d03d94yhs1vklznfw0000gn/T/XcodeDistPipeline.P7M/Root/Payload/SongMe.app/Frameworks/libswiftDispatch.dylib' '-remove' 'arm64e' '-output' '/var/folders/00/6477g22d03d94yhs1vklznfw0000gn/T/XcodeDistPipeline.P7M/Root/Payload/SongMe.app/Frameworks/libswiftDispatch.dylib'
2019-12-11 23:55:35 +0000  /Applications/Xcode.app/Contents/Developer/Toolchains/XcodeDefault.xctoolchain/usr/bin/lipo exited with 0
2019-12-11 23:55:35 +0000  Successfully thinned item "libswiftDispatch.dylib", arch "arm64e"
2019-12-11 23:55:35 +0000  Running /Applications/Xcode.app/Contents/Developer/Toolchains/XcodeDefault.xctoolchain/usr/bin/lipo '/var/folders/00/6477g22d03d94yhs1vklznfw0000gn/T/XcodeDistPipeline.P7M/Root/Payload/SongMe.app/Frameworks/libswiftFoundation.dylib' '-verify_arch' 'arm64e'
2019-12-11 23:55:35 +0000  /Applications/Xcode.app/Contents/Developer/Toolchains/XcodeDefault.xctoolchain/usr/bin/lipo exited with 0
2019-12-11 23:55:35 +0000  Running /Applications/Xcode.app/Contents/Developer/Toolchains/XcodeDefault.xctoolchain/usr/bin/lipo '/var/folders/00/6477g22d03d94yhs1vklznfw0000gn/T/XcodeDistPipeline.P7M/Root/Payload/SongMe.app/Frameworks/libswiftFoundation.dylib' '-remove' 'arm64e' '-output' '/var/folders/00/6477g22d03d94yhs1vklznfw0000gn/T/XcodeDistPipeline.P7M/Root/Payload/SongMe.app/Frameworks/libswiftFoundation.dylib'
2019-12-11 23:55:35 +0000  /Applications/Xcode.app/Contents/Developer/Toolchains/XcodeDefault.xctoolchain/usr/bin/lipo exited with 0
2019-12-11 23:55:35 +0000  Successfully thinned item "libswiftFoundation.dylib", arch "arm64e"
2019-12-11 23:55:35 +0000  Running /Applications/Xcode.app/Contents/Developer/Toolchains/XcodeDefault.xctoolchain/usr/bin/lipo '/var/folders/00/6477g22d03d94yhs1vklznfw0000gn/T/XcodeDistPipeline.P7M/Root/Payload/SongMe.app/Frameworks/libswiftMediaPlayer.dylib' '-verify_arch' 'arm64e'
2019-12-11 23:55:35 +0000  /Applications/Xcode.app/Contents/Developer/Toolchains/XcodeDefault.xctoolchain/usr/bin/lipo exited with 0
2019-12-11 23:55:35 +0000  Running /Applications/Xcode.app/Contents/Developer/Toolchains/XcodeDefault.xctoolchain/usr/bin/lipo '/var/folders/00/6477g22d03d94yhs1vklznfw0000gn/T/XcodeDistPipeline.P7M/Root/Payload/SongMe.app/Frameworks/libswiftMediaPlayer.dylib' '-remove' 'arm64e' '-output' '/var/folders/00/6477g22d03d94yhs1vklznfw0000gn/T/XcodeDistPipeline.P7M/Root/Payload/SongMe.app/Frameworks/libswiftMediaPlayer.dylib'
2019-12-11 23:55:35 +0000  /Applications/Xcode.app/Contents/Developer/Toolchains/XcodeDefault.xctoolchain/usr/bin/lipo exited with 0
2019-12-11 23:55:35 +0000  Successfully thinned item "libswiftMediaPlayer.dylib", arch "arm64e"
2019-12-11 23:55:35 +0000  Running /Applications/Xcode.app/Contents/Developer/Toolchains/XcodeDefault.xctoolchain/usr/bin/lipo '/var/folders/00/6477g22d03d94yhs1vklznfw0000gn/T/XcodeDistPipeline.P7M/Root/Payload/SongMe.app/Frameworks/libswiftMetal.dylib' '-verify_arch' 'arm64e'
2019-12-11 23:55:35 +0000  /Applications/Xcode.app/Contents/Developer/Toolchains/XcodeDefault.xctoolchain/usr/bin/lipo exited with 0
2019-12-11 23:55:35 +0000  Running /Applications/Xcode.app/Contents/Developer/Toolchains/XcodeDefault.xctoolchain/usr/bin/lipo '/var/folders/00/6477g22d03d94yhs1vklznfw0000gn/T/XcodeDistPipeline.P7M/Root/Payload/SongMe.app/Frameworks/libswiftMetal.dylib' '-remove' 'arm64e' '-output' '/var/folders/00/6477g22d03d94yhs1vklznfw0000gn/T/XcodeDistPipeline.P7M/Root/Payload/SongMe.app/Frameworks/libswiftMetal.dylib'
2019-12-11 23:55:35 +0000  /Applications/Xcode.app/Contents/Developer/Toolchains/XcodeDefault.xctoolchain/usr/bin/lipo exited with 0
2019-12-11 23:55:35 +0000  Successfully thinned item "libswiftMetal.dylib", arch "arm64e"
2019-12-11 23:55:35 +0000  Running /Applications/Xcode.app/Contents/Developer/Toolchains/XcodeDefault.xctoolchain/usr/bin/lipo '/var/folders/00/6477g22d03d94yhs1vklznfw0000gn/T/XcodeDistPipeline.P7M/Root/Payload/SongMe.app/Frameworks/libswiftObjectiveC.dylib' '-verify_arch' 'arm64e'
2019-12-11 23:55:35 +0000  /Applications/Xcode.app/Contents/Developer/Toolchains/XcodeDefault.xctoolchain/usr/bin/lipo exited with 0
2019-12-11 23:55:35 +0000  Running /Applications/Xcode.app/Contents/Developer/Toolchains/XcodeDefault.xctoolchain/usr/bin/lipo '/var/folders/00/6477g22d03d94yhs1vklznfw0000gn/T/XcodeDistPipeline.P7M/Root/Payload/SongMe.app/Frameworks/libswiftObjectiveC.dylib' '-remove' 'arm64e' '-output' '/var/folders/00/6477g22d03d94yhs1vklznfw0000gn/T/XcodeDistPipeline.P7M/Root/Payload/SongMe.app/Frameworks/libswiftObjectiveC.dylib'
2019-12-11 23:55:35 +0000  /Applications/Xcode.app/Contents/Developer/Toolchains/XcodeDefault.xctoolchain/usr/bin/lipo exited with 0
2019-12-11 23:55:35 +0000  Successfully thinned item "libswiftObjectiveC.dylib", arch "arm64e"
2019-12-11 23:55:35 +0000  Running /Applications/Xcode.app/Contents/Developer/Toolchains/XcodeDefault.xctoolchain/usr/bin/lipo '/var/folders/00/6477g22d03d94yhs1vklznfw0000gn/T/XcodeDistPipeline.P7M/Root/Payload/SongMe.app/Frameworks/libswiftQuartzCore.dylib' '-verify_arch' 'arm64e'
2019-12-11 23:55:35 +0000  /Applications/Xcode.app/Contents/Developer/Toolchains/XcodeDefault.xctoolchain/usr/bin/lipo exited with 0
2019-12-11 23:55:35 +0000  Running /Applications/Xcode.app/Contents/Developer/Toolchains/XcodeDefault.xctoolchain/usr/bin/lipo '/var/folders/00/6477g22d03d94yhs1vklznfw0000gn/T/XcodeDistPipeline.P7M/Root/Payload/SongMe.app/Frameworks/libswiftQuartzCore.dylib' '-remove' 'arm64e' '-output' '/var/folders/00/6477g22d03d94yhs1vklznfw0000gn/T/XcodeDistPipeline.P7M/Root/Payload/SongMe.app/Frameworks/libswiftQuartzCore.dylib'
2019-12-11 23:55:35 +0000  /Applications/Xcode.app/Contents/Developer/Toolchains/XcodeDefault.xctoolchain/usr/bin/lipo exited with 0
2019-12-11 23:55:35 +0000  Successfully thinned item "libswiftQuartzCore.dylib", arch "arm64e"
2019-12-11 23:55:35 +0000  Running /Applications/Xcode.app/Contents/Developer/Toolchains/XcodeDefault.xctoolchain/usr/bin/lipo '/var/folders/00/6477g22d03d94yhs1vklznfw0000gn/T/XcodeDistPipeline.P7M/Root/Payload/SongMe.app/Frameworks/libswiftUIKit.dylib' '-verify_arch' 'arm64e'
2019-12-11 23:55:35 +0000  /Applications/Xcode.app/Contents/Developer/Toolchains/XcodeDefault.xctoolchain/usr/bin/lipo exited with 0
2019-12-11 23:55:35 +0000  Running /Applications/Xcode.app/Contents/Developer/Toolchains/XcodeDefault.xctoolchain/usr/bin/lipo '/var/folders/00/6477g22d03d94yhs1vklznfw0000gn/T/XcodeDistPipeline.P7M/Root/Payload/SongMe.app/Frameworks/libswiftUIKit.dylib' '-remove' 'arm64e' '-output' '/var/folders/00/6477g22d03d94yhs1vklznfw0000gn/T/XcodeDistPipeline.P7M/Root/Payload/SongMe.app/Frameworks/libswiftUIKit.dylib'
2019-12-11 23:55:35 +0000  /Applications/Xcode.app/Contents/Developer/Toolchains/XcodeDefault.xctoolchain/usr/bin/lipo exited with 0
2019-12-11 23:55:35 +0000  Successfully thinned item "libswiftUIKit.dylib", arch "arm64e"
2019-12-11 23:55:35 +0000  Running /Applications/Xcode.app/Contents/Developer/Toolchains/XcodeDefault.xctoolchain/usr/bin/lipo '/var/folders/00/6477g22d03d94yhs1vklznfw0000gn/T/XcodeDistPipeline.P7M/Root/Payload/SongMe.app/Frameworks/libswiftos.dylib' '-verify_arch' 'arm64e'
2019-12-11 23:55:35 +0000  /Applications/Xcode.app/Contents/Developer/Toolchains/XcodeDefault.xctoolchain/usr/bin/lipo exited with 0
2019-12-11 23:55:35 +0000  Running /Applications/Xcode.app/Contents/Developer/Toolchains/XcodeDefault.xctoolchain/usr/bin/lipo '/var/folders/00/6477g22d03d94yhs1vklznfw0000gn/T/XcodeDistPipeline.P7M/Root/Payload/SongMe.app/Frameworks/libswiftos.dylib' '-remove' 'arm64e' '-output' '/var/folders/00/6477g22d03d94yhs1vklznfw0000gn/T/XcodeDistPipeline.P7M/Root/Payload/SongMe.app/Frameworks/libswiftos.dylib'
2019-12-11 23:55:35 +0000  /Applications/Xcode.app/Contents/Developer/Toolchains/XcodeDefault.xctoolchain/usr/bin/lipo exited with 0
2019-12-11 23:55:35 +0000  Successfully thinned item "libswiftos.dylib", arch "arm64e"
2019-12-11 23:55:35 +0000  Running /Applications/Xcode.app/Contents/Developer/Toolchains/XcodeDefault.xctoolchain/usr/bin/lipo '/var/folders/00/6477g22d03d94yhs1vklznfw0000gn/T/XcodeDistPipeline.P7M/Root/Payload/SongMe.app/Frameworks/libswiftsimd.dylib' '-verify_arch' 'arm64e'
2019-12-11 23:55:35 +0000  /Applications/Xcode.app/Contents/Developer/Toolchains/XcodeDefault.xctoolchain/usr/bin/lipo exited with 0
2019-12-11 23:55:35 +0000  Running /Applications/Xcode.app/Contents/Developer/Toolchains/XcodeDefault.xctoolchain/usr/bin/lipo '/var/folders/00/6477g22d03d94yhs1vklznfw0000gn/T/XcodeDistPipeline.P7M/Root/Payload/SongMe.app/Frameworks/libswiftsimd.dylib' '-remove' 'arm64e' '-output' '/var/folders/00/6477g22d03d94yhs1vklznfw0000gn/T/XcodeDistPipeline.P7M/Root/Payload/SongMe.app/Frameworks/libswiftsimd.dylib'
2019-12-11 23:55:35 +0000  /Applications/Xcode.app/Contents/Developer/Toolchains/XcodeDefault.xctoolchain/usr/bin/lipo exited with 0
2019-12-11 23:55:35 +0000  Successfully thinned item "libswiftsimd.dylib", arch "arm64e"
2019-12-11 23:55:35 +0000  Running /Applications/Xcode.app/Contents/Developer/Toolchains/XcodeDefault.xctoolchain/usr/bin/lipo '/var/folders/00/6477g22d03d94yhs1vklznfw0000gn/T/XcodeDistPipeline.P7M/Root/Payload/SongMe.app/SongMe' '-verify_arch' 'arm64e'
2019-12-11 23:55:35 +0000  /Applications/Xcode.app/Contents/Developer/Toolchains/XcodeDefault.xctoolchain/usr/bin/lipo exited with 1
2019-12-11 23:55:35 +0000  Skipping architecture thinning for item "SongMe" because arch "arm64e" wasn't found
2019-12-11 23:55:35 +0000  Processing step: IDEDistributionODRStep
2019-12-11 23:55:35 +0000  Processing step: IDEDistributionStripXattrsStep
2019-12-11 23:55:35 +0000  Skipping stripping extended attributes of item: <IDEDistributionItem: 0x7fe4d0f4eec0 'com.apple.dt.runtime.swiftAVFoundation' '<DVTFilePath:0x7fe4d52625f0:'/Users/admin/Library/Developer/Xcode/Archives/2019-12-12/SongMe 12-12-2019, 12.54.xcarchive/Products/Applications/SongMe.app/Frameworks/libswiftAVFoundation.dylib'>'>
2019-12-11 23:55:35 +0000  Skipping stripping extended attributes of item: <IDEDistributionItem: 0x7fe4df3e9000 'com.apple.dt.runtime.swiftAssetsLibrary' '<DVTFilePath:0x7fe4d5262b10:'/Users/admin/Library/Developer/Xcode/Archives/2019-12-12/SongMe 12-12-2019, 12.54.xcarchive/Products/Applications/SongMe.app/Frameworks/libswiftAssetsLibrary.dylib'>'>
2019-12-11 23:55:35 +0000  Skipping stripping extended attributes of item: <IDEDistributionItem: 0x7fe4d7571e10 'com.apple.dt.runtime.swiftCore' '<DVTFilePath:0x7fe4d1cd0e10:'/Users/admin/Library/Developer/Xcode/Archives/2019-12-12/SongMe 12-12-2019, 12.54.xcarchive/Products/Applications/SongMe.app/Frameworks/libswiftCore.dylib'>'>
2019-12-11 23:55:35 +0000  Skipping stripping extended attributes of item: <IDEDistributionItem: 0x7fe4d24f6db0 'com.apple.dt.runtime.swiftCoreAudio' '<DVTFilePath:0x7fe4d263fd10:'/Users/admin/Library/Developer/Xcode/Archives/2019-12-12/SongMe 12-12-2019, 12.54.xcarchive/Products/Applications/SongMe.app/Frameworks/libswiftCoreAudio.dylib'>'>
2019-12-11 23:55:35 +0000  Skipping stripping extended attributes of item: <IDEDistributionItem: 0x7fe4df3a5dd0 'com.apple.dt.runtime.swiftCoreData' '<DVTFilePath:0x7fe4df3a8ed0:'/Users/admin/Library/Developer/Xcode/Archives/2019-12-12/SongMe 12-12-2019, 12.54.xcarchive/Products/Applications/SongMe.app/Frameworks/libswiftCoreData.dylib'>'>
2019-12-11 23:55:35 +0000  Skipping stripping extended attributes of item: <IDEDistributionItem: 0x7fe4df3a33b0 'com.apple.dt.runtime.swiftCoreFoundation' '<DVTFilePath:0x7fe4df3e69b0:'/Users/admin/Library/Developer/Xcode/Archives/2019-12-12/SongMe 12-12-2019, 12.54.xcarchive/Products/Applications/SongMe.app/Frameworks/libswiftCoreFoundation.dylib'>'>
2019-12-11 23:55:35 +0000  Skipping stripping extended attributes of item: <IDEDistributionItem: 0x7fe4df3a18b0 'com.apple.dt.runtime.swiftCoreGraphics' '<DVTFilePath:0x7fe4d7495b60:'/Users/admin/Library/Developer/Xcode/Archives/2019-12-12/SongMe 12-12-2019, 12.54.xcarchive/Products/Applications/SongMe.app/Frameworks/libswiftCoreGraphics.dylib'>'>
2019-12-11 23:55:35 +0000  Skipping stripping extended attributes of item: <IDEDistributionItem: 0x7fe4d0f9cb90 'com.apple.dt.runtime.swiftCoreImage' '<DVTFilePath:0x7fe4e5a97b40:'/Users/admin/Library/Developer/Xcode/Archives/2019-12-12/SongMe 12-12-2019, 12.54.xcarchive/Products/Applications/SongMe.app/Frameworks/libswiftCoreImage.dylib'>'>
2019-12-11 23:55:35 +0000  Skipping stripping extended attributes of item: <IDEDistributionItem: 0x7fe4d5869e00 'com.apple.dt.runtime.swiftCoreMedia' '<DVTFilePath:0x7fe4e5a2f7e0:'/Users/admin/Library/Developer/Xcode/Archives/2019-12-12/SongMe 12-12-2019, 12.54.xcarchive/Products/Applications/SongMe.app/Frameworks/libswiftCoreMedia.dylib'>'>
2019-12-11 23:55:35 +0000  Skipping stripping extended attributes of item: <IDEDistributionItem: 0x7fe4d5f29ef0 'com.apple.dt.runtime.swiftDarwin' '<DVTFilePath:0x7fe4ddcde0f0:'/Users/admin/Library/Developer/Xcode/Archives/2019-12-12/SongMe 12-12-2019, 12.54.xcarchive/Products/Applications/SongMe.app/Frameworks/libswiftDarwin.dylib'>'>
2019-12-11 23:55:35 +0000  Skipping stripping extended attributes of item: <IDEDistributionItem: 0x7fe4d2130130 'com.apple.dt.runtime.swiftDispatch' '<DVTFilePath:0x7fe4ddc1c570:'/Users/admin/Library/Developer/Xcode/Archives/2019-12-12/SongMe 12-12-2019, 12.54.xcarchive/Products/Applications/SongMe.app/Frameworks/libswiftDispatch.dylib'>'>
2019-12-11 23:55:35 +0000  Skipping stripping extended attributes of item: <IDEDistributionItem: 0x7fe4d0de7760 'com.apple.dt.runtime.swiftFoundation' '<DVTFilePath:0x7fe4df39dc50:'/Users/admin/Library/Developer/Xcode/Archives/2019-12-12/SongMe 12-12-2019, 12.54.xcarchive/Products/Applications/SongMe.app/Frameworks/libswiftFoundation.dylib'>'>
2019-12-11 23:55:35 +0000  Skipping stripping extended attributes of item: <IDEDistributionItem: 0x7fe4d23eff50 'com.apple.dt.runtime.swiftMediaPlayer' '<DVTFilePath:0x7fe4d2654e90:'/Users/admin/Library/Developer/Xcode/Archives/2019-12-12/SongMe 12-12-2019, 12.54.xcarchive/Products/Applications/SongMe.app/Frameworks/libswiftMediaPlayer.dylib'>'>
2019-12-11 23:55:35 +0000  Skipping stripping extended attributes of item: <IDEDistributionItem: 0x7fe4d25a8860 'com.apple.dt.runtime.swiftMetal' '<DVTFilePath:0x7fe4ddc79120:'/Users/admin/Library/Developer/Xcode/Archives/2019-12-12/SongMe 12-12-2019, 12.54.xcarchive/Products/Applications/SongMe.app/Frameworks/libswiftMetal.dylib'>'>
2019-12-11 23:55:35 +0000  Skipping stripping extended attributes of item: <IDEDistributionItem: 0x7fe4d0fa33f0 'com.apple.dt.runtime.swiftObjectiveC' '<DVTFilePath:0x7fe4d1c10db0:'/Users/admin/Library/Developer/Xcode/Archives/2019-12-12/SongMe 12-12-2019, 12.54.xcarchive/Products/Applications/SongMe.app/Frameworks/libswiftObjectiveC.dylib'>'>
2019-12-11 23:55:35 +0000  Skipping stripping extended attributes of item: <IDEDistributionItem: 0x7fe4d2655790 'com.apple.dt.runtime.swiftQuartzCore' '<DVTFilePath:0x7fe4df3ec0d0:'/Users/admin/Library/Developer/Xcode/Archives/2019-12-12/SongMe 12-12-2019, 12.54.xcarchive/Products/Applications/SongMe.app/Frameworks/libswiftQuartzCore.dylib'>'>
2019-12-11 23:55:35 +0000  Skipping stripping extended attributes of item: <IDEDistributionItem: 0x7fe4d0f0fa60 'com.apple.dt.runtime.swiftUIKit' '<DVTFilePath:0x7fe4d8125700:'/Users/admin/Library/Developer/Xcode/Archives/2019-12-12/SongMe 12-12-2019, 12.54.xcarchive/Products/Applications/SongMe.app/Frameworks/libswiftUIKit.dylib'>'>
2019-12-11 23:55:35 +0000  Skipping stripping extended attributes of item: <IDEDistributionItem: 0x7fe4d50b2060 'com.apple.dt.runtime.swiftos' '<DVTFilePath:0x7fe4ddcdf280:'/Users/admin/Library/Developer/Xcode/Archives/2019-12-12/SongMe 12-12-2019, 12.54.xcarchive/Products/Applications/SongMe.app/Frameworks/libswiftos.dylib'>'>
2019-12-11 23:55:35 +0000  Skipping stripping extended attributes of item: <IDEDistributionItem: 0x7fe4d5e2dfc0 'com.apple.dt.runtime.swiftsimd' '<DVTFilePath:0x7fe4df3bf7e0:'/Users/admin/Library/Developer/Xcode/Archives/2019-12-12/SongMe 12-12-2019, 12.54.xcarchive/Products/Applications/SongMe.app/Frameworks/libswiftsimd.dylib'>'>
2019-12-11 23:55:35 +0000  Running /usr/bin/xattr '-crs' '/var/folders/00/6477g22d03d94yhs1vklznfw0000gn/T/XcodeDistPipeline.P7M/Root/Payload/SongMe.app'
2019-12-11 23:55:35 +0000  /usr/bin/xattr exited with 0
2019-12-11 23:55:35 +0000  Processing step: IDEDistributionCodesignStep
2019-12-11 23:55:35 +0000  Entitlements for <IDEDistributionItem: 0x7fe4d0f4eec0 'com.apple.dt.runtime.swiftAVFoundation' '<DVTFilePath:0x7fe4d52625f0:'/Users/admin/Library/Developer/Xcode/Archives/2019-12-12/SongMe 12-12-2019, 12.54.xcarchive/Products/Applications/SongMe.app/Frameworks/libswiftAVFoundation.dylib'>'>: {
}
2019-12-11 23:55:35 +0000  Writing entitlements for <IDEDistributionItem: 0x7fe4d0f4eec0 'com.apple.dt.runtime.swiftAVFoundation' '<DVTFilePath:0x7fe4d52625f0:'/Users/admin/Library/Developer/Xcode/Archives/2019-12-12/SongMe 12-12-2019, 12.54.xcarchive/Products/Applications/SongMe.app/Frameworks/libswiftAVFoundation.dylib'>'> to: /var/folders/00/6477g22d03d94yhs1vklznfw0000gn/T/XcodeDistPipeline.P7M/entitlements7rmECq
2019-12-11 23:55:35 +0000  Running /usr/bin/codesign '-vvv' '--force' '--sign' 'E743E360EDB7EF8F6E792FE778B84B2500DEBF88' '--entitlements' '/var/folders/00/6477g22d03d94yhs1vklznfw0000gn/T/XcodeDistPipeline.P7M/entitlements7rmECq' '--preserve-metadata=identifier,flags,runtime' '/var/folders/00/6477g22d03d94yhs1vklznfw0000gn/T/XcodeDistPipeline.P7M/Root/Payload/SongMe.app/Frameworks/libswiftAVFoundation.dylib'
2019-12-11 23:55:35 +0000  /var/folders/00/6477g22d03d94yhs1vklznfw0000gn/T/XcodeDistPipeline.P7M/Root/Payload/SongMe.app/Frameworks/libswiftAVFoundation.dylib: replacing existing signature
2019-12-11 23:55:36 +0000  /var/folders/00/6477g22d03d94yhs1vklznfw0000gn/T/XcodeDistPipeline.P7M/Root/Payload/SongMe.app/Frameworks/libswiftAVFoundation.dylib: signed Mach-O universal (armv7 armv7s arm64) [com.apple.dt.runtime.swiftAVFoundation]
2019-12-11 23:55:36 +0000  /usr/bin/codesign exited with 0
2019-12-11 23:55:36 +0000  Entitlements for <IDEDistributionItem: 0x7fe4df3e9000 'com.apple.dt.runtime.swiftAssetsLibrary' '<DVTFilePath:0x7fe4d5262b10:'/Users/admin/Library/Developer/Xcode/Archives/2019-12-12/SongMe 12-12-2019, 12.54.xcarchive/Products/Applications/SongMe.app/Frameworks/libswiftAssetsLibrary.dylib'>'>: {
}
2019-12-11 23:55:36 +0000  Writing entitlements for <IDEDistributionItem: 0x7fe4df3e9000 'com.apple.dt.runtime.swiftAssetsLibrary' '<DVTFilePath:0x7fe4d5262b10:'/Users/admin/Library/Developer/Xcode/Archives/2019-12-12/SongMe 12-12-2019, 12.54.xcarchive/Products/Applications/SongMe.app/Frameworks/libswiftAssetsLibrary.dylib'>'> to: /var/folders/00/6477g22d03d94yhs1vklznfw0000gn/T/XcodeDistPipeline.P7M/entitlements2IYtgs
2019-12-11 23:55:36 +0000  Running /usr/bin/codesign '-vvv' '--force' '--sign' 'E743E360EDB7EF8F6E792FE778B84B2500DEBF88' '--entitlements' '/var/folders/00/6477g22d03d94yhs1vklznfw0000gn/T/XcodeDistPipeline.P7M/entitlements2IYtgs' '--preserve-metadata=identifier,flags,runtime' '/var/folders/00/6477g22d03d94yhs1vklznfw0000gn/T/XcodeDistPipeline.P7M/Root/Payload/SongMe.app/Frameworks/libswiftAssetsLibrary.dylib'
2019-12-11 23:55:36 +0000  /var/folders/00/6477g22d03d94yhs1vklznfw0000gn/T/XcodeDistPipeline.P7M/Root/Payload/SongMe.app/Frameworks/libswiftAssetsLibrary.dylib: replacing existing signature
2019-12-11 23:55:36 +0000  /var/folders/00/6477g22d03d94yhs1vklznfw0000gn/T/XcodeDistPipeline.P7M/Root/Payload/SongMe.app/Frameworks/libswiftAssetsLibrary.dylib: signed Mach-O universal (armv7 armv7s arm64) [com.apple.dt.runtime.swiftAssetsLibrary]
2019-12-11 23:55:36 +0000  /usr/bin/codesign exited with 0
2019-12-11 23:55:36 +0000  Entitlements for <IDEDistributionItem: 0x7fe4d7571e10 'com.apple.dt.runtime.swiftCore' '<DVTFilePath:0x7fe4d1cd0e10:'/Users/admin/Library/Developer/Xcode/Archives/2019-12-12/SongMe 12-12-2019, 12.54.xcarchive/Products/Applications/SongMe.app/Frameworks/libswiftCore.dylib'>'>: {
}
2019-12-11 23:55:36 +0000  Writing entitlements for <IDEDistributionItem: 0x7fe4d7571e10 'com.apple.dt.runtime.swiftCore' '<DVTFilePath:0x7fe4d1cd0e10:'/Users/admin/Library/Developer/Xcode/Archives/2019-12-12/SongMe 12-12-2019, 12.54.xcarchive/Products/Applications/SongMe.app/Frameworks/libswiftCore.dylib'>'> to: /var/folders/00/6477g22d03d94yhs1vklznfw0000gn/T/XcodeDistPipeline.P7M/entitlements0a0Vll
2019-12-11 23:55:36 +0000  Running /usr/bin/codesign '-vvv' '--force' '--sign' 'E743E360EDB7EF8F6E792FE778B84B2500DEBF88' '--entitlements' '/var/folders/00/6477g22d03d94yhs1vklznfw0000gn/T/XcodeDistPipeline.P7M/entitlements0a0Vll' '--preserve-metadata=identifier,flags,runtime' '/var/folders/00/6477g22d03d94yhs1vklznfw0000gn/T/XcodeDistPipeline.P7M/Root/Payload/SongMe.app/Frameworks/libswiftCore.dylib'
2019-12-11 23:55:36 +0000  /var/folders/00/6477g22d03d94yhs1vklznfw0000gn/T/XcodeDistPipeline.P7M/Root/Payload/SongMe.app/Frameworks/libswiftCore.dylib: replacing existing signature
2019-12-11 23:55:36 +0000  /var/folders/00/6477g22d03d94yhs1vklznfw0000gn/T/XcodeDistPipeline.P7M/Root/Payload/SongMe.app/Frameworks/libswiftCore.dylib: signed Mach-O universal (armv7 armv7s arm64) [com.apple.dt.runtime.swiftCore]
2019-12-11 23:55:36 +0000  /usr/bin/codesign exited with 0
2019-12-11 23:55:36 +0000  Entitlements for <IDEDistributionItem: 0x7fe4d24f6db0 'com.apple.dt.runtime.swiftCoreAudio' '<DVTFilePath:0x7fe4d263fd10:'/Users/admin/Library/Developer/Xcode/Archives/2019-12-12/SongMe 12-12-2019, 12.54.xcarchive/Products/Applications/SongMe.app/Frameworks/libswiftCoreAudio.dylib'>'>: {
}
2019-12-11 23:55:36 +0000  Writing entitlements for <IDEDistributionItem: 0x7fe4d24f6db0 'com.apple.dt.runtime.swiftCoreAudio' '<DVTFilePath:0x7fe4d263fd10:'/Users/admin/Library/Developer/Xcode/Archives/2019-12-12/SongMe 12-12-2019, 12.54.xcarchive/Products/Applications/SongMe.app/Frameworks/libswiftCoreAudio.dylib'>'> to: /var/folders/00/6477g22d03d94yhs1vklznfw0000gn/T/XcodeDistPipeline.P7M/entitlementsK0XXIx
2019-12-11 23:55:36 +0000  Running /usr/bin/codesign '-vvv' '--force' '--sign' 'E743E360EDB7EF8F6E792FE778B84B2500DEBF88' '--entitlements' '/var/folders/00/6477g22d03d94yhs1vklznfw0000gn/T/XcodeDistPipeline.P7M/entitlementsK0XXIx' '--preserve-metadata=identifier,flags,runtime' '/var/folders/00/6477g22d03d94yhs1vklznfw0000gn/T/XcodeDistPipeline.P7M/Root/Payload/SongMe.app/Frameworks/libswiftCoreAudio.dylib'
2019-12-11 23:55:36 +0000  /var/folders/00/6477g22d03d94yhs1vklznfw0000gn/T/XcodeDistPipeline.P7M/Root/Payload/SongMe.app/Frameworks/libswiftCoreAudio.dylib: replacing existing signature
2019-12-11 23:55:37 +0000  /var/folders/00/6477g22d03d94yhs1vklznfw0000gn/T/XcodeDistPipeline.P7M/Root/Payload/SongMe.app/Frameworks/libswiftCoreAudio.dylib: signed Mach-O universal (armv7 armv7s arm64) [com.apple.dt.runtime.swiftCoreAudio]
2019-12-11 23:55:37 +0000  /usr/bin/codesign exited with 0
2019-12-11 23:55:37 +0000  Entitlements for <IDEDistributionItem: 0x7fe4df3a5dd0 'com.apple.dt.runtime.swiftCoreData' '<DVTFilePath:0x7fe4df3a8ed0:'/Users/admin/Library/Developer/Xcode/Archives/2019-12-12/SongMe 12-12-2019, 12.54.xcarchive/Products/Applications/SongMe.app/Frameworks/libswiftCoreData.dylib'>'>: {
}
2019-12-11 23:55:37 +0000  Writing entitlements for <IDEDistributionItem: 0x7fe4df3a5dd0 'com.apple.dt.runtime.swiftCoreData' '<DVTFilePath:0x7fe4df3a8ed0:'/Users/admin/Library/Developer/Xcode/Archives/2019-12-12/SongMe 12-12-2019, 12.54.xcarchive/Products/Applications/SongMe.app/Frameworks/libswiftCoreData.dylib'>'> to: /var/folders/00/6477g22d03d94yhs1vklznfw0000gn/T/XcodeDistPipeline.P7M/entitlementsVeGitr
2019-12-11 23:55:37 +0000  Running /usr/bin/codesign '-vvv' '--force' '--sign' 'E743E360EDB7EF8F6E792FE778B84B2500DEBF88' '--entitlements' '/var/folders/00/6477g22d03d94yhs1vklznfw0000gn/T/XcodeDistPipeline.P7M/entitlementsVeGitr' '--preserve-metadata=identifier,flags,runtime' '/var/folders/00/6477g22d03d94yhs1vklznfw0000gn/T/XcodeDistPipeline.P7M/Root/Payload/SongMe.app/Frameworks/libswiftCoreData.dylib'
2019-12-11 23:55:37 +0000  /var/folders/00/6477g22d03d94yhs1vklznfw0000gn/T/XcodeDistPipeline.P7M/Root/Payload/SongMe.app/Frameworks/libswiftCoreData.dylib: replacing existing signature
2019-12-11 23:55:37 +0000  /var/folders/00/6477g22d03d94yhs1vklznfw0000gn/T/XcodeDistPipeline.P7M/Root/Payload/SongMe.app/Frameworks/libswiftCoreData.dylib: signed Mach-O universal (armv7 armv7s arm64) [com.apple.dt.runtime.swiftCoreData]
2019-12-11 23:55:37 +0000  /usr/bin/codesign exited with 0
2019-12-11 23:55:37 +0000  Entitlements for <IDEDistributionItem: 0x7fe4df3a33b0 'com.apple.dt.runtime.swiftCoreFoundation' '<DVTFilePath:0x7fe4df3e69b0:'/Users/admin/Library/Developer/Xcode/Archives/2019-12-12/SongMe 12-12-2019, 12.54.xcarchive/Products/Applications/SongMe.app/Frameworks/libswiftCoreFoundation.dylib'>'>: {
}
2019-12-11 23:55:37 +0000  Writing entitlements for <IDEDistributionItem: 0x7fe4df3a33b0 'com.apple.dt.runtime.swiftCoreFoundation' '<DVTFilePath:0x7fe4df3e69b0:'/Users/admin/Library/Developer/Xcode/Archives/2019-12-12/SongMe 12-12-2019, 12.54.xcarchive/Products/Applications/SongMe.app/Frameworks/libswiftCoreFoundation.dylib'>'> to: /var/folders/00/6477g22d03d94yhs1vklznfw0000gn/T/XcodeDistPipeline.P7M/entitlements0IqhuW
2019-12-11 23:55:37 +0000  Running /usr/bin/codesign '-vvv' '--force' '--sign' 'E743E360EDB7EF8F6E792FE778B84B2500DEBF88' '--entitlements' '/var/folders/00/6477g22d03d94yhs1vklznfw0000gn/T/XcodeDistPipeline.P7M/entitlements0IqhuW' '--preserve-metadata=identifier,flags,runtime' '/var/folders/00/6477g22d03d94yhs1vklznfw0000gn/T/XcodeDistPipeline.P7M/Root/Payload/SongMe.app/Frameworks/libswiftCoreFoundation.dylib'
2019-12-11 23:55:37 +0000  /var/folders/00/6477g22d03d94yhs1vklznfw0000gn/T/XcodeDistPipeline.P7M/Root/Payload/SongMe.app/Frameworks/libswiftCoreFoundation.dylib: replacing existing signature
2019-12-11 23:55:37 +0000  /var/folders/00/6477g22d03d94yhs1vklznfw0000gn/T/XcodeDistPipeline.P7M/Root/Payload/SongMe.app/Frameworks/libswiftCoreFoundation.dylib: signed Mach-O universal (armv7 armv7s arm64) [com.apple.dt.runtime.swiftCoreFoundation]
2019-12-11 23:55:37 +0000  /usr/bin/codesign exited with 0
2019-12-11 23:55:37 +0000  Entitlements for <IDEDistributionItem: 0x7fe4df3a18b0 'com.apple.dt.runtime.swiftCoreGraphics' '<DVTFilePath:0x7fe4d7495b60:'/Users/admin/Library/Developer/Xcode/Archives/2019-12-12/SongMe 12-12-2019, 12.54.xcarchive/Products/Applications/SongMe.app/Frameworks/libswiftCoreGraphics.dylib'>'>: {
}
2019-12-11 23:55:37 +0000  Writing entitlements for <IDEDistributionItem: 0x7fe4df3a18b0 'com.apple.dt.runtime.swiftCoreGraphics' '<DVTFilePath:0x7fe4d7495b60:'/Users/admin/Library/Developer/Xcode/Archives/2019-12-12/SongMe 12-12-2019, 12.54.xcarchive/Products/Applications/SongMe.app/Frameworks/libswiftCoreGraphics.dylib'>'> to: /var/folders/00/6477g22d03d94yhs1vklznfw0000gn/T/XcodeDistPipeline.P7M/entitlementsnM4lzm
2019-12-11 23:55:37 +0000  Running /usr/bin/codesign '-vvv' '--force' '--sign' 'E743E360EDB7EF8F6E792FE778B84B2500DEBF88' '--entitlements' '/var/folders/00/6477g22d03d94yhs1vklznfw0000gn/T/XcodeDistPipeline.P7M/entitlementsnM4lzm' '--preserve-metadata=identifier,flags,runtime' '/var/folders/00/6477g22d03d94yhs1vklznfw0000gn/T/XcodeDistPipeline.P7M/Root/Payload/SongMe.app/Frameworks/libswiftCoreGraphics.dylib'
2019-12-11 23:55:37 +0000  /var/folders/00/6477g22d03d94yhs1vklznfw0000gn/T/XcodeDistPipeline.P7M/Root/Payload/SongMe.app/Frameworks/libswiftCoreGraphics.dylib: replacing existing signature
2019-12-11 23:55:37 +0000  /var/folders/00/6477g22d03d94yhs1vklznfw0000gn/T/XcodeDistPipeline.P7M/Root/Payload/SongMe.app/Frameworks/libswiftCoreGraphics.dylib: signed Mach-O universal (armv7 armv7s arm64) [com.apple.dt.runtime.swiftCoreGraphics]
2019-12-11 23:55:37 +0000  /usr/bin/codesign exited with 0
2019-12-11 23:55:37 +0000  Entitlements for <IDEDistributionItem: 0x7fe4d0f9cb90 'com.apple.dt.runtime.swiftCoreImage' '<DVTFilePath:0x7fe4e5a97b40:'/Users/admin/Library/Developer/Xcode/Archives/2019-12-12/SongMe 12-12-2019, 12.54.xcarchive/Products/Applications/SongMe.app/Frameworks/libswiftCoreImage.dylib'>'>: {
}
2019-12-11 23:55:37 +0000  Writing entitlements for <IDEDistributionItem: 0x7fe4d0f9cb90 'com.apple.dt.runtime.swiftCoreImage' '<DVTFilePath:0x7fe4e5a97b40:'/Users/admin/Library/Developer/Xcode/Archives/2019-12-12/SongMe 12-12-2019, 12.54.xcarchive/Products/Applications/SongMe.app/Frameworks/libswiftCoreImage.dylib'>'> to: /var/folders/00/6477g22d03d94yhs1vklznfw0000gn/T/XcodeDistPipeline.P7M/entitlementsH3AM0q
2019-12-11 23:55:37 +0000  Running /usr/bin/codesign '-vvv' '--force' '--sign' 'E743E360EDB7EF8F6E792FE778B84B2500DEBF88' '--entitlements' '/var/folders/00/6477g22d03d94yhs1vklznfw0000gn/T/XcodeDistPipeline.P7M/entitlementsH3AM0q' '--preserve-metadata=identifier,flags,runtime' '/var/folders/00/6477g22d03d94yhs1vklznfw0000gn/T/XcodeDistPipeline.P7M/Root/Payload/SongMe.app/Frameworks/libswiftCoreImage.dylib'
2019-12-11 23:55:37 +0000  /var/folders/00/6477g22d03d94yhs1vklznfw0000gn/T/XcodeDistPipeline.P7M/Root/Payload/SongMe.app/Frameworks/libswiftCoreImage.dylib: replacing existing signature
2019-12-11 23:55:37 +0000  /var/folders/00/6477g22d03d94yhs1vklznfw0000gn/T/XcodeDistPipeline.P7M/Root/Payload/SongMe.app/Frameworks/libswiftCoreImage.dylib: signed Mach-O universal (armv7 armv7s arm64) [com.apple.dt.runtime.swiftCoreImage]
2019-12-11 23:55:37 +0000  /usr/bin/codesign exited with 0
2019-12-11 23:55:37 +0000  Entitlements for <IDEDistributionItem: 0x7fe4d5869e00 'com.apple.dt.runtime.swiftCoreMedia' '<DVTFilePath:0x7fe4e5a2f7e0:'/Users/admin/Library/Developer/Xcode/Archives/2019-12-12/SongMe 12-12-2019, 12.54.xcarchive/Products/Applications/SongMe.app/Frameworks/libswiftCoreMedia.dylib'>'>: {
}
2019-12-11 23:55:37 +0000  Writing entitlements for <IDEDistributionItem: 0x7fe4d5869e00 'com.apple.dt.runtime.swiftCoreMedia' '<DVTFilePath:0x7fe4e5a2f7e0:'/Users/admin/Library/Developer/Xcode/Archives/2019-12-12/SongMe 12-12-2019, 12.54.xcarchive/Products/Applications/SongMe.app/Frameworks/libswiftCoreMedia.dylib'>'> to: /var/folders/00/6477g22d03d94yhs1vklznfw0000gn/T/XcodeDistPipeline.P7M/entitlementsKqMnlf
2019-12-11 23:55:37 +0000  Running /usr/bin/codesign '-vvv' '--force' '--sign' 'E743E360EDB7EF8F6E792FE778B84B2500DEBF88' '--entitlements' '/var/folders/00/6477g22d03d94yhs1vklznfw0000gn/T/XcodeDistPipeline.P7M/entitlementsKqMnlf' '--preserve-metadata=identifier,flags,runtime' '/var/folders/00/6477g22d03d94yhs1vklznfw0000gn/T/XcodeDistPipeline.P7M/Root/Payload/SongMe.app/Frameworks/libswiftCoreMedia.dylib'
2019-12-11 23:55:37 +0000  /var/folders/00/6477g22d03d94yhs1vklznfw0000gn/T/XcodeDistPipeline.P7M/Root/Payload/SongMe.app/Frameworks/libswiftCoreMedia.dylib: replacing existing signature
2019-12-11 23:55:37 +0000  /var/folders/00/6477g22d03d94yhs1vklznfw0000gn/T/XcodeDistPipeline.P7M/Root/Payload/SongMe.app/Frameworks/libswiftCoreMedia.dylib: signed Mach-O universal (armv7 armv7s arm64) [com.apple.dt.runtime.swiftCoreMedia]
2019-12-11 23:55:37 +0000  /usr/bin/codesign exited with 0
2019-12-11 23:55:37 +0000  Entitlements for <IDEDistributionItem: 0x7fe4d5f29ef0 'com.apple.dt.runtime.swiftDarwin' '<DVTFilePath:0x7fe4ddcde0f0:'/Users/admin/Library/Developer/Xcode/Archives/2019-12-12/SongMe 12-12-2019, 12.54.xcarchive/Products/Applications/SongMe.app/Frameworks/libswiftDarwin.dylib'>'>: {
}
2019-12-11 23:55:37 +0000  Writing entitlements for <IDEDistributionItem: 0x7fe4d5f29ef0 'com.apple.dt.runtime.swiftDarwin' '<DVTFilePath:0x7fe4ddcde0f0:'/Users/admin/Library/Developer/Xcode/Archives/2019-12-12/SongMe 12-12-2019, 12.54.xcarchive/Products/Applications/SongMe.app/Frameworks/libswiftDarwin.dylib'>'> to: /var/folders/00/6477g22d03d94yhs1vklznfw0000gn/T/XcodeDistPipeline.P7M/entitlementsJFlnGo
2019-12-11 23:55:37 +0000  Running /usr/bin/codesign '-vvv' '--force' '--sign' 'E743E360EDB7EF8F6E792FE778B84B2500DEBF88' '--entitlements' '/var/folders/00/6477g22d03d94yhs1vklznfw0000gn/T/XcodeDistPipeline.P7M/entitlementsJFlnGo' '--preserve-metadata=identifier,flags,runtime' '/var/folders/00/6477g22d03d94yhs1vklznfw0000gn/T/XcodeDistPipeline.P7M/Root/Payload/SongMe.app/Frameworks/libswiftDarwin.dylib'
2019-12-11 23:55:38 +0000  /var/folders/00/6477g22d03d94yhs1vklznfw0000gn/T/XcodeDistPipeline.P7M/Root/Payload/SongMe.app/Frameworks/libswiftDarwin.dylib: replacing existing signature
2019-12-11 23:55:38 +0000  /var/folders/00/6477g22d03d94yhs1vklznfw0000gn/T/XcodeDistPipeline.P7M/Root/Payload/SongMe.app/Frameworks/libswiftDarwin.dylib: signed Mach-O universal (armv7 armv7s arm64) [com.apple.dt.runtime.swiftDarwin]
2019-12-11 23:55:38 +0000  /usr/bin/codesign exited with 0
2019-12-11 23:55:38 +0000  Entitlements for <IDEDistributionItem: 0x7fe4d2130130 'com.apple.dt.runtime.swiftDispatch' '<DVTFilePath:0x7fe4ddc1c570:'/Users/admin/Library/Developer/Xcode/Archives/2019-12-12/SongMe 12-12-2019, 12.54.xcarchive/Products/Applications/SongMe.app/Frameworks/libswiftDispatch.dylib'>'>: {
}
2019-12-11 23:55:38 +0000  Writing entitlements for <IDEDistributionItem: 0x7fe4d2130130 'com.apple.dt.runtime.swiftDispatch' '<DVTFilePath:0x7fe4ddc1c570:'/Users/admin/Library/Developer/Xcode/Archives/2019-12-12/SongMe 12-12-2019, 12.54.xcarchive/Products/Applications/SongMe.app/Frameworks/libswiftDispatch.dylib'>'> to: /var/folders/00/6477g22d03d94yhs1vklznfw0000gn/T/XcodeDistPipeline.P7M/entitlementsSKZatG
2019-12-11 23:55:38 +0000  Running /usr/bin/codesign '-vvv' '--force' '--sign' 'E743E360EDB7EF8F6E792FE778B84B2500DEBF88' '--entitlements' '/var/folders/00/6477g22d03d94yhs1vklznfw0000gn/T/XcodeDistPipeline.P7M/entitlementsSKZatG' '--preserve-metadata=identifier,flags,runtime' '/var/folders/00/6477g22d03d94yhs1vklznfw0000gn/T/XcodeDistPipeline.P7M/Root/Payload/SongMe.app/Frameworks/libswiftDispatch.dylib'
2019-12-11 23:55:38 +0000  /var/folders/00/6477g22d03d94yhs1vklznfw0000gn/T/XcodeDistPipeline.P7M/Root/Payload/SongMe.app/Frameworks/libswiftDispatch.dylib: replacing existing signature
2019-12-11 23:55:38 +0000  /var/folders/00/6477g22d03d94yhs1vklznfw0000gn/T/XcodeDistPipeline.P7M/Root/Payload/SongMe.app/Frameworks/libswiftDispatch.dylib: signed Mach-O universal (armv7 armv7s arm64) [com.apple.dt.runtime.swiftDispatch]
2019-12-11 23:55:38 +0000  /usr/bin/codesign exited with 0
2019-12-11 23:55:38 +0000  Entitlements for <IDEDistributionItem: 0x7fe4d0de7760 'com.apple.dt.runtime.swiftFoundation' '<DVTFilePath:0x7fe4df39dc50:'/Users/admin/Library/Developer/Xcode/Archives/2019-12-12/SongMe 12-12-2019, 12.54.xcarchive/Products/Applications/SongMe.app/Frameworks/libswiftFoundation.dylib'>'>: {
}
2019-12-11 23:55:38 +0000  Writing entitlements for <IDEDistributionItem: 0x7fe4d0de7760 'com.apple.dt.runtime.swiftFoundation' '<DVTFilePath:0x7fe4df39dc50:'/Users/admin/Library/Developer/Xcode/Archives/2019-12-12/SongMe 12-12-2019, 12.54.xcarchive/Products/Applications/SongMe.app/Frameworks/libswiftFoundation.dylib'>'> to: /var/folders/00/6477g22d03d94yhs1vklznfw0000gn/T/XcodeDistPipeline.P7M/entitlementsa1QLcr
2019-12-11 23:55:38 +0000  Running /usr/bin/codesign '-vvv' '--force' '--sign' 'E743E360EDB7EF8F6E792FE778B84B2500DEBF88' '--entitlements' '/var/folders/00/6477g22d03d94yhs1vklznfw0000gn/T/XcodeDistPipeline.P7M/entitlementsa1QLcr' '--preserve-metadata=identifier,flags,runtime' '/var/folders/00/6477g22d03d94yhs1vklznfw0000gn/T/XcodeDistPipeline.P7M/Root/Payload/SongMe.app/Frameworks/libswiftFoundation.dylib'
2019-12-11 23:55:38 +0000  /var/folders/00/6477g22d03d94yhs1vklznfw0000gn/T/XcodeDistPipeline.P7M/Root/Payload/SongMe.app/Frameworks/libswiftFoundation.dylib: replacing existing signature
2019-12-11 23:55:38 +0000  /var/folders/00/6477g22d03d94yhs1vklznfw0000gn/T/XcodeDistPipeline.P7M/Root/Payload/SongMe.app/Frameworks/libswiftFoundation.dylib: signed Mach-O universal (armv7 armv7s arm64) [com.apple.dt.runtime.swiftFoundation]
2019-12-11 23:55:38 +0000  /usr/bin/codesign exited with 0
2019-12-11 23:55:38 +0000  Entitlements for <IDEDistributionItem: 0x7fe4d23eff50 'com.apple.dt.runtime.swiftMediaPlayer' '<DVTFilePath:0x7fe4d2654e90:'/Users/admin/Library/Developer/Xcode/Archives/2019-12-12/SongMe 12-12-2019, 12.54.xcarchive/Products/Applications/SongMe.app/Frameworks/libswiftMediaPlayer.dylib'>'>: {
}
2019-12-11 23:55:38 +0000  Writing entitlements for <IDEDistributionItem: 0x7fe4d23eff50 'com.apple.dt.runtime.swiftMediaPlayer' '<DVTFilePath:0x7fe4d2654e90:'/Users/admin/Library/Developer/Xcode/Archives/2019-12-12/SongMe 12-12-2019, 12.54.xcarchive/Products/Applications/SongMe.app/Frameworks/libswiftMediaPlayer.dylib'>'> to: /var/folders/00/6477g22d03d94yhs1vklznfw0000gn/T/XcodeDistPipeline.P7M/entitlementsKgVAh2
2019-12-11 23:55:38 +0000  Running /usr/bin/codesign '-vvv' '--force' '--sign' 'E743E360EDB7EF8F6E792FE778B84B2500DEBF88' '--entitlements' '/var/folders/00/6477g22d03d94yhs1vklznfw0000gn/T/XcodeDistPipeline.P7M/entitlementsKgVAh2' '--preserve-metadata=identifier,flags,runtime' '/var/folders/00/6477g22d03d94yhs1vklznfw0000gn/T/XcodeDistPipeline.P7M/Root/Payload/SongMe.app/Frameworks/libswiftMediaPlayer.dylib'
2019-12-11 23:55:38 +0000  /var/folders/00/6477g22d03d94yhs1vklznfw0000gn/T/XcodeDistPipeline.P7M/Root/Payload/SongMe.app/Frameworks/libswiftMediaPlayer.dylib: replacing existing signature
2019-12-11 23:55:38 +0000  /var/folders/00/6477g22d03d94yhs1vklznfw0000gn/T/XcodeDistPipeline.P7M/Root/Payload/SongMe.app/Frameworks/libswiftMediaPlayer.dylib: signed Mach-O universal (armv7 armv7s arm64) [com.apple.dt.runtime.swiftMediaPlayer]
2019-12-11 23:55:38 +0000  /usr/bin/codesign exited with 0
2019-12-11 23:55:38 +0000  Entitlements for <IDEDistributionItem: 0x7fe4d25a8860 'com.apple.dt.runtime.swiftMetal' '<DVTFilePath:0x7fe4ddc79120:'/Users/admin/Library/Developer/Xcode/Archives/2019-12-12/SongMe 12-12-2019, 12.54.xcarchive/Products/Applications/SongMe.app/Frameworks/libswiftMetal.dylib'>'>: {
}
2019-12-11 23:55:38 +0000  Writing entitlements for <IDEDistributionItem: 0x7fe4d25a8860 'com.apple.dt.runtime.swiftMetal' '<DVTFilePath:0x7fe4ddc79120:'/Users/admin/Library/Developer/Xcode/Archives/2019-12-12/SongMe 12-12-2019, 12.54.xcarchive/Products/Applications/SongMe.app/Frameworks/libswiftMetal.dylib'>'> to: /var/folders/00/6477g22d03d94yhs1vklznfw0000gn/T/XcodeDistPipeline.P7M/entitlementsGrVdIj
2019-12-11 23:55:38 +0000  Running /usr/bin/codesign '-vvv' '--force' '--sign' 'E743E360EDB7EF8F6E792FE778B84B2500DEBF88' '--entitlements' '/var/folders/00/6477g22d03d94yhs1vklznfw0000gn/T/XcodeDistPipeline.P7M/entitlementsGrVdIj' '--preserve-metadata=identifier,flags,runtime' '/var/folders/00/6477g22d03d94yhs1vklznfw0000gn/T/XcodeDistPipeline.P7M/Root/Payload/SongMe.app/Frameworks/libswiftMetal.dylib'
2019-12-11 23:55:39 +0000  /var/folders/00/6477g22d03d94yhs1vklznfw0000gn/T/XcodeDistPipeline.P7M/Root/Payload/SongMe.app/Frameworks/libswiftMetal.dylib: replacing existing signature
2019-12-11 23:55:39 +0000  /var/folders/00/6477g22d03d94yhs1vklznfw0000gn/T/XcodeDistPipeline.P7M/Root/Payload/SongMe.app/Frameworks/libswiftMetal.dylib: signed Mach-O universal (armv7 armv7s arm64) [com.apple.dt.runtime.swiftMetal]
2019-12-11 23:55:39 +0000  /usr/bin/codesign exited with 0
2019-12-11 23:55:39 +0000  Entitlements for <IDEDistributionItem: 0x7fe4d0fa33f0 'com.apple.dt.runtime.swiftObjectiveC' '<DVTFilePath:0x7fe4d1c10db0:'/Users/admin/Library/Developer/Xcode/Archives/2019-12-12/SongMe 12-12-2019, 12.54.xcarchive/Products/Applications/SongMe.app/Frameworks/libswiftObjectiveC.dylib'>'>: {
}
2019-12-11 23:55:39 +0000  Writing entitlements for <IDEDistributionItem: 0x7fe4d0fa33f0 'com.apple.dt.runtime.swiftObjectiveC' '<DVTFilePath:0x7fe4d1c10db0:'/Users/admin/Library/Developer/Xcode/Archives/2019-12-12/SongMe 12-12-2019, 12.54.xcarchive/Products/Applications/SongMe.app/Frameworks/libswiftObjectiveC.dylib'>'> to: /var/folders/00/6477g22d03d94yhs1vklznfw0000gn/T/XcodeDistPipeline.P7M/entitlementsUOS6kl
2019-12-11 23:55:39 +0000  Running /usr/bin/codesign '-vvv' '--force' '--sign' 'E743E360EDB7EF8F6E792FE778B84B2500DEBF88' '--entitlements' '/var/folders/00/6477g22d03d94yhs1vklznfw0000gn/T/XcodeDistPipeline.P7M/entitlementsUOS6kl' '--preserve-metadata=identifier,flags,runtime' '/var/folders/00/6477g22d03d94yhs1vklznfw0000gn/T/XcodeDistPipeline.P7M/Root/Payload/SongMe.app/Frameworks/libswiftObjectiveC.dylib'
2019-12-11 23:55:39 +0000  /var/folders/00/6477g22d03d94yhs1vklznfw0000gn/T/XcodeDistPipeline.P7M/Root/Payload/SongMe.app/Frameworks/libswiftObjectiveC.dylib: replacing existing signature
2019-12-11 23:55:39 +0000  /var/folders/00/6477g22d03d94yhs1vklznfw0000gn/T/XcodeDistPipeline.P7M/Root/Payload/SongMe.app/Frameworks/libswiftObjectiveC.dylib: signed Mach-O universal (armv7 armv7s arm64) [com.apple.dt.runtime.swiftObjectiveC]
2019-12-11 23:55:39 +0000  /usr/bin/codesign exited with 0
2019-12-11 23:55:39 +0000  Entitlements for <IDEDistributionItem: 0x7fe4d2655790 'com.apple.dt.runtime.swiftQuartzCore' '<DVTFilePath:0x7fe4df3ec0d0:'/Users/admin/Library/Developer/Xcode/Archives/2019-12-12/SongMe 12-12-2019, 12.54.xcarchive/Products/Applications/SongMe.app/Frameworks/libswiftQuartzCore.dylib'>'>: {
}
2019-12-11 23:55:39 +0000  Writing entitlements for <IDEDistributionItem: 0x7fe4d2655790 'com.apple.dt.runtime.swiftQuartzCore' '<DVTFilePath:0x7fe4df3ec0d0:'/Users/admin/Library/Developer/Xcode/Archives/2019-12-12/SongMe 12-12-2019, 12.54.xcarchive/Products/Applications/SongMe.app/Frameworks/libswiftQuartzCore.dylib'>'> to: /var/folders/00/6477g22d03d94yhs1vklznfw0000gn/T/XcodeDistPipeline.P7M/entitlementsGlHJZx
2019-12-11 23:55:39 +0000  Running /usr/bin/codesign '-vvv' '--force' '--sign' 'E743E360EDB7EF8F6E792FE778B84B2500DEBF88' '--entitlements' '/var/folders/00/6477g22d03d94yhs1vklznfw0000gn/T/XcodeDistPipeline.P7M/entitlementsGlHJZx' '--preserve-metadata=identifier,flags,runtime' '/var/folders/00/6477g22d03d94yhs1vklznfw0000gn/T/XcodeDistPipeline.P7M/Root/Payload/SongMe.app/Frameworks/libswiftQuartzCore.dylib'
2019-12-11 23:55:39 +0000  /var/folders/00/6477g22d03d94yhs1vklznfw0000gn/T/XcodeDistPipeline.P7M/Root/Payload/SongMe.app/Frameworks/libswiftQuartzCore.dylib: replacing existing signature
2019-12-11 23:55:39 +0000  /var/folders/00/6477g22d03d94yhs1vklznfw0000gn/T/XcodeDistPipeline.P7M/Root/Payload/SongMe.app/Frameworks/libswiftQuartzCore.dylib: signed Mach-O universal (armv7 armv7s arm64) [com.apple.dt.runtime.swiftQuartzCore]
2019-12-11 23:55:39 +0000  /usr/bin/codesign exited with 0
2019-12-11 23:55:39 +0000  Entitlements for <IDEDistributionItem: 0x7fe4d0f0fa60 'com.apple.dt.runtime.swiftUIKit' '<DVTFilePath:0x7fe4d8125700:'/Users/admin/Library/Developer/Xcode/Archives/2019-12-12/SongMe 12-12-2019, 12.54.xcarchive/Products/Applications/SongMe.app/Frameworks/libswiftUIKit.dylib'>'>: {
}
2019-12-11 23:55:39 +0000  Writing entitlements for <IDEDistributionItem: 0x7fe4d0f0fa60 'com.apple.dt.runtime.swiftUIKit' '<DVTFilePath:0x7fe4d8125700:'/Users/admin/Library/Developer/Xcode/Archives/2019-12-12/SongMe 12-12-2019, 12.54.xcarchive/Products/Applications/SongMe.app/Frameworks/libswiftUIKit.dylib'>'> to: /var/folders/00/6477g22d03d94yhs1vklznfw0000gn/T/XcodeDistPipeline.P7M/entitlementsIOUOhw
2019-12-11 23:55:39 +0000  Running /usr/bin/codesign '-vvv' '--force' '--sign' 'E743E360EDB7EF8F6E792FE778B84B2500DEBF88' '--entitlements' '/var/folders/00/6477g22d03d94yhs1vklznfw0000gn/T/XcodeDistPipeline.P7M/entitlementsIOUOhw' '--preserve-metadata=identifier,flags,runtime' '/var/folders/00/6477g22d03d94yhs1vklznfw0000gn/T/XcodeDistPipeline.P7M/Root/Payload/SongMe.app/Frameworks/libswiftUIKit.dylib'
2019-12-11 23:55:39 +0000  /var/folders/00/6477g22d03d94yhs1vklznfw0000gn/T/XcodeDistPipeline.P7M/Root/Payload/SongMe.app/Frameworks/libswiftUIKit.dylib: replacing existing signature
2019-12-11 23:55:39 +0000  /var/folders/00/6477g22d03d94yhs1vklznfw0000gn/T/XcodeDistPipeline.P7M/Root/Payload/SongMe.app/Frameworks/libswiftUIKit.dylib: signed Mach-O universal (armv7 armv7s arm64) [com.apple.dt.runtime.swiftUIKit]
2019-12-11 23:55:39 +0000  /usr/bin/codesign exited with 0
2019-12-11 23:55:39 +0000  Entitlements for <IDEDistributionItem: 0x7fe4d50b2060 'com.apple.dt.runtime.swiftos' '<DVTFilePath:0x7fe4ddcdf280:'/Users/admin/Library/Developer/Xcode/Archives/2019-12-12/SongMe 12-12-2019, 12.54.xcarchive/Products/Applications/SongMe.app/Frameworks/libswiftos.dylib'>'>: {
}
2019-12-11 23:55:39 +0000  Writing entitlements for <IDEDistributionItem: 0x7fe4d50b2060 'com.apple.dt.runtime.swiftos' '<DVTFilePath:0x7fe4ddcdf280:'/Users/admin/Library/Developer/Xcode/Archives/2019-12-12/SongMe 12-12-2019, 12.54.xcarchive/Products/Applications/SongMe.app/Frameworks/libswiftos.dylib'>'> to: /var/folders/00/6477g22d03d94yhs1vklznfw0000gn/T/XcodeDistPipeline.P7M/entitlementsSEgaMd
2019-12-11 23:55:39 +0000  Running /usr/bin/codesign '-vvv' '--force' '--sign' 'E743E360EDB7EF8F6E792FE778B84B2500DEBF88' '--entitlements' '/var/folders/00/6477g22d03d94yhs1vklznfw0000gn/T/XcodeDistPipeline.P7M/entitlementsSEgaMd' '--preserve-metadata=identifier,flags,runtime' '/var/folders/00/6477g22d03d94yhs1vklznfw0000gn/T/XcodeDistPipeline.P7M/Root/Payload/SongMe.app/Frameworks/libswiftos.dylib'
2019-12-11 23:55:39 +0000  /var/folders/00/6477g22d03d94yhs1vklznfw0000gn/T/XcodeDistPipeline.P7M/Root/Payload/SongMe.app/Frameworks/libswiftos.dylib: replacing existing signature
2019-12-11 23:55:39 +0000  /var/folders/00/6477g22d03d94yhs1vklznfw0000gn/T/XcodeDistPipeline.P7M/Root/Payload/SongMe.app/Frameworks/libswiftos.dylib: signed Mach-O universal (armv7 armv7s arm64) [com.apple.dt.runtime.swiftos]
2019-12-11 23:55:39 +0000  /usr/bin/codesign exited with 0
2019-12-11 23:55:39 +0000  Entitlements for <IDEDistributionItem: 0x7fe4d5e2dfc0 'com.apple.dt.runtime.swiftsimd' '<DVTFilePath:0x7fe4df3bf7e0:'/Users/admin/Library/Developer/Xcode/Archives/2019-12-12/SongMe 12-12-2019, 12.54.xcarchive/Products/Applications/SongMe.app/Frameworks/libswiftsimd.dylib'>'>: {
}
2019-12-11 23:55:39 +0000  Writing entitlements for <IDEDistributionItem: 0x7fe4d5e2dfc0 'com.apple.dt.runtime.swiftsimd' '<DVTFilePath:0x7fe4df3bf7e0:'/Users/admin/Library/Developer/Xcode/Archives/2019-12-12/SongMe 12-12-2019, 12.54.xcarchive/Products/Applications/SongMe.app/Frameworks/libswiftsimd.dylib'>'> to: /var/folders/00/6477g22d03d94yhs1vklznfw0000gn/T/XcodeDistPipeline.P7M/entitlementssxtFKM
2019-12-11 23:55:39 +0000  Running /usr/bin/codesign '-vvv' '--force' '--sign' 'E743E360EDB7EF8F6E792FE778B84B2500DEBF88' '--entitlements' '/var/folders/00/6477g22d03d94yhs1vklznfw0000gn/T/XcodeDistPipeline.P7M/entitlementssxtFKM' '--preserve-metadata=identifier,flags,runtime' '/var/folders/00/6477g22d03d94yhs1vklznfw0000gn/T/XcodeDistPipeline.P7M/Root/Payload/SongMe.app/Frameworks/libswiftsimd.dylib'
2019-12-11 23:55:39 +0000  /var/folders/00/6477g22d03d94yhs1vklznfw0000gn/T/XcodeDistPipeline.P7M/Root/Payload/SongMe.app/Frameworks/libswiftsimd.dylib: replacing existing signature
2019-12-11 23:55:40 +0000  /var/folders/00/6477g22d03d94yhs1vklznfw0000gn/T/XcodeDistPipeline.P7M/Root/Payload/SongMe.app/Frameworks/libswiftsimd.dylib: signed Mach-O universal (armv7 armv7s arm64) [com.apple.dt.runtime.swiftsimd]
2019-12-11 23:55:40 +0000  /usr/bin/codesign exited with 0
2019-12-11 23:55:40 +0000  Entitlements for <IDEDistributionItem: 0x7fe4d84f04c0 'mattweir.just-exploring-3' '<DVTFilePath:0x7fe4d54f2360:'/Users/admin/Library/Developer/Xcode/Archives/2019-12-12/SongMe 12-12-2019, 12.54.xcarchive/Products/Applications/SongMe.app'>'>: {
    "application-identifier" = "FF48ESATNC.mattweir.just-exploring-3";
    "com.apple.developer.default-data-protection" = NSFileProtectionComplete;
    "com.apple.developer.team-identifier" = FF48ESATNC;
    "get-task-allow" = 1;
}
2019-12-11 23:55:40 +0000  Writing entitlements for <IDEDistributionItem: 0x7fe4d84f04c0 'mattweir.just-exploring-3' '<DVTFilePath:0x7fe4d54f2360:'/Users/admin/Library/Developer/Xcode/Archives/2019-12-12/SongMe 12-12-2019, 12.54.xcarchive/Products/Applications/SongMe.app'>'> to: /var/folders/00/6477g22d03d94yhs1vklznfw0000gn/T/XcodeDistPipeline.P7M/entitlements7QJHdL
2019-12-11 23:55:40 +0000  Running /usr/bin/codesign '-vvv' '--force' '--sign' 'E743E360EDB7EF8F6E792FE778B84B2500DEBF88' '--entitlements' '/var/folders/00/6477g22d03d94yhs1vklznfw0000gn/T/XcodeDistPipeline.P7M/entitlements7QJHdL' '--preserve-metadata=identifier,flags,runtime' '/var/folders/00/6477g22d03d94yhs1vklznfw0000gn/T/XcodeDistPipeline.P7M/Root/Payload/SongMe.app'
2019-12-11 23:55:40 +0000  /var/folders/00/6477g22d03d94yhs1vklznfw0000gn/T/XcodeDistPipeline.P7M/Root/Payload/SongMe.app: replacing existing signature
2019-12-11 23:55:40 +0000  /var/folders/00/6477g22d03d94yhs1vklznfw0000gn/T/XcodeDistPipeline.P7M/Root/Payload/SongMe.app: signed app bundle with Mach-O thin (arm64) [mattweir.just-exploring-3]
2019-12-11 23:55:40 +0000  /usr/bin/codesign exited with 0
2019-12-11 23:55:40 +0000  Processing step: IDEDistributionZipODRItemStep
2019-12-11 23:55:40 +0000  Skipping step: IDEDistributionZipODRItemStep because it said so
2019-12-11 23:55:40 +0000  Skipping step: IDEDistributionZipODRItemStep because it said so
2019-12-11 23:55:40 +0000  Skipping step: IDEDistributionZipODRItemStep because it said so
2019-12-11 23:55:40 +0000  Skipping step: IDEDistributionZipODRItemStep because it said so
2019-12-11 23:55:40 +0000  Skipping step: IDEDistributionZipODRItemStep because it said so
2019-12-11 23:55:40 +0000  Skipping step: IDEDistributionZipODRItemStep because it said so
2019-12-11 23:55:40 +0000  Skipping step: IDEDistributionZipODRItemStep because it said so
2019-12-11 23:55:40 +0000  Skipping step: IDEDistributionZipODRItemStep because it said so
2019-12-11 23:55:40 +0000  Skipping step: IDEDistributionZipODRItemStep because it said so
2019-12-11 23:55:40 +0000  Skipping step: IDEDistributionZipODRItemStep because it said so
2019-12-11 23:55:40 +0000  Skipping step: IDEDistributionZipODRItemStep because it said so
2019-12-11 23:55:40 +0000  Skipping step: IDEDistributionZipODRItemStep because it said so
2019-12-11 23:55:40 +0000  Skipping step: IDEDistributionZipODRItemStep because it said so
2019-12-11 23:55:40 +0000  Skipping step: IDEDistributionZipODRItemStep because it said so
2019-12-11 23:55:40 +0000  Skipping step: IDEDistributionZipODRItemStep because it said so
2019-12-11 23:55:40 +0000  Skipping step: IDEDistributionZipODRItemStep because it said so
2019-12-11 23:55:40 +0000  Skipping step: IDEDistributionZipODRItemStep because it said so
2019-12-11 23:55:40 +0000  Skipping step: IDEDistributionZipODRItemStep because it said so
2019-12-11 23:55:40 +0000  Skipping step: IDEDistributionZipODRItemStep because it said so
2019-12-11 23:55:40 +0000  Skipping step: IDEDistributionZipODRItemStep because it said so
2019-12-11 23:55:40 +0000  Processing step: IDEDistributionCreateIPAStep
2019-12-11 23:55:40 +0000  Running /usr/bin/ditto '-V' '-c' '-k' '--norsrc' '/var/folders/00/6477g22d03d94yhs1vklznfw0000gn/T/XcodeDistPipeline.P7M/Root' '/var/folders/00/6477g22d03d94yhs1vklznfw0000gn/T/XcodeDistPipeline.P7M/Packages/SongMe.ipa'
2019-12-11 23:55:40 +0000  >>> Copying /var/folders/00/6477g22d03d94yhs1vklznfw0000gn/T/XcodeDistPipeline.P7M/Root 
2019-12-11 23:55:40 +0000  copying file ./Payload/SongMe.app/_CodeSignature/CodeResources ... 
2019-12-11 23:55:40 +0000  12361 bytes for ./Payload/SongMe.app/_CodeSignature/CodeResources
2019-12-11 23:55:40 +0000  copying file ./Payload/SongMe.app/Assets.car ... 
2019-12-11 23:55:40 +0000  42712 bytes for ./Payload/SongMe.app/Assets.car
2019-12-11 23:55:40 +0000  copying file ./Payload/SongMe.app/Base.lproj/LaunchScreen.storyboardc/01J-lp-oVM-view-Ze5-6b-2t3.nib ... 
2019-12-11 23:55:40 +0000  1136 bytes for ./Payload/SongMe.app/Base.lproj/LaunchScreen.storyboardc/01J-lp-oVM-view-Ze5-6b-2t3.nib
copying file ./Payload/SongMe.app/Base.lproj/LaunchScreen.storyboardc/Info.plist ... 
258 bytes for ./Payload/SongMe.app/Base.lproj/LaunchScreen.storyboardc/Info.plist
copying file ./Payload/SongMe.app/Base.lproj/LaunchScreen.storyboardc/UIViewController-01J-lp-oVM.nib ... 
2019-12-11 23:55:40 +0000  832 bytes for ./Payload/SongMe.app/Base.lproj/LaunchScreen.storyboardc/UIViewController-01J-lp-oVM.nib
copying file ./Payload/SongMe.app/Base.lproj/Main.storyboardc/4np-qL-b88-view-atP-Vq-Rgx.nib ... 
2019-12-11 23:55:40 +0000  2198 bytes for ./Payload/SongMe.app/Base.lproj/Main.storyboardc/4np-qL-b88-view-atP-Vq-Rgx.nib
copying file ./Payload/SongMe.app/Base.lproj/Main.storyboardc/52o-yq-pr8-view-djA-yN-9Yw.nib ... 
2019-12-11 23:55:40 +0000  2221 bytes for ./Payload/SongMe.app/Base.lproj/Main.storyboardc/52o-yq-pr8-view-djA-yN-9Yw.nib
2019-12-11 23:55:40 +0000  copying file ./Payload/SongMe.app/Base.lproj/Main.storyboardc/e9C-Td-deu-view-WW2-aC-hP5.nib ... 
2019-12-11 23:55:40 +0000  6655 bytes for ./Payload/SongMe.app/Base.lproj/Main.storyboardc/e9C-Td-deu-view-WW2-aC-hP5.nib
copying file ./Payload/SongMe.app/Base.lproj/Main.storyboardc/Info.plist ... 
2019-12-11 23:55:40 +0000  559 bytes for ./Payload/SongMe.app/Base.lproj/Main.storyboardc/Info.plist
copying file ./Payload/SongMe.app/Base.lproj/Main.storyboardc/jow-OS-RDo-view-c0h-QY-bEs.nib ... 
2019-12-11 23:55:40 +0000  7032 bytes for ./Payload/SongMe.app/Base.lproj/Main.storyboardc/jow-OS-RDo-view-c0h-QY-bEs.nib
2019-12-11 23:55:40 +0000  copying file ./Payload/SongMe.app/Base.lproj/Main.storyboardc/m7B-uG-kn7-view-KP3-SC-udx.nib ... 
2019-12-11 23:55:40 +0000  3251 bytes for ./Payload/SongMe.app/Base.lproj/Main.storyboardc/m7B-uG-kn7-view-KP3-SC-udx.nib
copying file ./Payload/SongMe.app/Base.lproj/Main.storyboardc/pne-Iy-L3c-view-pXG-Nn-4u3.nib ... 
2019-12-11 23:55:40 +0000  4396 bytes for ./Payload/SongMe.app/Base.lproj/Main.storyboardc/pne-Iy-L3c-view-pXG-Nn-4u3.nib
copying file ./Payload/SongMe.app/Base.lproj/Main.storyboardc/UINavigationController-BhC-rf-OdZ.nib ... 
2019-12-11 23:55:40 +0000  4349 bytes for ./Payload/SongMe.app/Base.lproj/Main.storyboardc/UINavigationController-BhC-rf-OdZ.nib
2019-12-11 23:55:40 +0000  copying file ./Payload/SongMe.app/Base.lproj/Main.storyboardc/UITableViewController-jow-OS-RDo.nib ... 
1682 bytes for ./Payload/SongMe.app/Base.lproj/Main.storyboardc/UITableViewController-jow-OS-RDo.nib
2019-12-11 23:55:40 +0000  copying file ./Payload/SongMe.app/Base.lproj/Main.storyboardc/UIViewController-4np-qL-b88.nib ... 
1169 bytes for ./Payload/SongMe.app/Base.lproj/Main.storyboardc/UIViewController-4np-qL-b88.nib
2019-12-11 23:55:40 +0000  copying file ./Payload/SongMe.app/Base.lproj/Main.storyboardc/UIViewController-52o-yq-pr8.nib ... 
1047 bytes for ./Payload/SongMe.app/Base.lproj/Main.storyboardc/UIViewController-52o-yq-pr8.nib
copying file ./Payload/SongMe.app/Base.lproj/Main.storyboardc/UIViewController-pne-Iy-L3c.nib ... 
2019-12-11 23:55:40 +0000  1226 bytes for ./Payload/SongMe.app/Base.lproj/Main.storyboardc/UIViewController-pne-Iy-L3c.nib
copying file ./Payload/SongMe.app/Base.lproj/Main.storyboardc/xvt-li-1LR-view-ht1-OZ-Vhp.nib ... 
2019-12-11 23:55:40 +0000  3735 bytes for ./Payload/SongMe.app/Base.lproj/Main.storyboardc/xvt-li-1LR-view-ht1-OZ-Vhp.nib
2019-12-11 23:55:40 +0000  copying file ./Payload/SongMe.app/embedded.mobileprovision ... 
2019-12-11 23:55:40 +0000  7564 bytes for ./Payload/SongMe.app/embedded.mobileprovision
2019-12-11 23:55:40 +0000  copying file ./Payload/SongMe.app/Frameworks/libswiftAssetsLibrary.dylib ... 
2019-12-11 23:55:40 +0000  251520 bytes for ./Payload/SongMe.app/Frameworks/libswiftAssetsLibrary.dylib
copying file ./Payload/SongMe.app/Frameworks/libswiftAVFoundation.dylib ... 
2019-12-11 23:55:40 +0000  525872 bytes for ./Payload/SongMe.app/Frameworks/libswiftAVFoundation.dylib
copying file ./Payload/SongMe.app/Frameworks/libswiftCore.dylib ... 
2019-12-11 23:55:41 +0000  16705920 bytes for ./Payload/SongMe.app/Frameworks/libswiftCore.dylib
copying file ./Payload/SongMe.app/Frameworks/libswiftCoreAudio.dylib ... 
2019-12-11 23:55:41 +0000  348624 bytes for ./Payload/SongMe.app/Frameworks/libswiftCoreAudio.dylib
copying file ./Payload/SongMe.app/Frameworks/libswiftCoreData.dylib ... 
2019-12-11 23:55:41 +0000  352656 bytes for ./Payload/SongMe.app/Frameworks/libswiftCoreData.dylib
2019-12-11 23:55:41 +0000  copying file ./Payload/SongMe.app/Frameworks/libswiftCoreFoundation.dylib ... 
2019-12-11 23:55:41 +0000  250752 bytes for ./Payload/SongMe.app/Frameworks/libswiftCoreFoundation.dylib
copying file ./Payload/SongMe.app/Frameworks/libswiftCoreGraphics.dylib ... 
2019-12-11 23:55:41 +0000  651792 bytes for ./Payload/SongMe.app/Frameworks/libswiftCoreGraphics.dylib
copying file ./Payload/SongMe.app/Frameworks/libswiftCoreImage.dylib ... 
2019-12-11 23:55:41 +0000  251056 bytes for ./Payload/SongMe.app/Frameworks/libswiftCoreImage.dylib
copying file ./Payload/SongMe.app/Frameworks/libswiftCoreMedia.dylib ... 
2019-12-11 23:55:41 +0000  299920 bytes for ./Payload/SongMe.app/Frameworks/libswiftCoreMedia.dylib
copying file ./Payload/SongMe.app/Frameworks/libswiftDarwin.dylib ... 
2019-12-11 23:55:41 +0000  402976 bytes for ./Payload/SongMe.app/Frameworks/libswiftDarwin.dylib
2019-12-11 23:55:41 +0000  copying file ./Payload/SongMe.app/Frameworks/libswiftDispatch.dylib ... 
2019-12-11 23:55:42 +0000  1059200 bytes for ./Payload/SongMe.app/Frameworks/libswiftDispatch.dylib
copying file ./Payload/SongMe.app/Frameworks/libswiftFoundation.dylib ... 
2019-12-11 23:55:42 +0000  8352704 bytes for ./Payload/SongMe.app/Frameworks/libswiftFoundation.dylib
copying file ./Payload/SongMe.app/Frameworks/libswiftMediaPlayer.dylib ... 
2019-12-11 23:55:42 +0000  356160 bytes for ./Payload/SongMe.app/Frameworks/libswiftMediaPlayer.dylib
copying file ./Payload/SongMe.app/Frameworks/libswiftMetal.dylib ... 
2019-12-11 23:55:42 +0000  295696 bytes for ./Payload/SongMe.app/Frameworks/libswiftMetal.dylib
copying file ./Payload/SongMe.app/Frameworks/libswiftObjectiveC.dylib ... 
2019-12-11 23:55:42 +0000  299600 bytes for ./Payload/SongMe.app/Frameworks/libswiftObjectiveC.dylib
copying file ./Payload/SongMe.app/Frameworks/libswiftos.dylib ... 
2019-12-11 23:55:42 +0000  299936 bytes for ./Payload/SongMe.app/Frameworks/libswiftos.dylib
copying file ./Payload/SongMe.app/Frameworks/libswiftQuartzCore.dylib ... 
2019-12-11 23:55:42 +0000  255104 bytes for ./Payload/SongMe.app/Frameworks/libswiftQuartzCore.dylib
2019-12-11 23:55:42 +0000  copying file ./Payload/SongMe.app/Frameworks/libswiftsimd.dylib ... 
2019-12-11 23:55:42 +0000  1802624 bytes for ./Payload/SongMe.app/Frameworks/libswiftsimd.dylib
copying file ./Payload/SongMe.app/Frameworks/libswiftUIKit.dylib ... 
2019-12-11 23:55:42 +0000  527088 bytes for ./Payload/SongMe.app/Frameworks/libswiftUIKit.dylib
2019-12-11 23:55:42 +0000  copying file ./Payload/SongMe.app/Info.plist ... 
1139 bytes for ./Payload/SongMe.app/Info.plist
copying file ./Payload/SongMe.app/PkgInfo ... 
8 bytes for ./Payload/SongMe.app/PkgInfo
copying file ./Payload/SongMe.app/SongMe ... 
2019-12-11 23:55:42 +0000  6337424 bytes for ./Payload/SongMe.app/SongMe
2019-12-11 23:55:42 +0000  /usr/bin/ditto exited with 0
2019-12-11 23:55:43 +0000  Processing step: IDEDistributionAppStoreInformationStep
2019-12-11 23:55:43 +0000  Skipping step: IDEDistributionAppStoreInformationStep because it said so
2019-12-11 23:55:43 +0000  Processing step: IDEDistributionCreateManifestStep
