2019-12-11 22:49:29 +0000  Initial pipeline context: <IDEDistributionProcessingPipelineContext: 0x7fe4d779b950; archive(resolved)='<IDEArchive: 0x7fe4d524e200>', distributionTask(resolved)='2', distributionDestination(resolved)='1', distributionMethod(resolved)='<IDEDistributionMethodDevelopmentSigned: 0x7fe4d55a3340>', team(resolved)='<IDEProvisioningDisambiguatableBasicTeam: 0x7fe4ddeb8ba0; teamID='FF48ESATNC', teamName='Matthew Weir', teamType='Individual', username='mattweir73@gmail.com', isFreeProvisioningTeam='0'>'>
	Chain (12, self inclusive):
	<IDEDistributionProcessingPipelineContext: 0x7fe4d779b950; archive = '<IDEArchive: 0x7fe4d524e200>', distributionMethod='<IDEDistributionMethodDevelopmentSigned: 0x7fe4d55a3340>', team='<IDEProvisioningDisambiguatableBasicTeam: 0x7fe4ddeb8ba0; teamID='FF48ESATNC', teamName='Matthew Weir', teamType='Individual', username='mattweir73@gmail.com', isFreeProvisioningTeam='0'>'>
	<IDEDistributionProcessingPipelineContext: 0x7fe4d74a0c60; archive = '<IDEArchive: 0x7fe4d524e200>', distributionMethod='<IDEDistributionMethodDevelopmentSigned: 0x7fe4d55a3340>', team='<IDEProvisioningDisambiguatableBasicTeam: 0x7fe4ddeb8ba0; teamID='FF48ESATNC', teamName='Matthew Weir', teamType='Individual', username='mattweir73@gmail.com', isFreeProvisioningTeam='0'>'>
	<IDEDistributionContext: 0x7fe4d83e3c30; archive = '<IDEArchive: 0x7fe4d524e200>', distributionMethod='<IDEDistributionMethodDevelopmentSigned: 0x7fe4d55a3340>', team='<IDEProvisioningDisambiguatableBasicTeam: 0x7fe4ddeb8ba0; teamID='FF48ESATNC', teamName='Matthew Weir', teamType='Individual', username='mattweir73@gmail.com', isFreeProvisioningTeam='0'>'>
	<IDEDistributionContext: 0x7fe4d5b88200; archive = '<IDEArchive: 0x7fe4d524e200>', distributionMethod='<IDEDistributionMethodDevelopmentSigned: 0x7fe4d55a3340>', team='<IDEProvisioningDisambiguatableBasicTeam: 0x7fe4ddeb8ba0; teamID='FF48ESATNC', teamName='Matthew Weir', teamType='Individual', username='mattweir73@gmail.com', isFreeProvisioningTeam='0'>'>
	<IDEDistributionContext: 0x7fe4d5b58d70; archive = '<IDEArchive: 0x7fe4d524e200>', distributionMethod='<IDEDistributionMethodDevelopmentSigned: 0x7fe4d55a3340>', team='<IDEProvisioningDisambiguatableBasicTeam: 0x7fe4ddeb8ba0; teamID='FF48ESATNC', teamName='Matthew Weir', teamType='Individual', username='mattweir73@gmail.com', isFreeProvisioningTeam='0'>'>
	<IDEDistributionContext: 0x7fe4d73840b0; archive = '<IDEArchive: 0x7fe4d524e200>', distributionMethod='<IDEDistributionMethodDevelopmentSigned: 0x7fe4d55a3340>', team='<IDEProvisioningDisambiguatableBasicTeam: 0x7fe4ddeb8ba0; teamID='FF48ESATNC', teamName='Matthew Weir', teamType='Individual', username='mattweir73@gmail.com', isFreeProvisioningTeam='0'>'>
	<IDEDistributionContext: 0x7fe4d83de010; archive = '<IDEArchive: 0x7fe4d524e200>', distributionMethod='<IDEDistributionMethodDevelopmentSigned: 0x7fe4d55a3340>', team='<IDEProvisioningDisambiguatableBasicTeam: 0x7fe4ddeb8ba0; teamID='FF48ESATNC', teamName='Matthew Weir', teamType='Individual', username='mattweir73@gmail.com', isFreeProvisioningTeam='0'>'>
	<IDEDistributionContext: 0x7fe4d5f087a0; archive = '<IDEArchive: 0x7fe4d524e200>', distributionMethod='<IDEDistributionMethodDevelopmentSigned: 0x7fe4d55a3340>', team='<IDEProvisioningDisambiguatableBasicTeam: 0x7fe4ddeb8ba0; teamID='FF48ESATNC', teamName='Matthew Weir', teamType='Individual', username='mattweir73@gmail.com', isFreeProvisioningTeam='0'>'>
	<IDEDistributionContext: 0x7fe4d83b8b10; archive = '<IDEArchive: 0x7fe4d524e200>', distributionMethod='<IDEDistributionMethodDevelopmentSigned: 0x7fe4d55a3340>', team='<IDEProvisioningDisambiguatableBasicTeam: 0x7fe4ddeb8ba0; teamID='FF48ESATNC', teamName='Matthew Weir', teamType='Individual', username='mattweir73@gmail.com', isFreeProvisioningTeam='0'>'>
	<IDEDistributionContext: 0x7fe4d77e9530; archive = '<IDEArchive: 0x7fe4d524e200>', distributionMethod='<IDEDistributionMethodDevelopmentSigned: 0x7fe4d55a3340>', team='(null)'>
	<IDEDistributionContext: 0x7fe4d1d1fbd0; archive = '<IDEArchive: 0x7fe4d524e200>', distributionMethod='<IDEDistributionMethodDevelopmentSigned: 0x7fe4d55a3340>', team='(null)'>
	<IDEDistributionContext: 0x7fe4d83db540; archive = '<IDEArchive: 0x7fe4d524e200>', distributionMethod='(null)', team='(null)'>
</IDEDistributionProcessingPipelineContext: 0x7fe4d779b950>
2019-12-11 22:49:29 +0000  Processing step: IDEDistributionCreateDestRootStep
2019-12-11 22:49:29 +0000  Processing step: IDEDistributionCopyItemStep
2019-12-11 22:49:29 +0000  Running /usr/bin/ditto '-V' '/Users/admin/Library/Developer/Xcode/Archives/2019-12-12/SongMe 12-12-2019, 11.47.xcarchive/Products/Applications/SongMe.app' '/var/folders/00/6477g22d03d94yhs1vklznfw0000gn/T/XcodeDistPipeline.JrX/Root/Payload/SongMe.app'
2019-12-11 22:49:29 +0000  >>> Copying /Users/admin/Library/Developer/Xcode/Archives/2019-12-12/SongMe 12-12-2019, 11.47.xcarchive/Products/Applications/SongMe.app 
2019-12-11 22:49:29 +0000  copying file ./_CodeSignature/CodeResources ... 
2019-12-11 22:49:29 +0000  12361 bytes for ./_CodeSignature/CodeResources
2019-12-11 22:49:29 +0000  copying file ./Assets.car ... 
2019-12-11 22:49:29 +0000  42712 bytes for ./Assets.car
2019-12-11 22:49:29 +0000  copying file ./Base.lproj/LaunchScreen.storyboardc/01J-lp-oVM-view-Ze5-6b-2t3.nib ... 
2019-12-11 22:49:29 +0000  1136 bytes for ./Base.lproj/LaunchScreen.storyboardc/01J-lp-oVM-view-Ze5-6b-2t3.nib
copying file ./Base.lproj/LaunchScreen.storyboardc/Info.plist ... 
258 bytes for ./Base.lproj/LaunchScreen.storyboardc/Info.plist
copying file ./Base.lproj/LaunchScreen.storyboardc/UIViewController-01J-lp-oVM.nib ... 
2019-12-11 22:49:29 +0000  832 bytes for ./Base.lproj/LaunchScreen.storyboardc/UIViewController-01J-lp-oVM.nib
2019-12-11 22:49:29 +0000  copying file ./Base.lproj/Main.storyboardc/4np-qL-b88-view-atP-Vq-Rgx.nib ... 
2019-12-11 22:49:29 +0000  2198 bytes for ./Base.lproj/Main.storyboardc/4np-qL-b88-view-atP-Vq-Rgx.nib
2019-12-11 22:49:29 +0000  copying file ./Base.lproj/Main.storyboardc/52o-yq-pr8-view-djA-yN-9Yw.nib ... 
2019-12-11 22:49:29 +0000  2221 bytes for ./Base.lproj/Main.storyboardc/52o-yq-pr8-view-djA-yN-9Yw.nib
2019-12-11 22:49:29 +0000  copying file ./Base.lproj/Main.storyboardc/e9C-Td-deu-view-WW2-aC-hP5.nib ... 
2019-12-11 22:49:29 +0000  6654 bytes for ./Base.lproj/Main.storyboardc/e9C-Td-deu-view-WW2-aC-hP5.nib
2019-12-11 22:49:29 +0000  copying file ./Base.lproj/Main.storyboardc/Info.plist ... 
2019-12-11 22:49:29 +0000  559 bytes for ./Base.lproj/Main.storyboardc/Info.plist
2019-12-11 22:49:29 +0000  copying file ./Base.lproj/Main.storyboardc/jow-OS-RDo-view-c0h-QY-bEs.nib ... 
2019-12-11 22:49:29 +0000  7025 bytes for ./Base.lproj/Main.storyboardc/jow-OS-RDo-view-c0h-QY-bEs.nib
copying file ./Base.lproj/Main.storyboardc/m7B-uG-kn7-view-KP3-SC-udx.nib ... 
2019-12-11 22:49:29 +0000  3243 bytes for ./Base.lproj/Main.storyboardc/m7B-uG-kn7-view-KP3-SC-udx.nib
copying file ./Base.lproj/Main.storyboardc/pne-Iy-L3c-view-pXG-Nn-4u3.nib ... 
2019-12-11 22:49:29 +0000  4383 bytes for ./Base.lproj/Main.storyboardc/pne-Iy-L3c-view-pXG-Nn-4u3.nib
2019-12-11 22:49:29 +0000  copying file ./Base.lproj/Main.storyboardc/UINavigationController-BhC-rf-OdZ.nib ... 
2019-12-11 22:49:29 +0000  4342 bytes for ./Base.lproj/Main.storyboardc/UINavigationController-BhC-rf-OdZ.nib
copying file ./Base.lproj/Main.storyboardc/UITableViewController-jow-OS-RDo.nib ... 
2019-12-11 22:49:29 +0000  1682 bytes for ./Base.lproj/Main.storyboardc/UITableViewController-jow-OS-RDo.nib
copying file ./Base.lproj/Main.storyboardc/UIViewController-4np-qL-b88.nib ... 
2019-12-11 22:49:29 +0000  1169 bytes for ./Base.lproj/Main.storyboardc/UIViewController-4np-qL-b88.nib
2019-12-11 22:49:29 +0000  copying file ./Base.lproj/Main.storyboardc/UIViewController-52o-yq-pr8.nib ... 
2019-12-11 22:49:29 +0000  1047 bytes for ./Base.lproj/Main.storyboardc/UIViewController-52o-yq-pr8.nib
copying file ./Base.lproj/Main.storyboardc/UIViewController-pne-Iy-L3c.nib ... 
2019-12-11 22:49:29 +0000  1226 bytes for ./Base.lproj/Main.storyboardc/UIViewController-pne-Iy-L3c.nib
copying file ./Base.lproj/Main.storyboardc/xvt-li-1LR-view-ht1-OZ-Vhp.nib ... 
2019-12-11 22:49:29 +0000  3735 bytes for ./Base.lproj/Main.storyboardc/xvt-li-1LR-view-ht1-OZ-Vhp.nib
2019-12-11 22:49:29 +0000  copying file ./embedded.mobileprovision ... 
2019-12-11 22:49:29 +0000  7564 bytes for ./embedded.mobileprovision
2019-12-11 22:49:29 +0000  copying file ./Frameworks/libswiftAssetsLibrary.dylib ... 
2019-12-11 22:49:29 +0000  332992 bytes for ./Frameworks/libswiftAssetsLibrary.dylib
2019-12-11 22:49:29 +0000  copying file ./Frameworks/libswiftAVFoundation.dylib ... 
721008 bytes for ./Frameworks/libswiftAVFoundation.dylib
copying file ./Frameworks/libswiftCore.dylib ... 
2019-12-11 22:49:29 +0000  23112512 bytes for ./Frameworks/libswiftCore.dylib
2019-12-11 22:49:30 +0000  copying file ./Frameworks/libswiftCoreAudio.dylib ... 
462384 bytes for ./Frameworks/libswiftCoreAudio.dylib
copying file ./Frameworks/libswiftCoreData.dylib ... 
466672 bytes for ./Frameworks/libswiftCoreData.dylib
copying file ./Frameworks/libswiftCoreFoundation.dylib ... 
332256 bytes for ./Frameworks/libswiftCoreFoundation.dylib
copying file ./Frameworks/libswiftCoreGraphics.dylib ... 
863168 bytes for ./Frameworks/libswiftCoreGraphics.dylib
copying file ./Frameworks/libswiftCoreImage.dylib ... 
332496 bytes for ./Frameworks/libswiftCoreImage.dylib
copying file ./Frameworks/libswiftCoreMedia.dylib ... 
397568 bytes for ./Frameworks/libswiftCoreMedia.dylib
copying file ./Frameworks/libswiftDarwin.dylib ... 
532960 bytes for ./Frameworks/libswiftDarwin.dylib
copying file ./Frameworks/libswiftDispatch.dylib ... 
1417840 bytes for ./Frameworks/libswiftDispatch.dylib
copying file ./Frameworks/libswiftFoundation.dylib ... 
2019-12-11 22:49:30 +0000  /usr/bin/ditto exited with 0
2019-12-11 22:49:30 +0000  11341184 bytes for ./Frameworks/libswiftFoundation.dylib
copying file ./Frameworks/libswiftMediaPlayer.dylib ... 
469776 bytes for ./Frameworks/libswiftMediaPlayer.dylib
copying file ./Frameworks/libswiftMetal.dylib ... 
393312 bytes for ./Frameworks/libswiftMetal.dylib
copying file ./Frameworks/libswiftObjectiveC.dylib ... 
397136 bytes for ./Frameworks/libswiftObjectiveC.dylib
copying file ./Frameworks/libswiftos.dylib ... 
397504 bytes for ./Frameworks/libswiftos.dylib
copying file ./Frameworks/libswiftQuartzCore.dylib ... 
336496 bytes for ./Frameworks/libswiftQuartzCore.dylib
copying file ./Frameworks/libswiftsimd.dylib ... 
2407744 bytes for ./Frameworks/libswiftsimd.dylib
copying file ./Frameworks/libswiftUIKit.dylib ... 
721824 bytes for ./Frameworks/libswiftUIKit.dylib
copying file ./Info.plist ... 
1139 bytes for ./Info.plist
copying file ./PkgInfo ... 
8 bytes for ./PkgInfo
copying file ./SongMe ... 
6337424 bytes for ./SongMe
2019-12-11 22:49:30 +0000  Processing step: IDEDistributionEmbedProfileStep
2019-12-11 22:49:30 +0000  Skipping profile for item: <IDEDistributionItem: 0x7fe4d5b66480 'com.apple.dt.runtime.swiftAVFoundation' '<DVTFilePath:0x7fe4d5234480:'/Users/admin/Library/Developer/Xcode/Archives/2019-12-12/SongMe 12-12-2019, 11.47.xcarchive/Products/Applications/SongMe.app/Frameworks/libswiftAVFoundation.dylib'>'>
2019-12-11 22:49:30 +0000  Skipping profile for item: <IDEDistributionItem: 0x7fe4d550bc60 'com.apple.dt.runtime.swiftAssetsLibrary' '<DVTFilePath:0x7fe4d742b010:'/Users/admin/Library/Developer/Xcode/Archives/2019-12-12/SongMe 12-12-2019, 11.47.xcarchive/Products/Applications/SongMe.app/Frameworks/libswiftAssetsLibrary.dylib'>'>
2019-12-11 22:49:30 +0000  Skipping profile for item: <IDEDistributionItem: 0x7fe4d75eafa0 'com.apple.dt.runtime.swiftCore' '<DVTFilePath:0x7fe4d529d790:'/Users/admin/Library/Developer/Xcode/Archives/2019-12-12/SongMe 12-12-2019, 11.47.xcarchive/Products/Applications/SongMe.app/Frameworks/libswiftCore.dylib'>'>
2019-12-11 22:49:30 +0000  Skipping profile for item: <IDEDistributionItem: 0x7fe4d257a140 'com.apple.dt.runtime.swiftCoreAudio' '<DVTFilePath:0x7fe4d525a610:'/Users/admin/Library/Developer/Xcode/Archives/2019-12-12/SongMe 12-12-2019, 11.47.xcarchive/Products/Applications/SongMe.app/Frameworks/libswiftCoreAudio.dylib'>'>
2019-12-11 22:49:30 +0000  Skipping profile for item: <IDEDistributionItem: 0x7fe4d74d1d60 'com.apple.dt.runtime.swiftCoreData' '<DVTFilePath:0x7fe4d81aacd0:'/Users/admin/Library/Developer/Xcode/Archives/2019-12-12/SongMe 12-12-2019, 11.47.xcarchive/Products/Applications/SongMe.app/Frameworks/libswiftCoreData.dylib'>'>
2019-12-11 22:49:30 +0000  Skipping profile for item: <IDEDistributionItem: 0x7fe4d5b5c700 'com.apple.dt.runtime.swiftCoreFoundation' '<DVTFilePath:0x7fe4d8174170:'/Users/admin/Library/Developer/Xcode/Archives/2019-12-12/SongMe 12-12-2019, 11.47.xcarchive/Products/Applications/SongMe.app/Frameworks/libswiftCoreFoundation.dylib'>'>
2019-12-11 22:49:30 +0000  Skipping profile for item: <IDEDistributionItem: 0x7fe4cee4e710 'com.apple.dt.runtime.swiftCoreGraphics' '<DVTFilePath:0x7fe4d72204a0:'/Users/admin/Library/Developer/Xcode/Archives/2019-12-12/SongMe 12-12-2019, 11.47.xcarchive/Products/Applications/SongMe.app/Frameworks/libswiftCoreGraphics.dylib'>'>
2019-12-11 22:49:30 +0000  Skipping profile for item: <IDEDistributionItem: 0x7fe4d64907f0 'com.apple.dt.runtime.swiftCoreImage' '<DVTFilePath:0x7fe4d547f830:'/Users/admin/Library/Developer/Xcode/Archives/2019-12-12/SongMe 12-12-2019, 11.47.xcarchive/Products/Applications/SongMe.app/Frameworks/libswiftCoreImage.dylib'>'>
2019-12-11 22:49:30 +0000  Skipping profile for item: <IDEDistributionItem: 0x7fe4d752e610 'com.apple.dt.runtime.swiftCoreMedia' '<DVTFilePath:0x7fe4d81e9d70:'/Users/admin/Library/Developer/Xcode/Archives/2019-12-12/SongMe 12-12-2019, 11.47.xcarchive/Products/Applications/SongMe.app/Frameworks/libswiftCoreMedia.dylib'>'>
2019-12-11 22:49:30 +0000  Skipping profile for item: <IDEDistributionItem: 0x7fe4d64d2000 'com.apple.dt.runtime.swiftDarwin' '<DVTFilePath:0x7fe4d8115af0:'/Users/admin/Library/Developer/Xcode/Archives/2019-12-12/SongMe 12-12-2019, 11.47.xcarchive/Products/Applications/SongMe.app/Frameworks/libswiftDarwin.dylib'>'>
2019-12-11 22:49:30 +0000  Skipping profile for item: <IDEDistributionItem: 0x7fe4d64f1380 'com.apple.dt.runtime.swiftDispatch' '<DVTFilePath:0x7fe4d729af20:'/Users/admin/Library/Developer/Xcode/Archives/2019-12-12/SongMe 12-12-2019, 11.47.xcarchive/Products/Applications/SongMe.app/Frameworks/libswiftDispatch.dylib'>'>
2019-12-11 22:49:30 +0000  Skipping profile for item: <IDEDistributionItem: 0x7fe4d5583020 'com.apple.dt.runtime.swiftFoundation' '<DVTFilePath:0x7fe4d81940a0:'/Users/admin/Library/Developer/Xcode/Archives/2019-12-12/SongMe 12-12-2019, 11.47.xcarchive/Products/Applications/SongMe.app/Frameworks/libswiftFoundation.dylib'>'>
2019-12-11 22:49:30 +0000  Skipping profile for item: <IDEDistributionItem: 0x7fe4d559ee40 'com.apple.dt.runtime.swiftMediaPlayer' '<DVTFilePath:0x7fe4d72b7060:'/Users/admin/Library/Developer/Xcode/Archives/2019-12-12/SongMe 12-12-2019, 11.47.xcarchive/Products/Applications/SongMe.app/Frameworks/libswiftMediaPlayer.dylib'>'>
2019-12-11 22:49:30 +0000  Skipping profile for item: <IDEDistributionItem: 0x7fe4d60af450 'com.apple.dt.runtime.swiftMetal' '<DVTFilePath:0x7fe4d52eff20:'/Users/admin/Library/Developer/Xcode/Archives/2019-12-12/SongMe 12-12-2019, 11.47.xcarchive/Products/Applications/SongMe.app/Frameworks/libswiftMetal.dylib'>'>
2019-12-11 22:49:30 +0000  Skipping profile for item: <IDEDistributionItem: 0x7fe4d6415280 'com.apple.dt.runtime.swiftObjectiveC' '<DVTFilePath:0x7fe4d7418c50:'/Users/admin/Library/Developer/Xcode/Archives/2019-12-12/SongMe 12-12-2019, 11.47.xcarchive/Products/Applications/SongMe.app/Frameworks/libswiftObjectiveC.dylib'>'>
2019-12-11 22:49:30 +0000  Skipping profile for item: <IDEDistributionItem: 0x7fe4d81a99d0 'com.apple.dt.runtime.swiftQuartzCore' '<DVTFilePath:0x7fe4d81a80c0:'/Users/admin/Library/Developer/Xcode/Archives/2019-12-12/SongMe 12-12-2019, 11.47.xcarchive/Products/Applications/SongMe.app/Frameworks/libswiftQuartzCore.dylib'>'>
2019-12-11 22:49:30 +0000  Skipping profile for item: <IDEDistributionItem: 0x7fe4d83a0ca0 'com.apple.dt.runtime.swiftUIKit' '<DVTFilePath:0x7fe4d8104390:'/Users/admin/Library/Developer/Xcode/Archives/2019-12-12/SongMe 12-12-2019, 11.47.xcarchive/Products/Applications/SongMe.app/Frameworks/libswiftUIKit.dylib'>'>
2019-12-11 22:49:30 +0000  Skipping profile for item: <IDEDistributionItem: 0x7fe4ceee8070 'com.apple.dt.runtime.swiftos' '<DVTFilePath:0x7fe4d529a040:'/Users/admin/Library/Developer/Xcode/Archives/2019-12-12/SongMe 12-12-2019, 11.47.xcarchive/Products/Applications/SongMe.app/Frameworks/libswiftos.dylib'>'>
2019-12-11 22:49:30 +0000  Skipping profile for item: <IDEDistributionItem: 0x7fe4d5bc9100 'com.apple.dt.runtime.swiftsimd' '<DVTFilePath:0x7fe4d7400820:'/Users/admin/Library/Developer/Xcode/Archives/2019-12-12/SongMe 12-12-2019, 11.47.xcarchive/Products/Applications/SongMe.app/Frameworks/libswiftsimd.dylib'>'>
2019-12-11 22:49:30 +0000  Processing step: IDEDistributionAppThinningPlistStep
2019-12-11 22:49:30 +0000  Skipping step: IDEDistributionAppThinningPlistStep because it said so
2019-12-11 22:49:30 +0000  Processing step: IDEDistributionCompileBitcodeStep
2019-12-11 22:49:30 +0000  Skipping step: IDEDistributionCompileBitcodeStep because it said so
2019-12-11 22:49:30 +0000  Processing step: IDEDistributionCodeSlimmingStep
2019-12-11 22:49:30 +0000  Processing step: IDEDistributionCopyBCSymbolMapsStep
2019-12-11 22:49:30 +0000  Skipping step: IDEDistributionCopyBCSymbolMapsStep because it said so
2019-12-11 22:49:30 +0000  Skipping step: IDEDistributionCopyBCSymbolMapsStep because it said so
2019-12-11 22:49:30 +0000  Skipping step: IDEDistributionCopyBCSymbolMapsStep because it said so
2019-12-11 22:49:30 +0000  Skipping step: IDEDistributionCopyBCSymbolMapsStep because it said so
2019-12-11 22:49:30 +0000  Skipping step: IDEDistributionCopyBCSymbolMapsStep because it said so
2019-12-11 22:49:30 +0000  Skipping step: IDEDistributionCopyBCSymbolMapsStep because it said so
2019-12-11 22:49:30 +0000  Skipping step: IDEDistributionCopyBCSymbolMapsStep because it said so
2019-12-11 22:49:30 +0000  Skipping step: IDEDistributionCopyBCSymbolMapsStep because it said so
2019-12-11 22:49:30 +0000  Skipping step: IDEDistributionCopyBCSymbolMapsStep because it said so
2019-12-11 22:49:30 +0000  Skipping step: IDEDistributionCopyBCSymbolMapsStep because it said so
2019-12-11 22:49:30 +0000  Skipping step: IDEDistributionCopyBCSymbolMapsStep because it said so
2019-12-11 22:49:30 +0000  Skipping step: IDEDistributionCopyBCSymbolMapsStep because it said so
2019-12-11 22:49:30 +0000  Skipping step: IDEDistributionCopyBCSymbolMapsStep because it said so
2019-12-11 22:49:30 +0000  Skipping step: IDEDistributionCopyBCSymbolMapsStep because it said so
2019-12-11 22:49:30 +0000  Skipping step: IDEDistributionCopyBCSymbolMapsStep because it said so
2019-12-11 22:49:30 +0000  Skipping step: IDEDistributionCopyBCSymbolMapsStep because it said so
2019-12-11 22:49:30 +0000  Skipping step: IDEDistributionCopyBCSymbolMapsStep because it said so
2019-12-11 22:49:30 +0000  Skipping step: IDEDistributionCopyBCSymbolMapsStep because it said so
2019-12-11 22:49:30 +0000  Skipping step: IDEDistributionCopyBCSymbolMapsStep because it said so
2019-12-11 22:49:30 +0000  Skipping step: IDEDistributionCopyBCSymbolMapsStep because it said so
2019-12-11 22:49:30 +0000  Processing step: IDEDistributionSymbolsStep
2019-12-11 22:49:30 +0000  Skipping step: IDEDistributionSymbolsStep because it said so
2019-12-11 22:49:30 +0000  Skipping step: IDEDistributionSymbolsStep because it said so
2019-12-11 22:49:30 +0000  Skipping step: IDEDistributionSymbolsStep because it said so
2019-12-11 22:49:30 +0000  Skipping step: IDEDistributionSymbolsStep because it said so
2019-12-11 22:49:30 +0000  Skipping step: IDEDistributionSymbolsStep because it said so
2019-12-11 22:49:30 +0000  Skipping step: IDEDistributionSymbolsStep because it said so
2019-12-11 22:49:30 +0000  Skipping step: IDEDistributionSymbolsStep because it said so
2019-12-11 22:49:30 +0000  Skipping step: IDEDistributionSymbolsStep because it said so
2019-12-11 22:49:30 +0000  Skipping step: IDEDistributionSymbolsStep because it said so
2019-12-11 22:49:30 +0000  Skipping step: IDEDistributionSymbolsStep because it said so
2019-12-11 22:49:30 +0000  Skipping step: IDEDistributionSymbolsStep because it said so
2019-12-11 22:49:30 +0000  Skipping step: IDEDistributionSymbolsStep because it said so
2019-12-11 22:49:30 +0000  Skipping step: IDEDistributionSymbolsStep because it said so
2019-12-11 22:49:30 +0000  Skipping step: IDEDistributionSymbolsStep because it said so
2019-12-11 22:49:30 +0000  Skipping step: IDEDistributionSymbolsStep because it said so
2019-12-11 22:49:30 +0000  Skipping step: IDEDistributionSymbolsStep because it said so
2019-12-11 22:49:30 +0000  Skipping step: IDEDistributionSymbolsStep because it said so
2019-12-11 22:49:30 +0000  Skipping step: IDEDistributionSymbolsStep because it said so
2019-12-11 22:49:30 +0000  Skipping step: IDEDistributionSymbolsStep because it said so
2019-12-11 22:49:30 +0000  Skipping step: IDEDistributionSymbolsStep because it said so
2019-12-11 22:49:30 +0000  Processing step: IDEDistributionAppThinningStep
2019-12-11 22:49:30 +0000  Skipping step: IDEDistributionAppThinningStep because it said so
2019-12-11 22:49:30 +0000  Processing step: IDEDistributionArchThinningStep
2019-12-11 22:49:30 +0000  Running /Applications/Xcode.app/Contents/Developer/Toolchains/XcodeDefault.xctoolchain/usr/bin/lipo '/var/folders/00/6477g22d03d94yhs1vklznfw0000gn/T/XcodeDistPipeline.JrX/Root/Payload/SongMe.app/Frameworks/libswiftAVFoundation.dylib' '-verify_arch' 'arm64e'
2019-12-11 22:49:30 +0000  /Applications/Xcode.app/Contents/Developer/Toolchains/XcodeDefault.xctoolchain/usr/bin/lipo exited with 0
2019-12-11 22:49:30 +0000  Running /Applications/Xcode.app/Contents/Developer/Toolchains/XcodeDefault.xctoolchain/usr/bin/lipo '/var/folders/00/6477g22d03d94yhs1vklznfw0000gn/T/XcodeDistPipeline.JrX/Root/Payload/SongMe.app/Frameworks/libswiftAVFoundation.dylib' '-remove' 'arm64e' '-output' '/var/folders/00/6477g22d03d94yhs1vklznfw0000gn/T/XcodeDistPipeline.JrX/Root/Payload/SongMe.app/Frameworks/libswiftAVFoundation.dylib'
2019-12-11 22:49:30 +0000  /Applications/Xcode.app/Contents/Developer/Toolchains/XcodeDefault.xctoolchain/usr/bin/lipo exited with 0
2019-12-11 22:49:30 +0000  Successfully thinned item "libswiftAVFoundation.dylib", arch "arm64e"
2019-12-11 22:49:30 +0000  Running /Applications/Xcode.app/Contents/Developer/Toolchains/XcodeDefault.xctoolchain/usr/bin/lipo '/var/folders/00/6477g22d03d94yhs1vklznfw0000gn/T/XcodeDistPipeline.JrX/Root/Payload/SongMe.app/Frameworks/libswiftAssetsLibrary.dylib' '-verify_arch' 'arm64e'
2019-12-11 22:49:30 +0000  /Applications/Xcode.app/Contents/Developer/Toolchains/XcodeDefault.xctoolchain/usr/bin/lipo exited with 0
2019-12-11 22:49:30 +0000  Running /Applications/Xcode.app/Contents/Developer/Toolchains/XcodeDefault.xctoolchain/usr/bin/lipo '/var/folders/00/6477g22d03d94yhs1vklznfw0000gn/T/XcodeDistPipeline.JrX/Root/Payload/SongMe.app/Frameworks/libswiftAssetsLibrary.dylib' '-remove' 'arm64e' '-output' '/var/folders/00/6477g22d03d94yhs1vklznfw0000gn/T/XcodeDistPipeline.JrX/Root/Payload/SongMe.app/Frameworks/libswiftAssetsLibrary.dylib'
2019-12-11 22:49:30 +0000  /Applications/Xcode.app/Contents/Developer/Toolchains/XcodeDefault.xctoolchain/usr/bin/lipo exited with 0
2019-12-11 22:49:30 +0000  Successfully thinned item "libswiftAssetsLibrary.dylib", arch "arm64e"
2019-12-11 22:49:30 +0000  Running /Applications/Xcode.app/Contents/Developer/Toolchains/XcodeDefault.xctoolchain/usr/bin/lipo '/var/folders/00/6477g22d03d94yhs1vklznfw0000gn/T/XcodeDistPipeline.JrX/Root/Payload/SongMe.app/Frameworks/libswiftCore.dylib' '-verify_arch' 'arm64e'
2019-12-11 22:49:30 +0000  /Applications/Xcode.app/Contents/Developer/Toolchains/XcodeDefault.xctoolchain/usr/bin/lipo exited with 0
2019-12-11 22:49:30 +0000  Running /Applications/Xcode.app/Contents/Developer/Toolchains/XcodeDefault.xctoolchain/usr/bin/lipo '/var/folders/00/6477g22d03d94yhs1vklznfw0000gn/T/XcodeDistPipeline.JrX/Root/Payload/SongMe.app/Frameworks/libswiftCore.dylib' '-remove' 'arm64e' '-output' '/var/folders/00/6477g22d03d94yhs1vklznfw0000gn/T/XcodeDistPipeline.JrX/Root/Payload/SongMe.app/Frameworks/libswiftCore.dylib'
2019-12-11 22:49:30 +0000  /Applications/Xcode.app/Contents/Developer/Toolchains/XcodeDefault.xctoolchain/usr/bin/lipo exited with 0
2019-12-11 22:49:30 +0000  Successfully thinned item "libswiftCore.dylib", arch "arm64e"
2019-12-11 22:49:30 +0000  Running /Applications/Xcode.app/Contents/Developer/Toolchains/XcodeDefault.xctoolchain/usr/bin/lipo '/var/folders/00/6477g22d03d94yhs1vklznfw0000gn/T/XcodeDistPipeline.JrX/Root/Payload/SongMe.app/Frameworks/libswiftCoreAudio.dylib' '-verify_arch' 'arm64e'
2019-12-11 22:49:30 +0000  /Applications/Xcode.app/Contents/Developer/Toolchains/XcodeDefault.xctoolchain/usr/bin/lipo exited with 0
2019-12-11 22:49:30 +0000  Running /Applications/Xcode.app/Contents/Developer/Toolchains/XcodeDefault.xctoolchain/usr/bin/lipo '/var/folders/00/6477g22d03d94yhs1vklznfw0000gn/T/XcodeDistPipeline.JrX/Root/Payload/SongMe.app/Frameworks/libswiftCoreAudio.dylib' '-remove' 'arm64e' '-output' '/var/folders/00/6477g22d03d94yhs1vklznfw0000gn/T/XcodeDistPipeline.JrX/Root/Payload/SongMe.app/Frameworks/libswiftCoreAudio.dylib'
2019-12-11 22:49:30 +0000  /Applications/Xcode.app/Contents/Developer/Toolchains/XcodeDefault.xctoolchain/usr/bin/lipo exited with 0
2019-12-11 22:49:30 +0000  Successfully thinned item "libswiftCoreAudio.dylib", arch "arm64e"
2019-12-11 22:49:30 +0000  Running /Applications/Xcode.app/Contents/Developer/Toolchains/XcodeDefault.xctoolchain/usr/bin/lipo '/var/folders/00/6477g22d03d94yhs1vklznfw0000gn/T/XcodeDistPipeline.JrX/Root/Payload/SongMe.app/Frameworks/libswiftCoreData.dylib' '-verify_arch' 'arm64e'
2019-12-11 22:49:30 +0000  /Applications/Xcode.app/Contents/Developer/Toolchains/XcodeDefault.xctoolchain/usr/bin/lipo exited with 0
2019-12-11 22:49:30 +0000  Running /Applications/Xcode.app/Contents/Developer/Toolchains/XcodeDefault.xctoolchain/usr/bin/lipo '/var/folders/00/6477g22d03d94yhs1vklznfw0000gn/T/XcodeDistPipeline.JrX/Root/Payload/SongMe.app/Frameworks/libswiftCoreData.dylib' '-remove' 'arm64e' '-output' '/var/folders/00/6477g22d03d94yhs1vklznfw0000gn/T/XcodeDistPipeline.JrX/Root/Payload/SongMe.app/Frameworks/libswiftCoreData.dylib'
2019-12-11 22:49:30 +0000  /Applications/Xcode.app/Contents/Developer/Toolchains/XcodeDefault.xctoolchain/usr/bin/lipo exited with 0
2019-12-11 22:49:30 +0000  Successfully thinned item "libswiftCoreData.dylib", arch "arm64e"
2019-12-11 22:49:30 +0000  Running /Applications/Xcode.app/Contents/Developer/Toolchains/XcodeDefault.xctoolchain/usr/bin/lipo '/var/folders/00/6477g22d03d94yhs1vklznfw0000gn/T/XcodeDistPipeline.JrX/Root/Payload/SongMe.app/Frameworks/libswiftCoreFoundation.dylib' '-verify_arch' 'arm64e'
2019-12-11 22:49:30 +0000  /Applications/Xcode.app/Contents/Developer/Toolchains/XcodeDefault.xctoolchain/usr/bin/lipo exited with 0
2019-12-11 22:49:30 +0000  Running /Applications/Xcode.app/Contents/Developer/Toolchains/XcodeDefault.xctoolchain/usr/bin/lipo '/var/folders/00/6477g22d03d94yhs1vklznfw0000gn/T/XcodeDistPipeline.JrX/Root/Payload/SongMe.app/Frameworks/libswiftCoreFoundation.dylib' '-remove' 'arm64e' '-output' '/var/folders/00/6477g22d03d94yhs1vklznfw0000gn/T/XcodeDistPipeline.JrX/Root/Payload/SongMe.app/Frameworks/libswiftCoreFoundation.dylib'
2019-12-11 22:49:30 +0000  /Applications/Xcode.app/Contents/Developer/Toolchains/XcodeDefault.xctoolchain/usr/bin/lipo exited with 0
2019-12-11 22:49:30 +0000  Successfully thinned item "libswiftCoreFoundation.dylib", arch "arm64e"
2019-12-11 22:49:30 +0000  Running /Applications/Xcode.app/Contents/Developer/Toolchains/XcodeDefault.xctoolchain/usr/bin/lipo '/var/folders/00/6477g22d03d94yhs1vklznfw0000gn/T/XcodeDistPipeline.JrX/Root/Payload/SongMe.app/Frameworks/libswiftCoreGraphics.dylib' '-verify_arch' 'arm64e'
2019-12-11 22:49:30 +0000  /Applications/Xcode.app/Contents/Developer/Toolchains/XcodeDefault.xctoolchain/usr/bin/lipo exited with 0
2019-12-11 22:49:30 +0000  Running /Applications/Xcode.app/Contents/Developer/Toolchains/XcodeDefault.xctoolchain/usr/bin/lipo '/var/folders/00/6477g22d03d94yhs1vklznfw0000gn/T/XcodeDistPipeline.JrX/Root/Payload/SongMe.app/Frameworks/libswiftCoreGraphics.dylib' '-remove' 'arm64e' '-output' '/var/folders/00/6477g22d03d94yhs1vklznfw0000gn/T/XcodeDistPipeline.JrX/Root/Payload/SongMe.app/Frameworks/libswiftCoreGraphics.dylib'
2019-12-11 22:49:30 +0000  /Applications/Xcode.app/Contents/Developer/Toolchains/XcodeDefault.xctoolchain/usr/bin/lipo exited with 0
2019-12-11 22:49:30 +0000  Successfully thinned item "libswiftCoreGraphics.dylib", arch "arm64e"
2019-12-11 22:49:30 +0000  Running /Applications/Xcode.app/Contents/Developer/Toolchains/XcodeDefault.xctoolchain/usr/bin/lipo '/var/folders/00/6477g22d03d94yhs1vklznfw0000gn/T/XcodeDistPipeline.JrX/Root/Payload/SongMe.app/Frameworks/libswiftCoreImage.dylib' '-verify_arch' 'arm64e'
2019-12-11 22:49:30 +0000  /Applications/Xcode.app/Contents/Developer/Toolchains/XcodeDefault.xctoolchain/usr/bin/lipo exited with 0
2019-12-11 22:49:30 +0000  Running /Applications/Xcode.app/Contents/Developer/Toolchains/XcodeDefault.xctoolchain/usr/bin/lipo '/var/folders/00/6477g22d03d94yhs1vklznfw0000gn/T/XcodeDistPipeline.JrX/Root/Payload/SongMe.app/Frameworks/libswiftCoreImage.dylib' '-remove' 'arm64e' '-output' '/var/folders/00/6477g22d03d94yhs1vklznfw0000gn/T/XcodeDistPipeline.JrX/Root/Payload/SongMe.app/Frameworks/libswiftCoreImage.dylib'
2019-12-11 22:49:30 +0000  /Applications/Xcode.app/Contents/Developer/Toolchains/XcodeDefault.xctoolchain/usr/bin/lipo exited with 0
2019-12-11 22:49:30 +0000  Successfully thinned item "libswiftCoreImage.dylib", arch "arm64e"
2019-12-11 22:49:30 +0000  Running /Applications/Xcode.app/Contents/Developer/Toolchains/XcodeDefault.xctoolchain/usr/bin/lipo '/var/folders/00/6477g22d03d94yhs1vklznfw0000gn/T/XcodeDistPipeline.JrX/Root/Payload/SongMe.app/Frameworks/libswiftCoreMedia.dylib' '-verify_arch' 'arm64e'
2019-12-11 22:49:30 +0000  /Applications/Xcode.app/Contents/Developer/Toolchains/XcodeDefault.xctoolchain/usr/bin/lipo exited with 0
2019-12-11 22:49:30 +0000  Running /Applications/Xcode.app/Contents/Developer/Toolchains/XcodeDefault.xctoolchain/usr/bin/lipo '/var/folders/00/6477g22d03d94yhs1vklznfw0000gn/T/XcodeDistPipeline.JrX/Root/Payload/SongMe.app/Frameworks/libswiftCoreMedia.dylib' '-remove' 'arm64e' '-output' '/var/folders/00/6477g22d03d94yhs1vklznfw0000gn/T/XcodeDistPipeline.JrX/Root/Payload/SongMe.app/Frameworks/libswiftCoreMedia.dylib'
2019-12-11 22:49:30 +0000  /Applications/Xcode.app/Contents/Developer/Toolchains/XcodeDefault.xctoolchain/usr/bin/lipo exited with 0
2019-12-11 22:49:30 +0000  Successfully thinned item "libswiftCoreMedia.dylib", arch "arm64e"
2019-12-11 22:49:30 +0000  Running /Applications/Xcode.app/Contents/Developer/Toolchains/XcodeDefault.xctoolchain/usr/bin/lipo '/var/folders/00/6477g22d03d94yhs1vklznfw0000gn/T/XcodeDistPipeline.JrX/Root/Payload/SongMe.app/Frameworks/libswiftDarwin.dylib' '-verify_arch' 'arm64e'
2019-12-11 22:49:30 +0000  /Applications/Xcode.app/Contents/Developer/Toolchains/XcodeDefault.xctoolchain/usr/bin/lipo exited with 0
2019-12-11 22:49:30 +0000  Running /Applications/Xcode.app/Contents/Developer/Toolchains/XcodeDefault.xctoolchain/usr/bin/lipo '/var/folders/00/6477g22d03d94yhs1vklznfw0000gn/T/XcodeDistPipeline.JrX/Root/Payload/SongMe.app/Frameworks/libswiftDarwin.dylib' '-remove' 'arm64e' '-output' '/var/folders/00/6477g22d03d94yhs1vklznfw0000gn/T/XcodeDistPipeline.JrX/Root/Payload/SongMe.app/Frameworks/libswiftDarwin.dylib'
2019-12-11 22:49:30 +0000  /Applications/Xcode.app/Contents/Developer/Toolchains/XcodeDefault.xctoolchain/usr/bin/lipo exited with 0
2019-12-11 22:49:30 +0000  Successfully thinned item "libswiftDarwin.dylib", arch "arm64e"
2019-12-11 22:49:30 +0000  Running /Applications/Xcode.app/Contents/Developer/Toolchains/XcodeDefault.xctoolchain/usr/bin/lipo '/var/folders/00/6477g22d03d94yhs1vklznfw0000gn/T/XcodeDistPipeline.JrX/Root/Payload/SongMe.app/Frameworks/libswiftDispatch.dylib' '-verify_arch' 'arm64e'
2019-12-11 22:49:30 +0000  /Applications/Xcode.app/Contents/Developer/Toolchains/XcodeDefault.xctoolchain/usr/bin/lipo exited with 0
2019-12-11 22:49:30 +0000  Running /Applications/Xcode.app/Contents/Developer/Toolchains/XcodeDefault.xctoolchain/usr/bin/lipo '/var/folders/00/6477g22d03d94yhs1vklznfw0000gn/T/XcodeDistPipeline.JrX/Root/Payload/SongMe.app/Frameworks/libswiftDispatch.dylib' '-remove' 'arm64e' '-output' '/var/folders/00/6477g22d03d94yhs1vklznfw0000gn/T/XcodeDistPipeline.JrX/Root/Payload/SongMe.app/Frameworks/libswiftDispatch.dylib'
2019-12-11 22:49:30 +0000  /Applications/Xcode.app/Contents/Developer/Toolchains/XcodeDefault.xctoolchain/usr/bin/lipo exited with 0
2019-12-11 22:49:30 +0000  Successfully thinned item "libswiftDispatch.dylib", arch "arm64e"
2019-12-11 22:49:30 +0000  Running /Applications/Xcode.app/Contents/Developer/Toolchains/XcodeDefault.xctoolchain/usr/bin/lipo '/var/folders/00/6477g22d03d94yhs1vklznfw0000gn/T/XcodeDistPipeline.JrX/Root/Payload/SongMe.app/Frameworks/libswiftFoundation.dylib' '-verify_arch' 'arm64e'
2019-12-11 22:49:30 +0000  /Applications/Xcode.app/Contents/Developer/Toolchains/XcodeDefault.xctoolchain/usr/bin/lipo exited with 0
2019-12-11 22:49:30 +0000  Running /Applications/Xcode.app/Contents/Developer/Toolchains/XcodeDefault.xctoolchain/usr/bin/lipo '/var/folders/00/6477g22d03d94yhs1vklznfw0000gn/T/XcodeDistPipeline.JrX/Root/Payload/SongMe.app/Frameworks/libswiftFoundation.dylib' '-remove' 'arm64e' '-output' '/var/folders/00/6477g22d03d94yhs1vklznfw0000gn/T/XcodeDistPipeline.JrX/Root/Payload/SongMe.app/Frameworks/libswiftFoundation.dylib'
2019-12-11 22:49:30 +0000  /Applications/Xcode.app/Contents/Developer/Toolchains/XcodeDefault.xctoolchain/usr/bin/lipo exited with 0
2019-12-11 22:49:31 +0000  Successfully thinned item "libswiftFoundation.dylib", arch "arm64e"
2019-12-11 22:49:31 +0000  Running /Applications/Xcode.app/Contents/Developer/Toolchains/XcodeDefault.xctoolchain/usr/bin/lipo '/var/folders/00/6477g22d03d94yhs1vklznfw0000gn/T/XcodeDistPipeline.JrX/Root/Payload/SongMe.app/Frameworks/libswiftMediaPlayer.dylib' '-verify_arch' 'arm64e'
2019-12-11 22:49:31 +0000  /Applications/Xcode.app/Contents/Developer/Toolchains/XcodeDefault.xctoolchain/usr/bin/lipo exited with 0
2019-12-11 22:49:31 +0000  Running /Applications/Xcode.app/Contents/Developer/Toolchains/XcodeDefault.xctoolchain/usr/bin/lipo '/var/folders/00/6477g22d03d94yhs1vklznfw0000gn/T/XcodeDistPipeline.JrX/Root/Payload/SongMe.app/Frameworks/libswiftMediaPlayer.dylib' '-remove' 'arm64e' '-output' '/var/folders/00/6477g22d03d94yhs1vklznfw0000gn/T/XcodeDistPipeline.JrX/Root/Payload/SongMe.app/Frameworks/libswiftMediaPlayer.dylib'
2019-12-11 22:49:31 +0000  /Applications/Xcode.app/Contents/Developer/Toolchains/XcodeDefault.xctoolchain/usr/bin/lipo exited with 0
2019-12-11 22:49:31 +0000  Successfully thinned item "libswiftMediaPlayer.dylib", arch "arm64e"
2019-12-11 22:49:31 +0000  Running /Applications/Xcode.app/Contents/Developer/Toolchains/XcodeDefault.xctoolchain/usr/bin/lipo '/var/folders/00/6477g22d03d94yhs1vklznfw0000gn/T/XcodeDistPipeline.JrX/Root/Payload/SongMe.app/Frameworks/libswiftMetal.dylib' '-verify_arch' 'arm64e'
2019-12-11 22:49:31 +0000  /Applications/Xcode.app/Contents/Developer/Toolchains/XcodeDefault.xctoolchain/usr/bin/lipo exited with 0
2019-12-11 22:49:31 +0000  Running /Applications/Xcode.app/Contents/Developer/Toolchains/XcodeDefault.xctoolchain/usr/bin/lipo '/var/folders/00/6477g22d03d94yhs1vklznfw0000gn/T/XcodeDistPipeline.JrX/Root/Payload/SongMe.app/Frameworks/libswiftMetal.dylib' '-remove' 'arm64e' '-output' '/var/folders/00/6477g22d03d94yhs1vklznfw0000gn/T/XcodeDistPipeline.JrX/Root/Payload/SongMe.app/Frameworks/libswiftMetal.dylib'
2019-12-11 22:49:31 +0000  /Applications/Xcode.app/Contents/Developer/Toolchains/XcodeDefault.xctoolchain/usr/bin/lipo exited with 0
2019-12-11 22:49:31 +0000  Successfully thinned item "libswiftMetal.dylib", arch "arm64e"
2019-12-11 22:49:31 +0000  Running /Applications/Xcode.app/Contents/Developer/Toolchains/XcodeDefault.xctoolchain/usr/bin/lipo '/var/folders/00/6477g22d03d94yhs1vklznfw0000gn/T/XcodeDistPipeline.JrX/Root/Payload/SongMe.app/Frameworks/libswiftObjectiveC.dylib' '-verify_arch' 'arm64e'
2019-12-11 22:49:31 +0000  /Applications/Xcode.app/Contents/Developer/Toolchains/XcodeDefault.xctoolchain/usr/bin/lipo exited with 0
2019-12-11 22:49:31 +0000  Running /Applications/Xcode.app/Contents/Developer/Toolchains/XcodeDefault.xctoolchain/usr/bin/lipo '/var/folders/00/6477g22d03d94yhs1vklznfw0000gn/T/XcodeDistPipeline.JrX/Root/Payload/SongMe.app/Frameworks/libswiftObjectiveC.dylib' '-remove' 'arm64e' '-output' '/var/folders/00/6477g22d03d94yhs1vklznfw0000gn/T/XcodeDistPipeline.JrX/Root/Payload/SongMe.app/Frameworks/libswiftObjectiveC.dylib'
2019-12-11 22:49:31 +0000  /Applications/Xcode.app/Contents/Developer/Toolchains/XcodeDefault.xctoolchain/usr/bin/lipo exited with 0
2019-12-11 22:49:31 +0000  Successfully thinned item "libswiftObjectiveC.dylib", arch "arm64e"
2019-12-11 22:49:31 +0000  Running /Applications/Xcode.app/Contents/Developer/Toolchains/XcodeDefault.xctoolchain/usr/bin/lipo '/var/folders/00/6477g22d03d94yhs1vklznfw0000gn/T/XcodeDistPipeline.JrX/Root/Payload/SongMe.app/Frameworks/libswiftQuartzCore.dylib' '-verify_arch' 'arm64e'
2019-12-11 22:49:31 +0000  /Applications/Xcode.app/Contents/Developer/Toolchains/XcodeDefault.xctoolchain/usr/bin/lipo exited with 0
2019-12-11 22:49:31 +0000  Running /Applications/Xcode.app/Contents/Developer/Toolchains/XcodeDefault.xctoolchain/usr/bin/lipo '/var/folders/00/6477g22d03d94yhs1vklznfw0000gn/T/XcodeDistPipeline.JrX/Root/Payload/SongMe.app/Frameworks/libswiftQuartzCore.dylib' '-remove' 'arm64e' '-output' '/var/folders/00/6477g22d03d94yhs1vklznfw0000gn/T/XcodeDistPipeline.JrX/Root/Payload/SongMe.app/Frameworks/libswiftQuartzCore.dylib'
2019-12-11 22:49:31 +0000  /Applications/Xcode.app/Contents/Developer/Toolchains/XcodeDefault.xctoolchain/usr/bin/lipo exited with 0
2019-12-11 22:49:31 +0000  Successfully thinned item "libswiftQuartzCore.dylib", arch "arm64e"
2019-12-11 22:49:31 +0000  Running /Applications/Xcode.app/Contents/Developer/Toolchains/XcodeDefault.xctoolchain/usr/bin/lipo '/var/folders/00/6477g22d03d94yhs1vklznfw0000gn/T/XcodeDistPipeline.JrX/Root/Payload/SongMe.app/Frameworks/libswiftUIKit.dylib' '-verify_arch' 'arm64e'
2019-12-11 22:49:31 +0000  /Applications/Xcode.app/Contents/Developer/Toolchains/XcodeDefault.xctoolchain/usr/bin/lipo exited with 0
2019-12-11 22:49:31 +0000  Running /Applications/Xcode.app/Contents/Developer/Toolchains/XcodeDefault.xctoolchain/usr/bin/lipo '/var/folders/00/6477g22d03d94yhs1vklznfw0000gn/T/XcodeDistPipeline.JrX/Root/Payload/SongMe.app/Frameworks/libswiftUIKit.dylib' '-remove' 'arm64e' '-output' '/var/folders/00/6477g22d03d94yhs1vklznfw0000gn/T/XcodeDistPipeline.JrX/Root/Payload/SongMe.app/Frameworks/libswiftUIKit.dylib'
2019-12-11 22:49:31 +0000  /Applications/Xcode.app/Contents/Developer/Toolchains/XcodeDefault.xctoolchain/usr/bin/lipo exited with 0
2019-12-11 22:49:31 +0000  Successfully thinned item "libswiftUIKit.dylib", arch "arm64e"
2019-12-11 22:49:31 +0000  Running /Applications/Xcode.app/Contents/Developer/Toolchains/XcodeDefault.xctoolchain/usr/bin/lipo '/var/folders/00/6477g22d03d94yhs1vklznfw0000gn/T/XcodeDistPipeline.JrX/Root/Payload/SongMe.app/Frameworks/libswiftos.dylib' '-verify_arch' 'arm64e'
2019-12-11 22:49:31 +0000  /Applications/Xcode.app/Contents/Developer/Toolchains/XcodeDefault.xctoolchain/usr/bin/lipo exited with 0
2019-12-11 22:49:31 +0000  Running /Applications/Xcode.app/Contents/Developer/Toolchains/XcodeDefault.xctoolchain/usr/bin/lipo '/var/folders/00/6477g22d03d94yhs1vklznfw0000gn/T/XcodeDistPipeline.JrX/Root/Payload/SongMe.app/Frameworks/libswiftos.dylib' '-remove' 'arm64e' '-output' '/var/folders/00/6477g22d03d94yhs1vklznfw0000gn/T/XcodeDistPipeline.JrX/Root/Payload/SongMe.app/Frameworks/libswiftos.dylib'
2019-12-11 22:49:31 +0000  /Applications/Xcode.app/Contents/Developer/Toolchains/XcodeDefault.xctoolchain/usr/bin/lipo exited with 0
2019-12-11 22:49:31 +0000  Successfully thinned item "libswiftos.dylib", arch "arm64e"
2019-12-11 22:49:31 +0000  Running /Applications/Xcode.app/Contents/Developer/Toolchains/XcodeDefault.xctoolchain/usr/bin/lipo '/var/folders/00/6477g22d03d94yhs1vklznfw0000gn/T/XcodeDistPipeline.JrX/Root/Payload/SongMe.app/Frameworks/libswiftsimd.dylib' '-verify_arch' 'arm64e'
2019-12-11 22:49:31 +0000  /Applications/Xcode.app/Contents/Developer/Toolchains/XcodeDefault.xctoolchain/usr/bin/lipo exited with 0
2019-12-11 22:49:31 +0000  Running /Applications/Xcode.app/Contents/Developer/Toolchains/XcodeDefault.xctoolchain/usr/bin/lipo '/var/folders/00/6477g22d03d94yhs1vklznfw0000gn/T/XcodeDistPipeline.JrX/Root/Payload/SongMe.app/Frameworks/libswiftsimd.dylib' '-remove' 'arm64e' '-output' '/var/folders/00/6477g22d03d94yhs1vklznfw0000gn/T/XcodeDistPipeline.JrX/Root/Payload/SongMe.app/Frameworks/libswiftsimd.dylib'
2019-12-11 22:49:31 +0000  /Applications/Xcode.app/Contents/Developer/Toolchains/XcodeDefault.xctoolchain/usr/bin/lipo exited with 0
2019-12-11 22:49:31 +0000  Successfully thinned item "libswiftsimd.dylib", arch "arm64e"
2019-12-11 22:49:31 +0000  Running /Applications/Xcode.app/Contents/Developer/Toolchains/XcodeDefault.xctoolchain/usr/bin/lipo '/var/folders/00/6477g22d03d94yhs1vklznfw0000gn/T/XcodeDistPipeline.JrX/Root/Payload/SongMe.app/SongMe' '-verify_arch' 'arm64e'
2019-12-11 22:49:31 +0000  /Applications/Xcode.app/Contents/Developer/Toolchains/XcodeDefault.xctoolchain/usr/bin/lipo exited with 1
2019-12-11 22:49:31 +0000  Skipping architecture thinning for item "SongMe" because arch "arm64e" wasn't found
2019-12-11 22:49:31 +0000  Processing step: IDEDistributionODRStep
2019-12-11 22:49:31 +0000  Processing step: IDEDistributionStripXattrsStep
2019-12-11 22:49:31 +0000  Skipping stripping extended attributes of item: <IDEDistributionItem: 0x7fe4d5b66480 'com.apple.dt.runtime.swiftAVFoundation' '<DVTFilePath:0x7fe4d5234480:'/Users/admin/Library/Developer/Xcode/Archives/2019-12-12/SongMe 12-12-2019, 11.47.xcarchive/Products/Applications/SongMe.app/Frameworks/libswiftAVFoundation.dylib'>'>
2019-12-11 22:49:31 +0000  Skipping stripping extended attributes of item: <IDEDistributionItem: 0x7fe4d550bc60 'com.apple.dt.runtime.swiftAssetsLibrary' '<DVTFilePath:0x7fe4d742b010:'/Users/admin/Library/Developer/Xcode/Archives/2019-12-12/SongMe 12-12-2019, 11.47.xcarchive/Products/Applications/SongMe.app/Frameworks/libswiftAssetsLibrary.dylib'>'>
2019-12-11 22:49:31 +0000  Skipping stripping extended attributes of item: <IDEDistributionItem: 0x7fe4d75eafa0 'com.apple.dt.runtime.swiftCore' '<DVTFilePath:0x7fe4d529d790:'/Users/admin/Library/Developer/Xcode/Archives/2019-12-12/SongMe 12-12-2019, 11.47.xcarchive/Products/Applications/SongMe.app/Frameworks/libswiftCore.dylib'>'>
2019-12-11 22:49:31 +0000  Skipping stripping extended attributes of item: <IDEDistributionItem: 0x7fe4d257a140 'com.apple.dt.runtime.swiftCoreAudio' '<DVTFilePath:0x7fe4d525a610:'/Users/admin/Library/Developer/Xcode/Archives/2019-12-12/SongMe 12-12-2019, 11.47.xcarchive/Products/Applications/SongMe.app/Frameworks/libswiftCoreAudio.dylib'>'>
2019-12-11 22:49:31 +0000  Skipping stripping extended attributes of item: <IDEDistributionItem: 0x7fe4d74d1d60 'com.apple.dt.runtime.swiftCoreData' '<DVTFilePath:0x7fe4d81aacd0:'/Users/admin/Library/Developer/Xcode/Archives/2019-12-12/SongMe 12-12-2019, 11.47.xcarchive/Products/Applications/SongMe.app/Frameworks/libswiftCoreData.dylib'>'>
2019-12-11 22:49:31 +0000  Skipping stripping extended attributes of item: <IDEDistributionItem: 0x7fe4d5b5c700 'com.apple.dt.runtime.swiftCoreFoundation' '<DVTFilePath:0x7fe4d8174170:'/Users/admin/Library/Developer/Xcode/Archives/2019-12-12/SongMe 12-12-2019, 11.47.xcarchive/Products/Applications/SongMe.app/Frameworks/libswiftCoreFoundation.dylib'>'>
2019-12-11 22:49:31 +0000  Skipping stripping extended attributes of item: <IDEDistributionItem: 0x7fe4cee4e710 'com.apple.dt.runtime.swiftCoreGraphics' '<DVTFilePath:0x7fe4d72204a0:'/Users/admin/Library/Developer/Xcode/Archives/2019-12-12/SongMe 12-12-2019, 11.47.xcarchive/Products/Applications/SongMe.app/Frameworks/libswiftCoreGraphics.dylib'>'>
2019-12-11 22:49:31 +0000  Skipping stripping extended attributes of item: <IDEDistributionItem: 0x7fe4d64907f0 'com.apple.dt.runtime.swiftCoreImage' '<DVTFilePath:0x7fe4d547f830:'/Users/admin/Library/Developer/Xcode/Archives/2019-12-12/SongMe 12-12-2019, 11.47.xcarchive/Products/Applications/SongMe.app/Frameworks/libswiftCoreImage.dylib'>'>
2019-12-11 22:49:31 +0000  Skipping stripping extended attributes of item: <IDEDistributionItem: 0x7fe4d752e610 'com.apple.dt.runtime.swiftCoreMedia' '<DVTFilePath:0x7fe4d81e9d70:'/Users/admin/Library/Developer/Xcode/Archives/2019-12-12/SongMe 12-12-2019, 11.47.xcarchive/Products/Applications/SongMe.app/Frameworks/libswiftCoreMedia.dylib'>'>
2019-12-11 22:49:31 +0000  Skipping stripping extended attributes of item: <IDEDistributionItem: 0x7fe4d64d2000 'com.apple.dt.runtime.swiftDarwin' '<DVTFilePath:0x7fe4d8115af0:'/Users/admin/Library/Developer/Xcode/Archives/2019-12-12/SongMe 12-12-2019, 11.47.xcarchive/Products/Applications/SongMe.app/Frameworks/libswiftDarwin.dylib'>'>
2019-12-11 22:49:31 +0000  Skipping stripping extended attributes of item: <IDEDistributionItem: 0x7fe4d64f1380 'com.apple.dt.runtime.swiftDispatch' '<DVTFilePath:0x7fe4d729af20:'/Users/admin/Library/Developer/Xcode/Archives/2019-12-12/SongMe 12-12-2019, 11.47.xcarchive/Products/Applications/SongMe.app/Frameworks/libswiftDispatch.dylib'>'>
2019-12-11 22:49:31 +0000  Skipping stripping extended attributes of item: <IDEDistributionItem: 0x7fe4d5583020 'com.apple.dt.runtime.swiftFoundation' '<DVTFilePath:0x7fe4d81940a0:'/Users/admin/Library/Developer/Xcode/Archives/2019-12-12/SongMe 12-12-2019, 11.47.xcarchive/Products/Applications/SongMe.app/Frameworks/libswiftFoundation.dylib'>'>
2019-12-11 22:49:31 +0000  Skipping stripping extended attributes of item: <IDEDistributionItem: 0x7fe4d559ee40 'com.apple.dt.runtime.swiftMediaPlayer' '<DVTFilePath:0x7fe4d72b7060:'/Users/admin/Library/Developer/Xcode/Archives/2019-12-12/SongMe 12-12-2019, 11.47.xcarchive/Products/Applications/SongMe.app/Frameworks/libswiftMediaPlayer.dylib'>'>
2019-12-11 22:49:31 +0000  Skipping stripping extended attributes of item: <IDEDistributionItem: 0x7fe4d60af450 'com.apple.dt.runtime.swiftMetal' '<DVTFilePath:0x7fe4d52eff20:'/Users/admin/Library/Developer/Xcode/Archives/2019-12-12/SongMe 12-12-2019, 11.47.xcarchive/Products/Applications/SongMe.app/Frameworks/libswiftMetal.dylib'>'>
2019-12-11 22:49:31 +0000  Skipping stripping extended attributes of item: <IDEDistributionItem: 0x7fe4d6415280 'com.apple.dt.runtime.swiftObjectiveC' '<DVTFilePath:0x7fe4d7418c50:'/Users/admin/Library/Developer/Xcode/Archives/2019-12-12/SongMe 12-12-2019, 11.47.xcarchive/Products/Applications/SongMe.app/Frameworks/libswiftObjectiveC.dylib'>'>
2019-12-11 22:49:31 +0000  Skipping stripping extended attributes of item: <IDEDistributionItem: 0x7fe4d81a99d0 'com.apple.dt.runtime.swiftQuartzCore' '<DVTFilePath:0x7fe4d81a80c0:'/Users/admin/Library/Developer/Xcode/Archives/2019-12-12/SongMe 12-12-2019, 11.47.xcarchive/Products/Applications/SongMe.app/Frameworks/libswiftQuartzCore.dylib'>'>
2019-12-11 22:49:31 +0000  Skipping stripping extended attributes of item: <IDEDistributionItem: 0x7fe4d83a0ca0 'com.apple.dt.runtime.swiftUIKit' '<DVTFilePath:0x7fe4d8104390:'/Users/admin/Library/Developer/Xcode/Archives/2019-12-12/SongMe 12-12-2019, 11.47.xcarchive/Products/Applications/SongMe.app/Frameworks/libswiftUIKit.dylib'>'>
2019-12-11 22:49:31 +0000  Skipping stripping extended attributes of item: <IDEDistributionItem: 0x7fe4ceee8070 'com.apple.dt.runtime.swiftos' '<DVTFilePath:0x7fe4d529a040:'/Users/admin/Library/Developer/Xcode/Archives/2019-12-12/SongMe 12-12-2019, 11.47.xcarchive/Products/Applications/SongMe.app/Frameworks/libswiftos.dylib'>'>
2019-12-11 22:49:31 +0000  Skipping stripping extended attributes of item: <IDEDistributionItem: 0x7fe4d5bc9100 'com.apple.dt.runtime.swiftsimd' '<DVTFilePath:0x7fe4d7400820:'/Users/admin/Library/Developer/Xcode/Archives/2019-12-12/SongMe 12-12-2019, 11.47.xcarchive/Products/Applications/SongMe.app/Frameworks/libswiftsimd.dylib'>'>
2019-12-11 22:49:31 +0000  Running /usr/bin/xattr '-crs' '/var/folders/00/6477g22d03d94yhs1vklznfw0000gn/T/XcodeDistPipeline.JrX/Root/Payload/SongMe.app'
2019-12-11 22:49:32 +0000  /usr/bin/xattr exited with 0
2019-12-11 22:49:32 +0000  Processing step: IDEDistributionCodesignStep
2019-12-11 22:49:32 +0000  Entitlements for <IDEDistributionItem: 0x7fe4d5b66480 'com.apple.dt.runtime.swiftAVFoundation' '<DVTFilePath:0x7fe4d5234480:'/Users/admin/Library/Developer/Xcode/Archives/2019-12-12/SongMe 12-12-2019, 11.47.xcarchive/Products/Applications/SongMe.app/Frameworks/libswiftAVFoundation.dylib'>'>: {
}
2019-12-11 22:49:32 +0000  Writing entitlements for <IDEDistributionItem: 0x7fe4d5b66480 'com.apple.dt.runtime.swiftAVFoundation' '<DVTFilePath:0x7fe4d5234480:'/Users/admin/Library/Developer/Xcode/Archives/2019-12-12/SongMe 12-12-2019, 11.47.xcarchive/Products/Applications/SongMe.app/Frameworks/libswiftAVFoundation.dylib'>'> to: /var/folders/00/6477g22d03d94yhs1vklznfw0000gn/T/XcodeDistPipeline.JrX/entitlementsPHaE1v
2019-12-11 22:49:32 +0000  Running /usr/bin/codesign '-vvv' '--force' '--sign' 'E743E360EDB7EF8F6E792FE778B84B2500DEBF88' '--entitlements' '/var/folders/00/6477g22d03d94yhs1vklznfw0000gn/T/XcodeDistPipeline.JrX/entitlementsPHaE1v' '--preserve-metadata=identifier,flags,runtime' '/var/folders/00/6477g22d03d94yhs1vklznfw0000gn/T/XcodeDistPipeline.JrX/Root/Payload/SongMe.app/Frameworks/libswiftAVFoundation.dylib'
2019-12-11 22:49:32 +0000  /var/folders/00/6477g22d03d94yhs1vklznfw0000gn/T/XcodeDistPipeline.JrX/Root/Payload/SongMe.app/Frameworks/libswiftAVFoundation.dylib: replacing existing signature
2019-12-11 22:49:32 +0000  /var/folders/00/6477g22d03d94yhs1vklznfw0000gn/T/XcodeDistPipeline.JrX/Root/Payload/SongMe.app/Frameworks/libswiftAVFoundation.dylib: signed Mach-O universal (armv7 armv7s arm64) [com.apple.dt.runtime.swiftAVFoundation]
2019-12-11 22:49:32 +0000  /usr/bin/codesign exited with 0
2019-12-11 22:49:32 +0000  Entitlements for <IDEDistributionItem: 0x7fe4d550bc60 'com.apple.dt.runtime.swiftAssetsLibrary' '<DVTFilePath:0x7fe4d742b010:'/Users/admin/Library/Developer/Xcode/Archives/2019-12-12/SongMe 12-12-2019, 11.47.xcarchive/Products/Applications/SongMe.app/Frameworks/libswiftAssetsLibrary.dylib'>'>: {
}
2019-12-11 22:49:32 +0000  Writing entitlements for <IDEDistributionItem: 0x7fe4d550bc60 'com.apple.dt.runtime.swiftAssetsLibrary' '<DVTFilePath:0x7fe4d742b010:'/Users/admin/Library/Developer/Xcode/Archives/2019-12-12/SongMe 12-12-2019, 11.47.xcarchive/Products/Applications/SongMe.app/Frameworks/libswiftAssetsLibrary.dylib'>'> to: /var/folders/00/6477g22d03d94yhs1vklznfw0000gn/T/XcodeDistPipeline.JrX/entitlementsS4AqAb
2019-12-11 22:49:32 +0000  Running /usr/bin/codesign '-vvv' '--force' '--sign' 'E743E360EDB7EF8F6E792FE778B84B2500DEBF88' '--entitlements' '/var/folders/00/6477g22d03d94yhs1vklznfw0000gn/T/XcodeDistPipeline.JrX/entitlementsS4AqAb' '--preserve-metadata=identifier,flags,runtime' '/var/folders/00/6477g22d03d94yhs1vklznfw0000gn/T/XcodeDistPipeline.JrX/Root/Payload/SongMe.app/Frameworks/libswiftAssetsLibrary.dylib'
2019-12-11 22:49:33 +0000  /var/folders/00/6477g22d03d94yhs1vklznfw0000gn/T/XcodeDistPipeline.JrX/Root/Payload/SongMe.app/Frameworks/libswiftAssetsLibrary.dylib: replacing existing signature
2019-12-11 22:49:33 +0000  /var/folders/00/6477g22d03d94yhs1vklznfw0000gn/T/XcodeDistPipeline.JrX/Root/Payload/SongMe.app/Frameworks/libswiftAssetsLibrary.dylib: signed Mach-O universal (armv7 armv7s arm64) [com.apple.dt.runtime.swiftAssetsLibrary]
2019-12-11 22:49:33 +0000  /usr/bin/codesign exited with 0
2019-12-11 22:49:33 +0000  Entitlements for <IDEDistributionItem: 0x7fe4d75eafa0 'com.apple.dt.runtime.swiftCore' '<DVTFilePath:0x7fe4d529d790:'/Users/admin/Library/Developer/Xcode/Archives/2019-12-12/SongMe 12-12-2019, 11.47.xcarchive/Products/Applications/SongMe.app/Frameworks/libswiftCore.dylib'>'>: {
}
2019-12-11 22:49:33 +0000  Writing entitlements for <IDEDistributionItem: 0x7fe4d75eafa0 'com.apple.dt.runtime.swiftCore' '<DVTFilePath:0x7fe4d529d790:'/Users/admin/Library/Developer/Xcode/Archives/2019-12-12/SongMe 12-12-2019, 11.47.xcarchive/Products/Applications/SongMe.app/Frameworks/libswiftCore.dylib'>'> to: /var/folders/00/6477g22d03d94yhs1vklznfw0000gn/T/XcodeDistPipeline.JrX/entitlementshHIbRa
2019-12-11 22:49:33 +0000  Running /usr/bin/codesign '-vvv' '--force' '--sign' 'E743E360EDB7EF8F6E792FE778B84B2500DEBF88' '--entitlements' '/var/folders/00/6477g22d03d94yhs1vklznfw0000gn/T/XcodeDistPipeline.JrX/entitlementshHIbRa' '--preserve-metadata=identifier,flags,runtime' '/var/folders/00/6477g22d03d94yhs1vklznfw0000gn/T/XcodeDistPipeline.JrX/Root/Payload/SongMe.app/Frameworks/libswiftCore.dylib'
2019-12-11 22:49:33 +0000  /var/folders/00/6477g22d03d94yhs1vklznfw0000gn/T/XcodeDistPipeline.JrX/Root/Payload/SongMe.app/Frameworks/libswiftCore.dylib: replacing existing signature
2019-12-11 22:49:33 +0000  /var/folders/00/6477g22d03d94yhs1vklznfw0000gn/T/XcodeDistPipeline.JrX/Root/Payload/SongMe.app/Frameworks/libswiftCore.dylib: signed Mach-O universal (armv7 armv7s arm64) [com.apple.dt.runtime.swiftCore]
2019-12-11 22:49:33 +0000  /usr/bin/codesign exited with 0
2019-12-11 22:49:33 +0000  Entitlements for <IDEDistributionItem: 0x7fe4d257a140 'com.apple.dt.runtime.swiftCoreAudio' '<DVTFilePath:0x7fe4d525a610:'/Users/admin/Library/Developer/Xcode/Archives/2019-12-12/SongMe 12-12-2019, 11.47.xcarchive/Products/Applications/SongMe.app/Frameworks/libswiftCoreAudio.dylib'>'>: {
}
2019-12-11 22:49:33 +0000  Writing entitlements for <IDEDistributionItem: 0x7fe4d257a140 'com.apple.dt.runtime.swiftCoreAudio' '<DVTFilePath:0x7fe4d525a610:'/Users/admin/Library/Developer/Xcode/Archives/2019-12-12/SongMe 12-12-2019, 11.47.xcarchive/Products/Applications/SongMe.app/Frameworks/libswiftCoreAudio.dylib'>'> to: /var/folders/00/6477g22d03d94yhs1vklznfw0000gn/T/XcodeDistPipeline.JrX/entitlementsCIQrKJ
2019-12-11 22:49:33 +0000  Running /usr/bin/codesign '-vvv' '--force' '--sign' 'E743E360EDB7EF8F6E792FE778B84B2500DEBF88' '--entitlements' '/var/folders/00/6477g22d03d94yhs1vklznfw0000gn/T/XcodeDistPipeline.JrX/entitlementsCIQrKJ' '--preserve-metadata=identifier,flags,runtime' '/var/folders/00/6477g22d03d94yhs1vklznfw0000gn/T/XcodeDistPipeline.JrX/Root/Payload/SongMe.app/Frameworks/libswiftCoreAudio.dylib'
2019-12-11 22:49:33 +0000  /var/folders/00/6477g22d03d94yhs1vklznfw0000gn/T/XcodeDistPipeline.JrX/Root/Payload/SongMe.app/Frameworks/libswiftCoreAudio.dylib: replacing existing signature
2019-12-11 22:49:34 +0000  /var/folders/00/6477g22d03d94yhs1vklznfw0000gn/T/XcodeDistPipeline.JrX/Root/Payload/SongMe.app/Frameworks/libswiftCoreAudio.dylib: signed Mach-O universal (armv7 armv7s arm64) [com.apple.dt.runtime.swiftCoreAudio]
2019-12-11 22:49:34 +0000  /usr/bin/codesign exited with 0
2019-12-11 22:49:34 +0000  Entitlements for <IDEDistributionItem: 0x7fe4d74d1d60 'com.apple.dt.runtime.swiftCoreData' '<DVTFilePath:0x7fe4d81aacd0:'/Users/admin/Library/Developer/Xcode/Archives/2019-12-12/SongMe 12-12-2019, 11.47.xcarchive/Products/Applications/SongMe.app/Frameworks/libswiftCoreData.dylib'>'>: {
}
2019-12-11 22:49:34 +0000  Writing entitlements for <IDEDistributionItem: 0x7fe4d74d1d60 'com.apple.dt.runtime.swiftCoreData' '<DVTFilePath:0x7fe4d81aacd0:'/Users/admin/Library/Developer/Xcode/Archives/2019-12-12/SongMe 12-12-2019, 11.47.xcarchive/Products/Applications/SongMe.app/Frameworks/libswiftCoreData.dylib'>'> to: /var/folders/00/6477g22d03d94yhs1vklznfw0000gn/T/XcodeDistPipeline.JrX/entitlementstSvwEP
2019-12-11 22:49:34 +0000  Running /usr/bin/codesign '-vvv' '--force' '--sign' 'E743E360EDB7EF8F6E792FE778B84B2500DEBF88' '--entitlements' '/var/folders/00/6477g22d03d94yhs1vklznfw0000gn/T/XcodeDistPipeline.JrX/entitlementstSvwEP' '--preserve-metadata=identifier,flags,runtime' '/var/folders/00/6477g22d03d94yhs1vklznfw0000gn/T/XcodeDistPipeline.JrX/Root/Payload/SongMe.app/Frameworks/libswiftCoreData.dylib'
2019-12-11 22:49:34 +0000  /var/folders/00/6477g22d03d94yhs1vklznfw0000gn/T/XcodeDistPipeline.JrX/Root/Payload/SongMe.app/Frameworks/libswiftCoreData.dylib: replacing existing signature
2019-12-11 22:49:34 +0000  /var/folders/00/6477g22d03d94yhs1vklznfw0000gn/T/XcodeDistPipeline.JrX/Root/Payload/SongMe.app/Frameworks/libswiftCoreData.dylib: signed Mach-O universal (armv7 armv7s arm64) [com.apple.dt.runtime.swiftCoreData]
2019-12-11 22:49:34 +0000  /usr/bin/codesign exited with 0
2019-12-11 22:49:34 +0000  Entitlements for <IDEDistributionItem: 0x7fe4d5b5c700 'com.apple.dt.runtime.swiftCoreFoundation' '<DVTFilePath:0x7fe4d8174170:'/Users/admin/Library/Developer/Xcode/Archives/2019-12-12/SongMe 12-12-2019, 11.47.xcarchive/Products/Applications/SongMe.app/Frameworks/libswiftCoreFoundation.dylib'>'>: {
}
2019-12-11 22:49:34 +0000  Writing entitlements for <IDEDistributionItem: 0x7fe4d5b5c700 'com.apple.dt.runtime.swiftCoreFoundation' '<DVTFilePath:0x7fe4d8174170:'/Users/admin/Library/Developer/Xcode/Archives/2019-12-12/SongMe 12-12-2019, 11.47.xcarchive/Products/Applications/SongMe.app/Frameworks/libswiftCoreFoundation.dylib'>'> to: /var/folders/00/6477g22d03d94yhs1vklznfw0000gn/T/XcodeDistPipeline.JrX/entitlementsiBtMor
2019-12-11 22:49:34 +0000  Running /usr/bin/codesign '-vvv' '--force' '--sign' 'E743E360EDB7EF8F6E792FE778B84B2500DEBF88' '--entitlements' '/var/folders/00/6477g22d03d94yhs1vklznfw0000gn/T/XcodeDistPipeline.JrX/entitlementsiBtMor' '--preserve-metadata=identifier,flags,runtime' '/var/folders/00/6477g22d03d94yhs1vklznfw0000gn/T/XcodeDistPipeline.JrX/Root/Payload/SongMe.app/Frameworks/libswiftCoreFoundation.dylib'
2019-12-11 22:49:34 +0000  /var/folders/00/6477g22d03d94yhs1vklznfw0000gn/T/XcodeDistPipeline.JrX/Root/Payload/SongMe.app/Frameworks/libswiftCoreFoundation.dylib: replacing existing signature
2019-12-11 22:49:34 +0000  /var/folders/00/6477g22d03d94yhs1vklznfw0000gn/T/XcodeDistPipeline.JrX/Root/Payload/SongMe.app/Frameworks/libswiftCoreFoundation.dylib: signed Mach-O universal (armv7 armv7s arm64) [com.apple.dt.runtime.swiftCoreFoundation]
2019-12-11 22:49:34 +0000  /usr/bin/codesign exited with 0
2019-12-11 22:49:34 +0000  Entitlements for <IDEDistributionItem: 0x7fe4cee4e710 'com.apple.dt.runtime.swiftCoreGraphics' '<DVTFilePath:0x7fe4d72204a0:'/Users/admin/Library/Developer/Xcode/Archives/2019-12-12/SongMe 12-12-2019, 11.47.xcarchive/Products/Applications/SongMe.app/Frameworks/libswiftCoreGraphics.dylib'>'>: {
}
2019-12-11 22:49:34 +0000  Writing entitlements for <IDEDistributionItem: 0x7fe4cee4e710 'com.apple.dt.runtime.swiftCoreGraphics' '<DVTFilePath:0x7fe4d72204a0:'/Users/admin/Library/Developer/Xcode/Archives/2019-12-12/SongMe 12-12-2019, 11.47.xcarchive/Products/Applications/SongMe.app/Frameworks/libswiftCoreGraphics.dylib'>'> to: /var/folders/00/6477g22d03d94yhs1vklznfw0000gn/T/XcodeDistPipeline.JrX/entitlementsr3vsi6
2019-12-11 22:49:34 +0000  Running /usr/bin/codesign '-vvv' '--force' '--sign' 'E743E360EDB7EF8F6E792FE778B84B2500DEBF88' '--entitlements' '/var/folders/00/6477g22d03d94yhs1vklznfw0000gn/T/XcodeDistPipeline.JrX/entitlementsr3vsi6' '--preserve-metadata=identifier,flags,runtime' '/var/folders/00/6477g22d03d94yhs1vklznfw0000gn/T/XcodeDistPipeline.JrX/Root/Payload/SongMe.app/Frameworks/libswiftCoreGraphics.dylib'
2019-12-11 22:49:34 +0000  /var/folders/00/6477g22d03d94yhs1vklznfw0000gn/T/XcodeDistPipeline.JrX/Root/Payload/SongMe.app/Frameworks/libswiftCoreGraphics.dylib: replacing existing signature
2019-12-11 22:49:34 +0000  /var/folders/00/6477g22d03d94yhs1vklznfw0000gn/T/XcodeDistPipeline.JrX/Root/Payload/SongMe.app/Frameworks/libswiftCoreGraphics.dylib: signed Mach-O universal (armv7 armv7s arm64) [com.apple.dt.runtime.swiftCoreGraphics]
2019-12-11 22:49:34 +0000  /usr/bin/codesign exited with 0
2019-12-11 22:49:34 +0000  Entitlements for <IDEDistributionItem: 0x7fe4d64907f0 'com.apple.dt.runtime.swiftCoreImage' '<DVTFilePath:0x7fe4d547f830:'/Users/admin/Library/Developer/Xcode/Archives/2019-12-12/SongMe 12-12-2019, 11.47.xcarchive/Products/Applications/SongMe.app/Frameworks/libswiftCoreImage.dylib'>'>: {
}
2019-12-11 22:49:34 +0000  Writing entitlements for <IDEDistributionItem: 0x7fe4d64907f0 'com.apple.dt.runtime.swiftCoreImage' '<DVTFilePath:0x7fe4d547f830:'/Users/admin/Library/Developer/Xcode/Archives/2019-12-12/SongMe 12-12-2019, 11.47.xcarchive/Products/Applications/SongMe.app/Frameworks/libswiftCoreImage.dylib'>'> to: /var/folders/00/6477g22d03d94yhs1vklznfw0000gn/T/XcodeDistPipeline.JrX/entitlementsejv5Q8
2019-12-11 22:49:34 +0000  Running /usr/bin/codesign '-vvv' '--force' '--sign' 'E743E360EDB7EF8F6E792FE778B84B2500DEBF88' '--entitlements' '/var/folders/00/6477g22d03d94yhs1vklznfw0000gn/T/XcodeDistPipeline.JrX/entitlementsejv5Q8' '--preserve-metadata=identifier,flags,runtime' '/var/folders/00/6477g22d03d94yhs1vklznfw0000gn/T/XcodeDistPipeline.JrX/Root/Payload/SongMe.app/Frameworks/libswiftCoreImage.dylib'
2019-12-11 22:49:34 +0000  /var/folders/00/6477g22d03d94yhs1vklznfw0000gn/T/XcodeDistPipeline.JrX/Root/Payload/SongMe.app/Frameworks/libswiftCoreImage.dylib: replacing existing signature
2019-12-11 22:49:34 +0000  /var/folders/00/6477g22d03d94yhs1vklznfw0000gn/T/XcodeDistPipeline.JrX/Root/Payload/SongMe.app/Frameworks/libswiftCoreImage.dylib: signed Mach-O universal (armv7 armv7s arm64) [com.apple.dt.runtime.swiftCoreImage]
2019-12-11 22:49:34 +0000  /usr/bin/codesign exited with 0
2019-12-11 22:49:34 +0000  Entitlements for <IDEDistributionItem: 0x7fe4d752e610 'com.apple.dt.runtime.swiftCoreMedia' '<DVTFilePath:0x7fe4d81e9d70:'/Users/admin/Library/Developer/Xcode/Archives/2019-12-12/SongMe 12-12-2019, 11.47.xcarchive/Products/Applications/SongMe.app/Frameworks/libswiftCoreMedia.dylib'>'>: {
}
2019-12-11 22:49:34 +0000  Writing entitlements for <IDEDistributionItem: 0x7fe4d752e610 'com.apple.dt.runtime.swiftCoreMedia' '<DVTFilePath:0x7fe4d81e9d70:'/Users/admin/Library/Developer/Xcode/Archives/2019-12-12/SongMe 12-12-2019, 11.47.xcarchive/Products/Applications/SongMe.app/Frameworks/libswiftCoreMedia.dylib'>'> to: /var/folders/00/6477g22d03d94yhs1vklznfw0000gn/T/XcodeDistPipeline.JrX/entitlementsi0GxXv
2019-12-11 22:49:34 +0000  Running /usr/bin/codesign '-vvv' '--force' '--sign' 'E743E360EDB7EF8F6E792FE778B84B2500DEBF88' '--entitlements' '/var/folders/00/6477g22d03d94yhs1vklznfw0000gn/T/XcodeDistPipeline.JrX/entitlementsi0GxXv' '--preserve-metadata=identifier,flags,runtime' '/var/folders/00/6477g22d03d94yhs1vklznfw0000gn/T/XcodeDistPipeline.JrX/Root/Payload/SongMe.app/Frameworks/libswiftCoreMedia.dylib'
2019-12-11 22:49:34 +0000  /var/folders/00/6477g22d03d94yhs1vklznfw0000gn/T/XcodeDistPipeline.JrX/Root/Payload/SongMe.app/Frameworks/libswiftCoreMedia.dylib: replacing existing signature
2019-12-11 22:49:34 +0000  /var/folders/00/6477g22d03d94yhs1vklznfw0000gn/T/XcodeDistPipeline.JrX/Root/Payload/SongMe.app/Frameworks/libswiftCoreMedia.dylib: signed Mach-O universal (armv7 armv7s arm64) [com.apple.dt.runtime.swiftCoreMedia]
2019-12-11 22:49:34 +0000  /usr/bin/codesign exited with 0
2019-12-11 22:49:34 +0000  Entitlements for <IDEDistributionItem: 0x7fe4d64d2000 'com.apple.dt.runtime.swiftDarwin' '<DVTFilePath:0x7fe4d8115af0:'/Users/admin/Library/Developer/Xcode/Archives/2019-12-12/SongMe 12-12-2019, 11.47.xcarchive/Products/Applications/SongMe.app/Frameworks/libswiftDarwin.dylib'>'>: {
}
2019-12-11 22:49:34 +0000  Writing entitlements for <IDEDistributionItem: 0x7fe4d64d2000 'com.apple.dt.runtime.swiftDarwin' '<DVTFilePath:0x7fe4d8115af0:'/Users/admin/Library/Developer/Xcode/Archives/2019-12-12/SongMe 12-12-2019, 11.47.xcarchive/Products/Applications/SongMe.app/Frameworks/libswiftDarwin.dylib'>'> to: /var/folders/00/6477g22d03d94yhs1vklznfw0000gn/T/XcodeDistPipeline.JrX/entitlementsJ7yVNN
2019-12-11 22:49:34 +0000  Running /usr/bin/codesign '-vvv' '--force' '--sign' 'E743E360EDB7EF8F6E792FE778B84B2500DEBF88' '--entitlements' '/var/folders/00/6477g22d03d94yhs1vklznfw0000gn/T/XcodeDistPipeline.JrX/entitlementsJ7yVNN' '--preserve-metadata=identifier,flags,runtime' '/var/folders/00/6477g22d03d94yhs1vklznfw0000gn/T/XcodeDistPipeline.JrX/Root/Payload/SongMe.app/Frameworks/libswiftDarwin.dylib'
2019-12-11 22:49:34 +0000  /var/folders/00/6477g22d03d94yhs1vklznfw0000gn/T/XcodeDistPipeline.JrX/Root/Payload/SongMe.app/Frameworks/libswiftDarwin.dylib: replacing existing signature
2019-12-11 22:49:35 +0000  /var/folders/00/6477g22d03d94yhs1vklznfw0000gn/T/XcodeDistPipeline.JrX/Root/Payload/SongMe.app/Frameworks/libswiftDarwin.dylib: signed Mach-O universal (armv7 armv7s arm64) [com.apple.dt.runtime.swiftDarwin]
2019-12-11 22:49:35 +0000  /usr/bin/codesign exited with 0
2019-12-11 22:49:35 +0000  Entitlements for <IDEDistributionItem: 0x7fe4d64f1380 'com.apple.dt.runtime.swiftDispatch' '<DVTFilePath:0x7fe4d729af20:'/Users/admin/Library/Developer/Xcode/Archives/2019-12-12/SongMe 12-12-2019, 11.47.xcarchive/Products/Applications/SongMe.app/Frameworks/libswiftDispatch.dylib'>'>: {
}
2019-12-11 22:49:35 +0000  Writing entitlements for <IDEDistributionItem: 0x7fe4d64f1380 'com.apple.dt.runtime.swiftDispatch' '<DVTFilePath:0x7fe4d729af20:'/Users/admin/Library/Developer/Xcode/Archives/2019-12-12/SongMe 12-12-2019, 11.47.xcarchive/Products/Applications/SongMe.app/Frameworks/libswiftDispatch.dylib'>'> to: /var/folders/00/6477g22d03d94yhs1vklznfw0000gn/T/XcodeDistPipeline.JrX/entitlementsf9oEBy
2019-12-11 22:49:35 +0000  Running /usr/bin/codesign '-vvv' '--force' '--sign' 'E743E360EDB7EF8F6E792FE778B84B2500DEBF88' '--entitlements' '/var/folders/00/6477g22d03d94yhs1vklznfw0000gn/T/XcodeDistPipeline.JrX/entitlementsf9oEBy' '--preserve-metadata=identifier,flags,runtime' '/var/folders/00/6477g22d03d94yhs1vklznfw0000gn/T/XcodeDistPipeline.JrX/Root/Payload/SongMe.app/Frameworks/libswiftDispatch.dylib'
2019-12-11 22:49:35 +0000  /var/folders/00/6477g22d03d94yhs1vklznfw0000gn/T/XcodeDistPipeline.JrX/Root/Payload/SongMe.app/Frameworks/libswiftDispatch.dylib: replacing existing signature
2019-12-11 22:49:35 +0000  /var/folders/00/6477g22d03d94yhs1vklznfw0000gn/T/XcodeDistPipeline.JrX/Root/Payload/SongMe.app/Frameworks/libswiftDispatch.dylib: signed Mach-O universal (armv7 armv7s arm64) [com.apple.dt.runtime.swiftDispatch]
2019-12-11 22:49:35 +0000  /usr/bin/codesign exited with 0
2019-12-11 22:49:35 +0000  Entitlements for <IDEDistributionItem: 0x7fe4d5583020 'com.apple.dt.runtime.swiftFoundation' '<DVTFilePath:0x7fe4d81940a0:'/Users/admin/Library/Developer/Xcode/Archives/2019-12-12/SongMe 12-12-2019, 11.47.xcarchive/Products/Applications/SongMe.app/Frameworks/libswiftFoundation.dylib'>'>: {
}
2019-12-11 22:49:35 +0000  Writing entitlements for <IDEDistributionItem: 0x7fe4d5583020 'com.apple.dt.runtime.swiftFoundation' '<DVTFilePath:0x7fe4d81940a0:'/Users/admin/Library/Developer/Xcode/Archives/2019-12-12/SongMe 12-12-2019, 11.47.xcarchive/Products/Applications/SongMe.app/Frameworks/libswiftFoundation.dylib'>'> to: /var/folders/00/6477g22d03d94yhs1vklznfw0000gn/T/XcodeDistPipeline.JrX/entitlementsa4JKa4
2019-12-11 22:49:35 +0000  Running /usr/bin/codesign '-vvv' '--force' '--sign' 'E743E360EDB7EF8F6E792FE778B84B2500DEBF88' '--entitlements' '/var/folders/00/6477g22d03d94yhs1vklznfw0000gn/T/XcodeDistPipeline.JrX/entitlementsa4JKa4' '--preserve-metadata=identifier,flags,runtime' '/var/folders/00/6477g22d03d94yhs1vklznfw0000gn/T/XcodeDistPipeline.JrX/Root/Payload/SongMe.app/Frameworks/libswiftFoundation.dylib'
2019-12-11 22:49:35 +0000  /var/folders/00/6477g22d03d94yhs1vklznfw0000gn/T/XcodeDistPipeline.JrX/Root/Payload/SongMe.app/Frameworks/libswiftFoundation.dylib: replacing existing signature
2019-12-11 22:49:35 +0000  /var/folders/00/6477g22d03d94yhs1vklznfw0000gn/T/XcodeDistPipeline.JrX/Root/Payload/SongMe.app/Frameworks/libswiftFoundation.dylib: signed Mach-O universal (armv7 armv7s arm64) [com.apple.dt.runtime.swiftFoundation]
2019-12-11 22:49:35 +0000  /usr/bin/codesign exited with 0
2019-12-11 22:49:35 +0000  Entitlements for <IDEDistributionItem: 0x7fe4d559ee40 'com.apple.dt.runtime.swiftMediaPlayer' '<DVTFilePath:0x7fe4d72b7060:'/Users/admin/Library/Developer/Xcode/Archives/2019-12-12/SongMe 12-12-2019, 11.47.xcarchive/Products/Applications/SongMe.app/Frameworks/libswiftMediaPlayer.dylib'>'>: {
}
2019-12-11 22:49:35 +0000  Writing entitlements for <IDEDistributionItem: 0x7fe4d559ee40 'com.apple.dt.runtime.swiftMediaPlayer' '<DVTFilePath:0x7fe4d72b7060:'/Users/admin/Library/Developer/Xcode/Archives/2019-12-12/SongMe 12-12-2019, 11.47.xcarchive/Products/Applications/SongMe.app/Frameworks/libswiftMediaPlayer.dylib'>'> to: /var/folders/00/6477g22d03d94yhs1vklznfw0000gn/T/XcodeDistPipeline.JrX/entitlementsFgDoNw
2019-12-11 22:49:35 +0000  Running /usr/bin/codesign '-vvv' '--force' '--sign' 'E743E360EDB7EF8F6E792FE778B84B2500DEBF88' '--entitlements' '/var/folders/00/6477g22d03d94yhs1vklznfw0000gn/T/XcodeDistPipeline.JrX/entitlementsFgDoNw' '--preserve-metadata=identifier,flags,runtime' '/var/folders/00/6477g22d03d94yhs1vklznfw0000gn/T/XcodeDistPipeline.JrX/Root/Payload/SongMe.app/Frameworks/libswiftMediaPlayer.dylib'
2019-12-11 22:49:35 +0000  /var/folders/00/6477g22d03d94yhs1vklznfw0000gn/T/XcodeDistPipeline.JrX/Root/Payload/SongMe.app/Frameworks/libswiftMediaPlayer.dylib: replacing existing signature
2019-12-11 22:49:35 +0000  /var/folders/00/6477g22d03d94yhs1vklznfw0000gn/T/XcodeDistPipeline.JrX/Root/Payload/SongMe.app/Frameworks/libswiftMediaPlayer.dylib: signed Mach-O universal (armv7 armv7s arm64) [com.apple.dt.runtime.swiftMediaPlayer]
2019-12-11 22:49:35 +0000  /usr/bin/codesign exited with 0
2019-12-11 22:49:35 +0000  Entitlements for <IDEDistributionItem: 0x7fe4d60af450 'com.apple.dt.runtime.swiftMetal' '<DVTFilePath:0x7fe4d52eff20:'/Users/admin/Library/Developer/Xcode/Archives/2019-12-12/SongMe 12-12-2019, 11.47.xcarchive/Products/Applications/SongMe.app/Frameworks/libswiftMetal.dylib'>'>: {
}
2019-12-11 22:49:35 +0000  Writing entitlements for <IDEDistributionItem: 0x7fe4d60af450 'com.apple.dt.runtime.swiftMetal' '<DVTFilePath:0x7fe4d52eff20:'/Users/admin/Library/Developer/Xcode/Archives/2019-12-12/SongMe 12-12-2019, 11.47.xcarchive/Products/Applications/SongMe.app/Frameworks/libswiftMetal.dylib'>'> to: /var/folders/00/6477g22d03d94yhs1vklznfw0000gn/T/XcodeDistPipeline.JrX/entitlementsGgU67T
2019-12-11 22:49:35 +0000  Running /usr/bin/codesign '-vvv' '--force' '--sign' 'E743E360EDB7EF8F6E792FE778B84B2500DEBF88' '--entitlements' '/var/folders/00/6477g22d03d94yhs1vklznfw0000gn/T/XcodeDistPipeline.JrX/entitlementsGgU67T' '--preserve-metadata=identifier,flags,runtime' '/var/folders/00/6477g22d03d94yhs1vklznfw0000gn/T/XcodeDistPipeline.JrX/Root/Payload/SongMe.app/Frameworks/libswiftMetal.dylib'
2019-12-11 22:49:35 +0000  /var/folders/00/6477g22d03d94yhs1vklznfw0000gn/T/XcodeDistPipeline.JrX/Root/Payload/SongMe.app/Frameworks/libswiftMetal.dylib: replacing existing signature
2019-12-11 22:49:36 +0000  /var/folders/00/6477g22d03d94yhs1vklznfw0000gn/T/XcodeDistPipeline.JrX/Root/Payload/SongMe.app/Frameworks/libswiftMetal.dylib: signed Mach-O universal (armv7 armv7s arm64) [com.apple.dt.runtime.swiftMetal]
2019-12-11 22:49:36 +0000  /usr/bin/codesign exited with 0
2019-12-11 22:49:36 +0000  Entitlements for <IDEDistributionItem: 0x7fe4d6415280 'com.apple.dt.runtime.swiftObjectiveC' '<DVTFilePath:0x7fe4d7418c50:'/Users/admin/Library/Developer/Xcode/Archives/2019-12-12/SongMe 12-12-2019, 11.47.xcarchive/Products/Applications/SongMe.app/Frameworks/libswiftObjectiveC.dylib'>'>: {
}
2019-12-11 22:49:36 +0000  Writing entitlements for <IDEDistributionItem: 0x7fe4d6415280 'com.apple.dt.runtime.swiftObjectiveC' '<DVTFilePath:0x7fe4d7418c50:'/Users/admin/Library/Developer/Xcode/Archives/2019-12-12/SongMe 12-12-2019, 11.47.xcarchive/Products/Applications/SongMe.app/Frameworks/libswiftObjectiveC.dylib'>'> to: /var/folders/00/6477g22d03d94yhs1vklznfw0000gn/T/XcodeDistPipeline.JrX/entitlements09SnUZ
2019-12-11 22:49:36 +0000  Running /usr/bin/codesign '-vvv' '--force' '--sign' 'E743E360EDB7EF8F6E792FE778B84B2500DEBF88' '--entitlements' '/var/folders/00/6477g22d03d94yhs1vklznfw0000gn/T/XcodeDistPipeline.JrX/entitlements09SnUZ' '--preserve-metadata=identifier,flags,runtime' '/var/folders/00/6477g22d03d94yhs1vklznfw0000gn/T/XcodeDistPipeline.JrX/Root/Payload/SongMe.app/Frameworks/libswiftObjectiveC.dylib'
2019-12-11 22:49:36 +0000  /var/folders/00/6477g22d03d94yhs1vklznfw0000gn/T/XcodeDistPipeline.JrX/Root/Payload/SongMe.app/Frameworks/libswiftObjectiveC.dylib: replacing existing signature
2019-12-11 22:49:36 +0000  /var/folders/00/6477g22d03d94yhs1vklznfw0000gn/T/XcodeDistPipeline.JrX/Root/Payload/SongMe.app/Frameworks/libswiftObjectiveC.dylib: signed Mach-O universal (armv7 armv7s arm64) [com.apple.dt.runtime.swiftObjectiveC]
2019-12-11 22:49:36 +0000  /usr/bin/codesign exited with 0
2019-12-11 22:49:36 +0000  Entitlements for <IDEDistributionItem: 0x7fe4d81a99d0 'com.apple.dt.runtime.swiftQuartzCore' '<DVTFilePath:0x7fe4d81a80c0:'/Users/admin/Library/Developer/Xcode/Archives/2019-12-12/SongMe 12-12-2019, 11.47.xcarchive/Products/Applications/SongMe.app/Frameworks/libswiftQuartzCore.dylib'>'>: {
}
2019-12-11 22:49:36 +0000  Writing entitlements for <IDEDistributionItem: 0x7fe4d81a99d0 'com.apple.dt.runtime.swiftQuartzCore' '<DVTFilePath:0x7fe4d81a80c0:'/Users/admin/Library/Developer/Xcode/Archives/2019-12-12/SongMe 12-12-2019, 11.47.xcarchive/Products/Applications/SongMe.app/Frameworks/libswiftQuartzCore.dylib'>'> to: /var/folders/00/6477g22d03d94yhs1vklznfw0000gn/T/XcodeDistPipeline.JrX/entitlementsIUPcBd
2019-12-11 22:49:36 +0000  Running /usr/bin/codesign '-vvv' '--force' '--sign' 'E743E360EDB7EF8F6E792FE778B84B2500DEBF88' '--entitlements' '/var/folders/00/6477g22d03d94yhs1vklznfw0000gn/T/XcodeDistPipeline.JrX/entitlementsIUPcBd' '--preserve-metadata=identifier,flags,runtime' '/var/folders/00/6477g22d03d94yhs1vklznfw0000gn/T/XcodeDistPipeline.JrX/Root/Payload/SongMe.app/Frameworks/libswiftQuartzCore.dylib'
2019-12-11 22:49:36 +0000  /var/folders/00/6477g22d03d94yhs1vklznfw0000gn/T/XcodeDistPipeline.JrX/Root/Payload/SongMe.app/Frameworks/libswiftQuartzCore.dylib: replacing existing signature
2019-12-11 22:49:36 +0000  /var/folders/00/6477g22d03d94yhs1vklznfw0000gn/T/XcodeDistPipeline.JrX/Root/Payload/SongMe.app/Frameworks/libswiftQuartzCore.dylib: signed Mach-O universal (armv7 armv7s arm64) [com.apple.dt.runtime.swiftQuartzCore]
2019-12-11 22:49:36 +0000  /usr/bin/codesign exited with 0
2019-12-11 22:49:36 +0000  Entitlements for <IDEDistributionItem: 0x7fe4d83a0ca0 'com.apple.dt.runtime.swiftUIKit' '<DVTFilePath:0x7fe4d8104390:'/Users/admin/Library/Developer/Xcode/Archives/2019-12-12/SongMe 12-12-2019, 11.47.xcarchive/Products/Applications/SongMe.app/Frameworks/libswiftUIKit.dylib'>'>: {
}
2019-12-11 22:49:36 +0000  Writing entitlements for <IDEDistributionItem: 0x7fe4d83a0ca0 'com.apple.dt.runtime.swiftUIKit' '<DVTFilePath:0x7fe4d8104390:'/Users/admin/Library/Developer/Xcode/Archives/2019-12-12/SongMe 12-12-2019, 11.47.xcarchive/Products/Applications/SongMe.app/Frameworks/libswiftUIKit.dylib'>'> to: /var/folders/00/6477g22d03d94yhs1vklznfw0000gn/T/XcodeDistPipeline.JrX/entitlementsrWEJfc
2019-12-11 22:49:36 +0000  Running /usr/bin/codesign '-vvv' '--force' '--sign' 'E743E360EDB7EF8F6E792FE778B84B2500DEBF88' '--entitlements' '/var/folders/00/6477g22d03d94yhs1vklznfw0000gn/T/XcodeDistPipeline.JrX/entitlementsrWEJfc' '--preserve-metadata=identifier,flags,runtime' '/var/folders/00/6477g22d03d94yhs1vklznfw0000gn/T/XcodeDistPipeline.JrX/Root/Payload/SongMe.app/Frameworks/libswiftUIKit.dylib'
2019-12-11 22:49:36 +0000  /var/folders/00/6477g22d03d94yhs1vklznfw0000gn/T/XcodeDistPipeline.JrX/Root/Payload/SongMe.app/Frameworks/libswiftUIKit.dylib: replacing existing signature
2019-12-11 22:49:36 +0000  /var/folders/00/6477g22d03d94yhs1vklznfw0000gn/T/XcodeDistPipeline.JrX/Root/Payload/SongMe.app/Frameworks/libswiftUIKit.dylib: signed Mach-O universal (armv7 armv7s arm64) [com.apple.dt.runtime.swiftUIKit]
2019-12-11 22:49:36 +0000  /usr/bin/codesign exited with 0
2019-12-11 22:49:36 +0000  Entitlements for <IDEDistributionItem: 0x7fe4ceee8070 'com.apple.dt.runtime.swiftos' '<DVTFilePath:0x7fe4d529a040:'/Users/admin/Library/Developer/Xcode/Archives/2019-12-12/SongMe 12-12-2019, 11.47.xcarchive/Products/Applications/SongMe.app/Frameworks/libswiftos.dylib'>'>: {
}
2019-12-11 22:49:36 +0000  Writing entitlements for <IDEDistributionItem: 0x7fe4ceee8070 'com.apple.dt.runtime.swiftos' '<DVTFilePath:0x7fe4d529a040:'/Users/admin/Library/Developer/Xcode/Archives/2019-12-12/SongMe 12-12-2019, 11.47.xcarchive/Products/Applications/SongMe.app/Frameworks/libswiftos.dylib'>'> to: /var/folders/00/6477g22d03d94yhs1vklznfw0000gn/T/XcodeDistPipeline.JrX/entitlements8c1nog
2019-12-11 22:49:36 +0000  Running /usr/bin/codesign '-vvv' '--force' '--sign' 'E743E360EDB7EF8F6E792FE778B84B2500DEBF88' '--entitlements' '/var/folders/00/6477g22d03d94yhs1vklznfw0000gn/T/XcodeDistPipeline.JrX/entitlements8c1nog' '--preserve-metadata=identifier,flags,runtime' '/var/folders/00/6477g22d03d94yhs1vklznfw0000gn/T/XcodeDistPipeline.JrX/Root/Payload/SongMe.app/Frameworks/libswiftos.dylib'
2019-12-11 22:49:36 +0000  /var/folders/00/6477g22d03d94yhs1vklznfw0000gn/T/XcodeDistPipeline.JrX/Root/Payload/SongMe.app/Frameworks/libswiftos.dylib: replacing existing signature
2019-12-11 22:49:36 +0000  /var/folders/00/6477g22d03d94yhs1vklznfw0000gn/T/XcodeDistPipeline.JrX/Root/Payload/SongMe.app/Frameworks/libswiftos.dylib: signed Mach-O universal (armv7 armv7s arm64) [com.apple.dt.runtime.swiftos]
2019-12-11 22:49:36 +0000  /usr/bin/codesign exited with 0
2019-12-11 22:49:36 +0000  Entitlements for <IDEDistributionItem: 0x7fe4d5bc9100 'com.apple.dt.runtime.swiftsimd' '<DVTFilePath:0x7fe4d7400820:'/Users/admin/Library/Developer/Xcode/Archives/2019-12-12/SongMe 12-12-2019, 11.47.xcarchive/Products/Applications/SongMe.app/Frameworks/libswiftsimd.dylib'>'>: {
}
2019-12-11 22:49:36 +0000  Writing entitlements for <IDEDistributionItem: 0x7fe4d5bc9100 'com.apple.dt.runtime.swiftsimd' '<DVTFilePath:0x7fe4d7400820:'/Users/admin/Library/Developer/Xcode/Archives/2019-12-12/SongMe 12-12-2019, 11.47.xcarchive/Products/Applications/SongMe.app/Frameworks/libswiftsimd.dylib'>'> to: /var/folders/00/6477g22d03d94yhs1vklznfw0000gn/T/XcodeDistPipeline.JrX/entitlementsNge1aK
2019-12-11 22:49:36 +0000  Running /usr/bin/codesign '-vvv' '--force' '--sign' 'E743E360EDB7EF8F6E792FE778B84B2500DEBF88' '--entitlements' '/var/folders/00/6477g22d03d94yhs1vklznfw0000gn/T/XcodeDistPipeline.JrX/entitlementsNge1aK' '--preserve-metadata=identifier,flags,runtime' '/var/folders/00/6477g22d03d94yhs1vklznfw0000gn/T/XcodeDistPipeline.JrX/Root/Payload/SongMe.app/Frameworks/libswiftsimd.dylib'
2019-12-11 22:49:36 +0000  /var/folders/00/6477g22d03d94yhs1vklznfw0000gn/T/XcodeDistPipeline.JrX/Root/Payload/SongMe.app/Frameworks/libswiftsimd.dylib: replacing existing signature
2019-12-11 22:49:36 +0000  /var/folders/00/6477g22d03d94yhs1vklznfw0000gn/T/XcodeDistPipeline.JrX/Root/Payload/SongMe.app/Frameworks/libswiftsimd.dylib: signed Mach-O universal (armv7 armv7s arm64) [com.apple.dt.runtime.swiftsimd]
2019-12-11 22:49:36 +0000  /usr/bin/codesign exited with 0
2019-12-11 22:49:36 +0000  Entitlements for <IDEDistributionItem: 0x7fe4d7432260 'mattweir.just-exploring-3' '<DVTFilePath:0x7fe4d525f310:'/Users/admin/Library/Developer/Xcode/Archives/2019-12-12/SongMe 12-12-2019, 11.47.xcarchive/Products/Applications/SongMe.app'>'>: {
    "application-identifier" = "FF48ESATNC.mattweir.just-exploring-3";
    "com.apple.developer.default-data-protection" = NSFileProtectionComplete;
    "com.apple.developer.team-identifier" = FF48ESATNC;
    "get-task-allow" = 1;
}
2019-12-11 22:49:36 +0000  Writing entitlements for <IDEDistributionItem: 0x7fe4d7432260 'mattweir.just-exploring-3' '<DVTFilePath:0x7fe4d525f310:'/Users/admin/Library/Developer/Xcode/Archives/2019-12-12/SongMe 12-12-2019, 11.47.xcarchive/Products/Applications/SongMe.app'>'> to: /var/folders/00/6477g22d03d94yhs1vklznfw0000gn/T/XcodeDistPipeline.JrX/entitlementsAdEFvu
2019-12-11 22:49:36 +0000  Running /usr/bin/codesign '-vvv' '--force' '--sign' 'E743E360EDB7EF8F6E792FE778B84B2500DEBF88' '--entitlements' '/var/folders/00/6477g22d03d94yhs1vklznfw0000gn/T/XcodeDistPipeline.JrX/entitlementsAdEFvu' '--preserve-metadata=identifier,flags,runtime' '/var/folders/00/6477g22d03d94yhs1vklznfw0000gn/T/XcodeDistPipeline.JrX/Root/Payload/SongMe.app'
2019-12-11 22:49:37 +0000  /var/folders/00/6477g22d03d94yhs1vklznfw0000gn/T/XcodeDistPipeline.JrX/Root/Payload/SongMe.app: replacing existing signature
2019-12-11 22:49:37 +0000  /var/folders/00/6477g22d03d94yhs1vklznfw0000gn/T/XcodeDistPipeline.JrX/Root/Payload/SongMe.app: signed app bundle with Mach-O thin (arm64) [mattweir.just-exploring-3]
2019-12-11 22:49:37 +0000  /usr/bin/codesign exited with 0
2019-12-11 22:49:37 +0000  Processing step: IDEDistributionZipODRItemStep
2019-12-11 22:49:37 +0000  Skipping step: IDEDistributionZipODRItemStep because it said so
2019-12-11 22:49:37 +0000  Skipping step: IDEDistributionZipODRItemStep because it said so
2019-12-11 22:49:37 +0000  Skipping step: IDEDistributionZipODRItemStep because it said so
2019-12-11 22:49:37 +0000  Skipping step: IDEDistributionZipODRItemStep because it said so
2019-12-11 22:49:37 +0000  Skipping step: IDEDistributionZipODRItemStep because it said so
2019-12-11 22:49:37 +0000  Skipping step: IDEDistributionZipODRItemStep because it said so
2019-12-11 22:49:37 +0000  Skipping step: IDEDistributionZipODRItemStep because it said so
2019-12-11 22:49:37 +0000  Skipping step: IDEDistributionZipODRItemStep because it said so
2019-12-11 22:49:37 +0000  Skipping step: IDEDistributionZipODRItemStep because it said so
2019-12-11 22:49:37 +0000  Skipping step: IDEDistributionZipODRItemStep because it said so
2019-12-11 22:49:37 +0000  Skipping step: IDEDistributionZipODRItemStep because it said so
2019-12-11 22:49:37 +0000  Skipping step: IDEDistributionZipODRItemStep because it said so
2019-12-11 22:49:37 +0000  Skipping step: IDEDistributionZipODRItemStep because it said so
2019-12-11 22:49:37 +0000  Skipping step: IDEDistributionZipODRItemStep because it said so
2019-12-11 22:49:37 +0000  Skipping step: IDEDistributionZipODRItemStep because it said so
2019-12-11 22:49:37 +0000  Skipping step: IDEDistributionZipODRItemStep because it said so
2019-12-11 22:49:37 +0000  Skipping step: IDEDistributionZipODRItemStep because it said so
2019-12-11 22:49:37 +0000  Skipping step: IDEDistributionZipODRItemStep because it said so
2019-12-11 22:49:37 +0000  Skipping step: IDEDistributionZipODRItemStep because it said so
2019-12-11 22:49:37 +0000  Skipping step: IDEDistributionZipODRItemStep because it said so
2019-12-11 22:49:37 +0000  Processing step: IDEDistributionCreateIPAStep
2019-12-11 22:49:37 +0000  Running /usr/bin/ditto '-V' '-c' '-k' '--norsrc' '/var/folders/00/6477g22d03d94yhs1vklznfw0000gn/T/XcodeDistPipeline.JrX/Root' '/var/folders/00/6477g22d03d94yhs1vklznfw0000gn/T/XcodeDistPipeline.JrX/Packages/SongMe.ipa'
2019-12-11 22:49:37 +0000  >>> Copying /var/folders/00/6477g22d03d94yhs1vklznfw0000gn/T/XcodeDistPipeline.JrX/Root 
2019-12-11 22:49:37 +0000  copying file ./Payload/SongMe.app/_CodeSignature/CodeResources ... 
2019-12-11 22:49:37 +0000  12361 bytes for ./Payload/SongMe.app/_CodeSignature/CodeResources
2019-12-11 22:49:37 +0000  copying file ./Payload/SongMe.app/Assets.car ... 
2019-12-11 22:49:37 +0000  42712 bytes for ./Payload/SongMe.app/Assets.car
2019-12-11 22:49:37 +0000  copying file ./Payload/SongMe.app/Base.lproj/LaunchScreen.storyboardc/01J-lp-oVM-view-Ze5-6b-2t3.nib ... 
2019-12-11 22:49:37 +0000  1136 bytes for ./Payload/SongMe.app/Base.lproj/LaunchScreen.storyboardc/01J-lp-oVM-view-Ze5-6b-2t3.nib
copying file ./Payload/SongMe.app/Base.lproj/LaunchScreen.storyboardc/Info.plist ... 
258 bytes for ./Payload/SongMe.app/Base.lproj/LaunchScreen.storyboardc/Info.plist
copying file ./Payload/SongMe.app/Base.lproj/LaunchScreen.storyboardc/UIViewController-01J-lp-oVM.nib ... 
2019-12-11 22:49:37 +0000  832 bytes for ./Payload/SongMe.app/Base.lproj/LaunchScreen.storyboardc/UIViewController-01J-lp-oVM.nib
2019-12-11 22:49:37 +0000  copying file ./Payload/SongMe.app/Base.lproj/Main.storyboardc/4np-qL-b88-view-atP-Vq-Rgx.nib ... 
2019-12-11 22:49:37 +0000  2198 bytes for ./Payload/SongMe.app/Base.lproj/Main.storyboardc/4np-qL-b88-view-atP-Vq-Rgx.nib
copying file ./Payload/SongMe.app/Base.lproj/Main.storyboardc/52o-yq-pr8-view-djA-yN-9Yw.nib ... 
2019-12-11 22:49:37 +0000  2221 bytes for ./Payload/SongMe.app/Base.lproj/Main.storyboardc/52o-yq-pr8-view-djA-yN-9Yw.nib
2019-12-11 22:49:37 +0000  copying file ./Payload/SongMe.app/Base.lproj/Main.storyboardc/e9C-Td-deu-view-WW2-aC-hP5.nib ... 
2019-12-11 22:49:37 +0000  6654 bytes for ./Payload/SongMe.app/Base.lproj/Main.storyboardc/e9C-Td-deu-view-WW2-aC-hP5.nib
2019-12-11 22:49:37 +0000  copying file ./Payload/SongMe.app/Base.lproj/Main.storyboardc/Info.plist ... 
559 bytes for ./Payload/SongMe.app/Base.lproj/Main.storyboardc/Info.plist
copying file ./Payload/SongMe.app/Base.lproj/Main.storyboardc/jow-OS-RDo-view-c0h-QY-bEs.nib ... 
2019-12-11 22:49:37 +0000  7025 bytes for ./Payload/SongMe.app/Base.lproj/Main.storyboardc/jow-OS-RDo-view-c0h-QY-bEs.nib
copying file ./Payload/SongMe.app/Base.lproj/Main.storyboardc/m7B-uG-kn7-view-KP3-SC-udx.nib ... 
2019-12-11 22:49:37 +0000  3243 bytes for ./Payload/SongMe.app/Base.lproj/Main.storyboardc/m7B-uG-kn7-view-KP3-SC-udx.nib
2019-12-11 22:49:37 +0000  copying file ./Payload/SongMe.app/Base.lproj/Main.storyboardc/pne-Iy-L3c-view-pXG-Nn-4u3.nib ... 
2019-12-11 22:49:37 +0000  4383 bytes for ./Payload/SongMe.app/Base.lproj/Main.storyboardc/pne-Iy-L3c-view-pXG-Nn-4u3.nib
copying file ./Payload/SongMe.app/Base.lproj/Main.storyboardc/UINavigationController-BhC-rf-OdZ.nib ... 
2019-12-11 22:49:37 +0000  4342 bytes for ./Payload/SongMe.app/Base.lproj/Main.storyboardc/UINavigationController-BhC-rf-OdZ.nib
2019-12-11 22:49:37 +0000  copying file ./Payload/SongMe.app/Base.lproj/Main.storyboardc/UITableViewController-jow-OS-RDo.nib ... 
1682 bytes for ./Payload/SongMe.app/Base.lproj/Main.storyboardc/UITableViewController-jow-OS-RDo.nib
2019-12-11 22:49:37 +0000  copying file ./Payload/SongMe.app/Base.lproj/Main.storyboardc/UIViewController-4np-qL-b88.nib ... 
2019-12-11 22:49:37 +0000  1169 bytes for ./Payload/SongMe.app/Base.lproj/Main.storyboardc/UIViewController-4np-qL-b88.nib
copying file ./Payload/SongMe.app/Base.lproj/Main.storyboardc/UIViewController-52o-yq-pr8.nib ... 
2019-12-11 22:49:37 +0000  1047 bytes for ./Payload/SongMe.app/Base.lproj/Main.storyboardc/UIViewController-52o-yq-pr8.nib
copying file ./Payload/SongMe.app/Base.lproj/Main.storyboardc/UIViewController-pne-Iy-L3c.nib ... 
2019-12-11 22:49:37 +0000  1226 bytes for ./Payload/SongMe.app/Base.lproj/Main.storyboardc/UIViewController-pne-Iy-L3c.nib
2019-12-11 22:49:37 +0000  copying file ./Payload/SongMe.app/Base.lproj/Main.storyboardc/xvt-li-1LR-view-ht1-OZ-Vhp.nib ... 
2019-12-11 22:49:37 +0000  3735 bytes for ./Payload/SongMe.app/Base.lproj/Main.storyboardc/xvt-li-1LR-view-ht1-OZ-Vhp.nib
copying file ./Payload/SongMe.app/embedded.mobileprovision ... 
2019-12-11 22:49:37 +0000  7564 bytes for ./Payload/SongMe.app/embedded.mobileprovision
copying file ./Payload/SongMe.app/Frameworks/libswiftAssetsLibrary.dylib ... 
2019-12-11 22:49:37 +0000  251520 bytes for ./Payload/SongMe.app/Frameworks/libswiftAssetsLibrary.dylib
copying file ./Payload/SongMe.app/Frameworks/libswiftAVFoundation.dylib ... 
2019-12-11 22:49:37 +0000  525872 bytes for ./Payload/SongMe.app/Frameworks/libswiftAVFoundation.dylib
copying file ./Payload/SongMe.app/Frameworks/libswiftCore.dylib ... 
2019-12-11 22:49:38 +0000  16705920 bytes for ./Payload/SongMe.app/Frameworks/libswiftCore.dylib
copying file ./Payload/SongMe.app/Frameworks/libswiftCoreAudio.dylib ... 
2019-12-11 22:49:38 +0000  348624 bytes for ./Payload/SongMe.app/Frameworks/libswiftCoreAudio.dylib
copying file ./Payload/SongMe.app/Frameworks/libswiftCoreData.dylib ... 
2019-12-11 22:49:38 +0000  352656 bytes for ./Payload/SongMe.app/Frameworks/libswiftCoreData.dylib
2019-12-11 22:49:38 +0000  copying file ./Payload/SongMe.app/Frameworks/libswiftCoreFoundation.dylib ... 
2019-12-11 22:49:38 +0000  250752 bytes for ./Payload/SongMe.app/Frameworks/libswiftCoreFoundation.dylib
copying file ./Payload/SongMe.app/Frameworks/libswiftCoreGraphics.dylib ... 
2019-12-11 22:49:38 +0000  651792 bytes for ./Payload/SongMe.app/Frameworks/libswiftCoreGraphics.dylib
copying file ./Payload/SongMe.app/Frameworks/libswiftCoreImage.dylib ... 
2019-12-11 22:49:38 +0000  251056 bytes for ./Payload/SongMe.app/Frameworks/libswiftCoreImage.dylib
2019-12-11 22:49:38 +0000  copying file ./Payload/SongMe.app/Frameworks/libswiftCoreMedia.dylib ... 
2019-12-11 22:49:38 +0000  299920 bytes for ./Payload/SongMe.app/Frameworks/libswiftCoreMedia.dylib
copying file ./Payload/SongMe.app/Frameworks/libswiftDarwin.dylib ... 
2019-12-11 22:49:38 +0000  402976 bytes for ./Payload/SongMe.app/Frameworks/libswiftDarwin.dylib
2019-12-11 22:49:38 +0000  copying file ./Payload/SongMe.app/Frameworks/libswiftDispatch.dylib ... 
2019-12-11 22:49:38 +0000  1059200 bytes for ./Payload/SongMe.app/Frameworks/libswiftDispatch.dylib
copying file ./Payload/SongMe.app/Frameworks/libswiftFoundation.dylib ... 
2019-12-11 22:49:39 +0000  8352704 bytes for ./Payload/SongMe.app/Frameworks/libswiftFoundation.dylib
copying file ./Payload/SongMe.app/Frameworks/libswiftMediaPlayer.dylib ... 
2019-12-11 22:49:39 +0000  356160 bytes for ./Payload/SongMe.app/Frameworks/libswiftMediaPlayer.dylib
copying file ./Payload/SongMe.app/Frameworks/libswiftMetal.dylib ... 
2019-12-11 22:49:39 +0000  295696 bytes for ./Payload/SongMe.app/Frameworks/libswiftMetal.dylib
copying file ./Payload/SongMe.app/Frameworks/libswiftObjectiveC.dylib ... 
2019-12-11 22:49:39 +0000  299600 bytes for ./Payload/SongMe.app/Frameworks/libswiftObjectiveC.dylib
copying file ./Payload/SongMe.app/Frameworks/libswiftos.dylib ... 
2019-12-11 22:49:39 +0000  299936 bytes for ./Payload/SongMe.app/Frameworks/libswiftos.dylib
copying file ./Payload/SongMe.app/Frameworks/libswiftQuartzCore.dylib ... 
2019-12-11 22:49:39 +0000  255104 bytes for ./Payload/SongMe.app/Frameworks/libswiftQuartzCore.dylib
2019-12-11 22:49:39 +0000  copying file ./Payload/SongMe.app/Frameworks/libswiftsimd.dylib ... 
2019-12-11 22:49:39 +0000  1802624 bytes for ./Payload/SongMe.app/Frameworks/libswiftsimd.dylib
copying file ./Payload/SongMe.app/Frameworks/libswiftUIKit.dylib ... 
2019-12-11 22:49:39 +0000  527088 bytes for ./Payload/SongMe.app/Frameworks/libswiftUIKit.dylib
2019-12-11 22:49:39 +0000  copying file ./Payload/SongMe.app/Info.plist ... 
1139 bytes for ./Payload/SongMe.app/Info.plist
copying file ./Payload/SongMe.app/PkgInfo ... 
8 bytes for ./Payload/SongMe.app/PkgInfo
2019-12-11 22:49:39 +0000  copying file ./Payload/SongMe.app/SongMe ... 
2019-12-11 22:49:39 +0000  6337424 bytes for ./Payload/SongMe.app/SongMe
2019-12-11 22:49:39 +0000  /usr/bin/ditto exited with 0
2019-12-11 22:49:39 +0000  Processing step: IDEDistributionAppStoreInformationStep
2019-12-11 22:49:39 +0000  Skipping step: IDEDistributionAppStoreInformationStep because it said so
2019-12-11 22:49:39 +0000  Processing step: IDEDistributionCreateManifestStep
